==========================================
SLURM_CLUSTER_NAME = param-shivay
SLURM_JOB_ACCOUNT = comp_sci_engg
SLURM_JOB_ID = 737984
SLURM_JOB_NAME = 2layerkn
SLURM_JOB_NODELIST = gpu001
SLURM_JOB_USER = tulika.mishra.cse19.iitbhu
SLURM_JOB_UID = 5483
SLURM_JOB_PARTITION = gpu
SLURM_TASK_PID = 133063
SLURM_SUBMIT_DIR = /home/tulika.mishra.cse19.iitbhu/btp/Sequential-GCN-for-Active-Learning
SLURM_CPUS_ON_NODE = 1
SLURM_NTASKS = 
SLURM_TASK_PID = 133063
==========================================
Dataset: cifar10
Method type:CoreGCN
Files already downloaded and verified
Files already downloaded and verified
Files already downloaded and verified
>> Train a Model.
>> Finished.
Trial 1/5 || Cycle 1/10 || Label set size 1000: Test acc 44.02
Getting transformed features...
Calculating distances...
Using flat_X as features.
Maximum distance from cluster centers is 0.48
Max confidence value:  tensor(0.7197, device='cuda:0')
Mean confidence value:  tensor(0.4353, device='cuda:0')
Labeled classified:  0.351
Unlabeled classified:  0.8191
Total classified:  0.7765454545454545
2000 13 49994
>> Train a Model.
>> Finished.
Trial 1/5 || Cycle 2/10 || Label set size 2000: Test acc 57.81
Getting transformed features...
Calculating distances...
Using flat_X as features.
Maximum distance from cluster centers is 0.51
Max confidence value:  tensor(0.8335, device='cuda:0')
Mean confidence value:  tensor(0.4301, device='cuda:0')
Labeled classified:  0.437
Unlabeled classified:  0.7641
Total classified:  0.7095833333333333
3000 13 49994
>> Train a Model.
>> Finished.
Trial 1/5 || Cycle 3/10 || Label set size 3000: Test acc 73.02
Getting transformed features...
Calculating distances...
Using flat_X as features.
Maximum distance from cluster centers is 0.45
Max confidence value:  tensor(0.8718, device='cuda:0')
Mean confidence value:  tensor(0.4266, device='cuda:0')
Labeled classified:  0.5153333333333333
Unlabeled classified:  0.7684
Total classified:  0.71
4000 13 49994
>> Train a Model.
>> Finished.
Trial 1/5 || Cycle 4/10 || Label set size 4000: Test acc 75.15
Getting transformed features...
Calculating distances...
Using flat_X as features.
Maximum distance from cluster centers is 0.43
Max confidence value:  tensor(0.9135, device='cuda:0')
Mean confidence value:  tensor(0.4321, device='cuda:0')
Labeled classified:  0.514
Unlabeled classified:  0.771
Total classified:  0.6975714285714286
5000 13 49994
>> Train a Model.
>> Finished.
Trial 1/5 || Cycle 5/10 || Label set size 5000: Test acc 81.3
Getting transformed features...
Calculating distances...
Using flat_X as features.
Maximum distance from cluster centers is 0.38
Max confidence value:  tensor(0.8238, device='cuda:0')
Mean confidence value:  tensor(0.4459, device='cuda:0')
Labeled classified:  0.443
Unlabeled classified:  0.7465
Total classified:  0.6453333333333333
6000 13 49994
>> Train a Model.
>> Finished.
Trial 1/5 || Cycle 6/10 || Label set size 6000: Test acc 84.84
Getting transformed features...
Calculating distances...
Using flat_X as features.
Maximum distance from cluster centers is 0.36
Max confidence value:  tensor(0.8417, device='cuda:0')
Mean confidence value:  tensor(0.4453, device='cuda:0')
Labeled classified:  0.49533333333333335
Unlabeled classified:  0.7499
Total classified:  0.6544375
7000 13 49996
>> Train a Model.
>> Finished.
Trial 1/5 || Cycle 7/10 || Label set size 7000: Test acc 86.69
Getting transformed features...
Calculating distances...
Using flat_X as features.
Maximum distance from cluster centers is 0.34
Max confidence value:  tensor(0.8168, device='cuda:0')
Mean confidence value:  tensor(0.4499, device='cuda:0')
Labeled classified:  0.4784285714285714
Unlabeled classified:  0.744
Total classified:  0.6346470588235295
8000 13 49996
>> Train a Model.
>> Finished.
Trial 1/5 || Cycle 8/10 || Label set size 8000: Test acc 87.91
Getting transformed features...
Calculating distances...
Using flat_X as features.
Maximum distance from cluster centers is 0.32
Max confidence value:  tensor(0.8706, device='cuda:0')
Mean confidence value:  tensor(0.4527, device='cuda:0')
Labeled classified:  0.486875
Unlabeled classified:  0.7356
Total classified:  0.6250555555555556
9000 13 49997
>> Train a Model.
>> Finished.
Trial 1/5 || Cycle 9/10 || Label set size 9000: Test acc 88.13
Getting transformed features...
Calculating distances...
Using flat_X as features.
Maximum distance from cluster centers is 0.32
Max confidence value:  tensor(0.8367, device='cuda:0')
Mean confidence value:  tensor(0.4560, device='cuda:0')
Labeled classified:  0.48633333333333334
Unlabeled classified:  0.7406
Total classified:  0.6201578947368421
10000 13 49997
>> Train a Model.
>> Finished.
Trial 1/5 || Cycle 10/10 || Label set size 10000: Test acc 89.6
Finished.
Files already downloaded and verified
Files already downloaded and verified
Files already downloaded and verified
>> Train a Model.
>> Finished.
Trial 2/5 || Cycle 1/10 || Label set size 1000: Test acc 49.21
Getting transformed features...
Calculating distances...
Using flat_X as features.
Maximum distance from cluster centers is 0.46
Max confidence value:  tensor(0.7270, device='cuda:0')
Mean confidence value:  tensor(0.4325, device='cuda:0')
Labeled classified:  0.368
Unlabeled classified:  0.8178
Total classified:  0.7769090909090909
2000 13 49988
>> Train a Model.
>> Finished.
Trial 2/5 || Cycle 2/10 || Label set size 2000: Test acc 63.58
Getting transformed features...
Calculating distances...
Using flat_X as features.
Maximum distance from cluster centers is 0.46
Max confidence value:  tensor(0.8421, device='cuda:0')
Mean confidence value:  tensor(0.4201, device='cuda:0')
Labeled classified:  0.531
Unlabeled classified:  0.7634
Total classified:  0.7246666666666667
3000 13 49988
>> Train a Model.
>> Finished.
Trial 2/5 || Cycle 3/10 || Label set size 3000: Test acc 70.35
Getting transformed features...
Calculating distances...
Using flat_X as features.
Maximum distance from cluster centers is 0.44
Max confidence value:  tensor(0.9140, device='cuda:0')
Mean confidence value:  tensor(0.4261, device='cuda:0')
Labeled classified:  0.513
Unlabeled classified:  0.77
Total classified:  0.7106923076923077
4000 6 49996
>> Train a Model.
>> Finished.
Trial 2/5 || Cycle 4/10 || Label set size 4000: Test acc 72.02
Getting transformed features...
Calculating distances...
Using flat_X as features.
Maximum distance from cluster centers is 0.45
Max confidence value:  tensor(0.9022, device='cuda:0')
Mean confidence value:  tensor(0.4353, device='cuda:0')
Labeled classified:  0.496
Unlabeled classified:  0.7767
Total classified:  0.6965
5000 6 49996
>> Train a Model.
>> Finished.
Trial 2/5 || Cycle 5/10 || Label set size 5000: Test acc 82.55
Getting transformed features...
Calculating distances...
Using flat_X as features.
Maximum distance from cluster centers is 0.38
Max confidence value:  tensor(0.8595, device='cuda:0')
Mean confidence value:  tensor(0.4463, device='cuda:0')
Labeled classified:  0.4502
Unlabeled classified:  0.7456
Total classified:  0.6471333333333333
6000 6 49996
>> Train a Model.
>> Finished.
Trial 2/5 || Cycle 6/10 || Label set size 6000: Test acc 83.64
Getting transformed features...
Calculating distances...
Using flat_X as features.
Maximum distance from cluster centers is 0.37
Max confidence value:  tensor(0.8466, device='cuda:0')
Mean confidence value:  tensor(0.4470, device='cuda:0')
Labeled classified:  0.47533333333333333
Unlabeled classified:  0.752
Total classified:  0.64825
7000 6 49996
>> Train a Model.
>> Finished.
Trial 2/5 || Cycle 7/10 || Label set size 7000: Test acc 87.61
Getting transformed features...
Calculating distances...
Using flat_X as features.
Maximum distance from cluster centers is 0.32
Max confidence value:  tensor(0.8423, device='cuda:0')
Mean confidence value:  tensor(0.4495, device='cuda:0')
Labeled classified:  0.5008571428571429
Unlabeled classified:  0.7352
Total classified:  0.6387058823529411
8000 6 49996
>> Train a Model.
>> Finished.
Trial 2/5 || Cycle 8/10 || Label set size 8000: Test acc 88.34
Getting transformed features...
Calculating distances...
Using flat_X as features.
Maximum distance from cluster centers is 0.32
Max confidence value:  tensor(0.8364, device='cuda:0')
Mean confidence value:  tensor(0.4528, device='cuda:0')
Labeled classified:  0.483125
Unlabeled classified:  0.7409
Total classified:  0.6263333333333333
9000 6 49996
>> Train a Model.
>> Finished.
Trial 2/5 || Cycle 9/10 || Label set size 9000: Test acc 89.57
Getting transformed features...
Calculating distances...
Using flat_X as features.
Maximum distance from cluster centers is 0.29
Max confidence value:  tensor(0.8703, device='cuda:0')
Mean confidence value:  tensor(0.4563, device='cuda:0')
Labeled classified:  0.49755555555555553
Unlabeled classified:  0.7275
Total classified:  0.618578947368421
10000 6 49996
>> Train a Model.
>> Finished.
Trial 2/5 || Cycle 10/10 || Label set size 10000: Test acc 89.2
Finished.
Files already downloaded and verified
Files already downloaded and verified
Files already downloaded and verified
>> Train a Model.
>> Finished.
Trial 3/5 || Cycle 1/10 || Label set size 1000: Test acc 46.35
Getting transformed features...
Calculating distances...
Using flat_X as features.
Maximum distance from cluster centers is 0.50
Max confidence value:  tensor(0.7417, device='cuda:0')
Mean confidence value:  tensor(0.4398, device='cuda:0')
Labeled classified:  0.33
Unlabeled classified:  0.8085
Total classified:  0.765
2000 12 49969
>> Train a Model.
>> Finished.
Trial 3/5 || Cycle 2/10 || Label set size 2000: Test acc 60.5
Getting transformed features...
Calculating distances...
Using flat_X as features.
Maximum distance from cluster centers is 0.50
Max confidence value:  tensor(0.8229, device='cuda:0')
Mean confidence value:  tensor(0.4278, device='cuda:0')
Labeled classified:  0.4635
Unlabeled classified:  0.7736
Total classified:  0.7219166666666667
3000 12 49990
>> Train a Model.
>> Finished.
Trial 3/5 || Cycle 3/10 || Label set size 3000: Test acc 71.78
Getting transformed features...
Calculating distances...
Using flat_X as features.
Maximum distance from cluster centers is 0.45
Max confidence value:  tensor(0.8803, device='cuda:0')
Mean confidence value:  tensor(0.4294, device='cuda:0')
Labeled classified:  0.48933333333333334
Unlabeled classified:  0.7841
Total classified:  0.716076923076923
4000 6 49990
>> Train a Model.
>> Finished.
Trial 3/5 || Cycle 4/10 || Label set size 4000: Test acc 76.63
Getting transformed features...
Calculating distances...
Using flat_X as features.
Maximum distance from cluster centers is 0.44
Max confidence value:  tensor(0.9139, device='cuda:0')
Mean confidence value:  tensor(0.4336, device='cuda:0')
Labeled classified:  0.497
Unlabeled classified:  0.7738
Total classified:  0.6947142857142857
5000 6 49990
>> Train a Model.
>> Finished.
Trial 3/5 || Cycle 5/10 || Label set size 5000: Test acc 81.56
Getting transformed features...
Calculating distances...
Using flat_X as features.
Maximum distance from cluster centers is 0.38
Max confidence value:  tensor(0.8219, device='cuda:0')
Mean confidence value:  tensor(0.4450, device='cuda:0')
Labeled classified:  0.452
Unlabeled classified:  0.7561
Total classified:  0.6547333333333333
6000 6 49990
>> Train a Model.
>> Finished.
Trial 3/5 || Cycle 6/10 || Label set size 6000: Test acc 84.22
Getting transformed features...
Calculating distances...
Using flat_X as features.
Maximum distance from cluster centers is 0.36
Max confidence value:  tensor(0.9058, device='cuda:0')
Mean confidence value:  tensor(0.4458, device='cuda:0')
Labeled classified:  0.48733333333333334
Unlabeled classified:  0.7557
Total classified:  0.6550625
7000 0 49990
>> Train a Model.
>> Finished.
Trial 3/5 || Cycle 7/10 || Label set size 7000: Test acc 85.85
Getting transformed features...
Calculating distances...
Using flat_X as features.
Maximum distance from cluster centers is 0.37
Max confidence value:  tensor(0.8932, device='cuda:0')
Mean confidence value:  tensor(0.4497, device='cuda:0')
Labeled classified:  0.48014285714285715
Unlabeled classified:  0.7488
Total classified:  0.6381764705882353
8000 0 49990
>> Train a Model.
>> Finished.
Trial 3/5 || Cycle 8/10 || Label set size 8000: Test acc 88.52
Getting transformed features...
Calculating distances...
Using flat_X as features.
Maximum distance from cluster centers is 0.30
Max confidence value:  tensor(0.8692, device='cuda:0')
Mean confidence value:  tensor(0.4532, device='cuda:0')
Labeled classified:  0.4815
Unlabeled classified:  0.7428
Total classified:  0.6266666666666667
9000 0 49996
>> Train a Model.
>> Finished.
Trial 3/5 || Cycle 9/10 || Label set size 9000: Test acc 89.38
Getting transformed features...
Calculating distances...
Using flat_X as features.
Maximum distance from cluster centers is 0.30
Max confidence value:  tensor(0.8560, device='cuda:0')
Mean confidence value:  tensor(0.4559, device='cuda:0')
Labeled classified:  0.4941111111111111
Unlabeled classified:  0.7352
Total classified:  0.621
10000 0 49996
>> Train a Model.
>> Finished.
Trial 3/5 || Cycle 10/10 || Label set size 10000: Test acc 90.05
Finished.
Files already downloaded and verified
Files already downloaded and verified
Files already downloaded and verified
>> Train a Model.
>> Finished.
Trial 4/5 || Cycle 1/10 || Label set size 1000: Test acc 47.14
Getting transformed features...
Calculating distances...
Using flat_X as features.
Maximum distance from cluster centers is 0.45
Max confidence value:  tensor(0.7642, device='cuda:0')
Mean confidence value:  tensor(0.4295, device='cuda:0')
Labeled classified:  0.424
Unlabeled classified:  0.7859
Total classified:  0.753
2000 5 49951
>> Train a Model.
>> Finished.
Trial 4/5 || Cycle 2/10 || Label set size 2000: Test acc 57.71
Getting transformed features...
Calculating distances...
Using flat_X as features.
Maximum distance from cluster centers is 0.49
Max confidence value:  tensor(0.8146, device='cuda:0')
Mean confidence value:  tensor(0.4201, device='cuda:0')
Labeled classified:  0.489
Unlabeled classified:  0.7834
Total classified:  0.7343333333333333
3000 5 49951
>> Train a Model.
>> Finished.
Trial 4/5 || Cycle 3/10 || Label set size 3000: Test acc 64.13
Getting transformed features...
Calculating distances...
Using flat_X as features.
Maximum distance from cluster centers is 0.49
Max confidence value:  tensor(0.8788, device='cuda:0')
Mean confidence value:  tensor(0.4313, device='cuda:0')
Labeled classified:  0.4696666666666667
Unlabeled classified:  0.7712
Total classified:  0.7016153846153846
4000 5 49994
>> Train a Model.
>> Finished.
Trial 4/5 || Cycle 4/10 || Label set size 4000: Test acc 77.9
Getting transformed features...
Calculating distances...
Using flat_X as features.
Maximum distance from cluster centers is 0.42
Max confidence value:  tensor(0.8399, device='cuda:0')
Mean confidence value:  tensor(0.4389, device='cuda:0')
Labeled classified:  0.4285
Unlabeled classified:  0.7807
Total classified:  0.6800714285714285
5000 5 49994
>> Train a Model.
>> Finished.
Trial 4/5 || Cycle 5/10 || Label set size 5000: Test acc 79.2
Getting transformed features...
Calculating distances...
Using flat_X as features.
Maximum distance from cluster centers is 0.43
Max confidence value:  tensor(0.8506, device='cuda:0')
Mean confidence value:  tensor(0.4461, device='cuda:0')
Labeled classified:  0.4402
Unlabeled classified:  0.7575
Total classified:  0.6517333333333334
6000 5 49994
>> Train a Model.
>> Finished.
Trial 4/5 || Cycle 6/10 || Label set size 6000: Test acc 85.17
Getting transformed features...
Calculating distances...
Using flat_X as features.
Maximum distance from cluster centers is 0.35
Max confidence value:  tensor(0.8380, device='cuda:0')
Mean confidence value:  tensor(0.4466, device='cuda:0')
Labeled classified:  0.454
Unlabeled classified:  0.7511
Total classified:  0.6396875
7000 5 49994
>> Train a Model.
>> Finished.
Trial 4/5 || Cycle 7/10 || Label set size 7000: Test acc 87.03
Getting transformed features...
Calculating distances...
Using flat_X as features.
Maximum distance from cluster centers is 0.33
Max confidence value:  tensor(0.8574, device='cuda:0')
Mean confidence value:  tensor(0.4500, device='cuda:0')
Labeled classified:  0.4868571428571429
Unlabeled classified:  0.7445
Total classified:  0.6384117647058823
8000 5 49994
>> Train a Model.
>> Finished.
Trial 4/5 || Cycle 8/10 || Label set size 8000: Test acc 87.26
Getting transformed features...
Calculating distances...
Using flat_X as features.
Maximum distance from cluster centers is 0.33
Max confidence value:  tensor(0.8680, device='cuda:0')
Mean confidence value:  tensor(0.4526, device='cuda:0')
Labeled classified:  0.46975
Unlabeled classified:  0.7466
Total classified:  0.6235555555555555
9000 5 49994
>> Train a Model.
>> Finished.
Trial 4/5 || Cycle 9/10 || Label set size 9000: Test acc 87.98
Getting transformed features...
Calculating distances...
Using flat_X as features.
Maximum distance from cluster centers is 0.33
Max confidence value:  tensor(0.8859, device='cuda:0')
Mean confidence value:  tensor(0.4553, device='cuda:0')
Labeled classified:  0.49855555555555553
Unlabeled classified:  0.7255
Total classified:  0.618
10000 5 49994
>> Train a Model.
>> Finished.
Trial 4/5 || Cycle 10/10 || Label set size 10000: Test acc 90.04
Finished.
Files already downloaded and verified
Files already downloaded and verified
Files already downloaded and verified
>> Train a Model.
>> Finished.
Trial 5/5 || Cycle 1/10 || Label set size 1000: Test acc 45.64
Getting transformed features...
Calculating distances...
Using flat_X as features.
Maximum distance from cluster centers is 0.47
Max confidence value:  tensor(0.7670, device='cuda:0')
Mean confidence value:  tensor(0.4287, device='cuda:0')
Labeled classified:  0.437
Unlabeled classified:  0.8052
Total classified:  0.7717272727272727
2000 25 49995
>> Train a Model.
>> Finished.
Trial 5/5 || Cycle 2/10 || Label set size 2000: Test acc 57.83
Getting transformed features...
Calculating distances...
Using flat_X as features.
Maximum distance from cluster centers is 0.51
Max confidence value:  tensor(0.8193, device='cuda:0')
Mean confidence value:  tensor(0.4279, device='cuda:0')
Labeled classified:  0.4745
Unlabeled classified:  0.7915
Total classified:  0.7386666666666667
3000 17 49995
>> Train a Model.
>> Finished.
Trial 5/5 || Cycle 3/10 || Label set size 3000: Test acc 65.61
Getting transformed features...
Calculating distances...
Using flat_X as features.
Maximum distance from cluster centers is 0.49
Max confidence value:  tensor(0.8377, device='cuda:0')
Mean confidence value:  tensor(0.4331, device='cuda:0')
Labeled classified:  0.48
Unlabeled classified:  0.7844
Total classified:  0.7141538461538461
4000 17 49995
>> Train a Model.
>> Finished.
Trial 5/5 || Cycle 4/10 || Label set size 4000: Test acc 74.61
Getting transformed features...
Calculating distances...
Using flat_X as features.
Maximum distance from cluster centers is 0.44
Max confidence value:  tensor(0.8562, device='cuda:0')
Mean confidence value:  tensor(0.4366, device='cuda:0')
Labeled classified:  0.47775
Unlabeled classified:  0.7757
Total classified:  0.6905714285714286
5000 17 49995
>> Train a Model.
>> Finished.
Trial 5/5 || Cycle 5/10 || Label set size 5000: Test acc 80.63
Getting transformed features...
Calculating distances...
Using flat_X as features.
Maximum distance from cluster centers is 0.37
Max confidence value:  tensor(0.7837, device='cuda:0')
Mean confidence value:  tensor(0.4455, device='cuda:0')
Labeled classified:  0.4602
Unlabeled classified:  0.7488
Total classified:  0.6526
6000 17 49995
>> Train a Model.
>> Finished.
Trial 5/5 || Cycle 6/10 || Label set size 6000: Test acc 85.87
Getting transformed features...
Calculating distances...
Using flat_X as features.
Maximum distance from cluster centers is 0.35
Max confidence value:  tensor(0.8826, device='cuda:0')
Mean confidence value:  tensor(0.4451, device='cuda:0')
Labeled classified:  0.496
Unlabeled classified:  0.7621
Total classified:  0.6623125
7000 17 49999
>> Train a Model.
>> Finished.
Trial 5/5 || Cycle 7/10 || Label set size 7000: Test acc 86.96
Getting transformed features...
Calculating distances...
Using flat_X as features.
Maximum distance from cluster centers is 0.34
Max confidence value:  tensor(0.8502, device='cuda:0')
Mean confidence value:  tensor(0.4491, device='cuda:0')
Labeled classified:  0.48857142857142855
Unlabeled classified:  0.7447
Total classified:  0.639235294117647
8000 17 49999
>> Train a Model.
>> Finished.
Trial 5/5 || Cycle 8/10 || Label set size 8000: Test acc 88.12
Getting transformed features...
Calculating distances...
Using flat_X as features.
Maximum distance from cluster centers is 0.30
Max confidence value:  tensor(0.9169, device='cuda:0')
Mean confidence value:  tensor(0.4527, device='cuda:0')
Labeled classified:  0.505375
Unlabeled classified:  0.7375
Total classified:  0.6343333333333333
9000 17 49999
>> Train a Model.
>> Finished.
Trial 5/5 || Cycle 9/10 || Label set size 9000: Test acc 87.28
Getting transformed features...
Calculating distances...
Using flat_X as features.
Maximum distance from cluster centers is 0.33
Max confidence value:  tensor(0.8156, device='cuda:0')
Mean confidence value:  tensor(0.4558, device='cuda:0')
Labeled classified:  0.48344444444444445
Unlabeled classified:  0.7291
Total classified:  0.6127368421052631
10000 17 49999
>> Train a Model.
>> Finished.
Trial 5/5 || Cycle 10/10 || Label set size 10000: Test acc 90.01
Finished.
