==========================================
SLURM_CLUSTER_NAME = param-shivay
SLURM_JOB_ACCOUNT = comp_sci_engg
SLURM_JOB_ID = 726627
SLURM_JOB_NAME = 2layer
SLURM_JOB_NODELIST = gpu005
SLURM_JOB_USER = tulika.mishra.cse19.iitbhu
SLURM_JOB_UID = 5483
SLURM_JOB_PARTITION = gpu
SLURM_TASK_PID = 77866
SLURM_SUBMIT_DIR = /home/tulika.mishra.cse19.iitbhu/btp/Sequential-GCN-for-Active-Learning
SLURM_CPUS_ON_NODE = 1
SLURM_NTASKS = 
SLURM_TASK_PID = 77866
==========================================
Dataset: cifar10
Method type:UncertainGCN
Layers :2
Files already downloaded and verified
Files already downloaded and verified
Files already downloaded and verified
>> Train a Model.
>> Finished.
Trial 1/5 || Cycle 1/10 || Label set size 1000: Test acc 48.32
Max confidence value:  tensor(0.9652, device='cuda:0')
Mean confidence value:  tensor(0.2547, device='cuda:0')
Labeled classified:  0.884
Unlabeled classified:  0.8414
Total classified:  0.8452727272727273
2000 30 49984
>> Train a Model.
>> Finished.
Trial 1/5 || Cycle 2/10 || Label set size 2000: Test acc 59.78
Max confidence value:  tensor(0.9322, device='cuda:0')
Mean confidence value:  tensor(0.3176, device='cuda:0')
Labeled classified:  0.8975
Unlabeled classified:  0.7486
Total classified:  0.7734166666666666
3000 30 49996
>> Train a Model.
>> Finished.
Trial 1/5 || Cycle 3/10 || Label set size 3000: Test acc 66.25
Max confidence value:  tensor(0.9532, device='cuda:0')
Mean confidence value:  tensor(0.3715, device='cuda:0')
Labeled classified:  0.8946666666666667
Unlabeled classified:  0.7048
Total classified:  0.7486153846153846
4000 30 49996
>> Train a Model.
>> Finished.
Trial 1/5 || Cycle 4/10 || Label set size 4000: Test acc 71.9
Max confidence value:  tensor(0.9082, device='cuda:0')
Mean confidence value:  tensor(0.4051, device='cuda:0')
Labeled classified:  0.8455
Unlabeled classified:  0.6668
Total classified:  0.7178571428571429
5000 13 49996
>> Train a Model.
>> Finished.
Trial 1/5 || Cycle 5/10 || Label set size 5000: Test acc 80.25
Max confidence value:  tensor(0.7318, device='cuda:0')
Mean confidence value:  tensor(0.3787, device='cuda:0')
Labeled classified:  0.5118
Unlabeled classified:  0.773
Total classified:  0.6859333333333333
6000 13 49996
>> Train a Model.
>> Finished.
Trial 1/5 || Cycle 6/10 || Label set size 6000: Test acc 83.9
Max confidence value:  tensor(0.8208, device='cuda:0')
Mean confidence value:  tensor(0.4730, device='cuda:0')
Labeled classified:  0.797
Unlabeled classified:  0.612
Total classified:  0.681375
7000 13 49996
>> Train a Model.
>> Finished.
Trial 1/5 || Cycle 7/10 || Label set size 7000: Test acc 84.77
Max confidence value:  tensor(0.7836, device='cuda:0')
Mean confidence value:  tensor(0.4725, device='cuda:0')
Labeled classified:  0.7584285714285715
Unlabeled classified:  0.6412
Total classified:  0.6894705882352942
8000 13 49996
>> Train a Model.
>> Finished.
Trial 1/5 || Cycle 8/10 || Label set size 8000: Test acc 87.42
Max confidence value:  tensor(0.8349, device='cuda:0')
Mean confidence value:  tensor(0.5230, device='cuda:0')
Labeled classified:  0.821875
Unlabeled classified:  0.5465
Total classified:  0.6688888888888889
9000 13 49996
>> Train a Model.
>> Finished.
Trial 1/5 || Cycle 9/10 || Label set size 9000: Test acc 88.75
Max confidence value:  tensor(0.8293, device='cuda:0')
Mean confidence value:  tensor(0.4773, device='cuda:0')
Labeled classified:  0.658
Unlabeled classified:  0.7227
Total classified:  0.6920526315789474
10000 13 49996
>> Train a Model.
>> Finished.
Trial 1/5 || Cycle 10/10 || Label set size 10000: Test acc 89.84
Finished.
Files already downloaded and verified
Files already downloaded and verified
Files already downloaded and verified
>> Train a Model.
>> Finished.
Trial 2/5 || Cycle 1/10 || Label set size 1000: Test acc 43.85
Max confidence value:  tensor(0.9616, device='cuda:0')
Mean confidence value:  tensor(0.2439, device='cuda:0')
Labeled classified:  0.879
Unlabeled classified:  0.865
Total classified:  0.8662727272727273
2000 1 49994
>> Train a Model.
>> Finished.
Trial 2/5 || Cycle 2/10 || Label set size 2000: Test acc 60.01
Max confidence value:  tensor(0.9479, device='cuda:0')
Mean confidence value:  tensor(0.2987, device='cuda:0')
Labeled classified:  0.854
Unlabeled classified:  0.7842
Total classified:  0.7958333333333333
3000 1 49994
>> Train a Model.
>> Finished.
Trial 2/5 || Cycle 3/10 || Label set size 3000: Test acc 68.85
Max confidence value:  tensor(0.9338, device='cuda:0')
Mean confidence value:  tensor(0.3800, device='cuda:0')
Labeled classified:  0.898
Unlabeled classified:  0.6725
Total classified:  0.7245384615384616
4000 1 49994
>> Train a Model.
>> Finished.
Trial 2/5 || Cycle 4/10 || Label set size 4000: Test acc 77.18
Max confidence value:  tensor(0.8209, device='cuda:0')
Mean confidence value:  tensor(0.3980, device='cuda:0')
Labeled classified:  0.7945
Unlabeled classified:  0.6286
Total classified:  0.676
5000 1 49994
>> Train a Model.
>> Finished.
Trial 2/5 || Cycle 5/10 || Label set size 5000: Test acc 78.76
Max confidence value:  tensor(0.7712, device='cuda:0')
Mean confidence value:  tensor(0.4584, device='cuda:0')
Labeled classified:  0.8072
Unlabeled classified:  0.5827
Total classified:  0.6575333333333333
6000 1 49996
>> Train a Model.
>> Finished.
Trial 2/5 || Cycle 6/10 || Label set size 6000: Test acc 84.17
Max confidence value:  tensor(0.8022, device='cuda:0')
Mean confidence value:  tensor(0.4963, device='cuda:0')
Labeled classified:  0.8458333333333333
Unlabeled classified:  0.5638
Total classified:  0.6695625
7000 1 49996
>> Train a Model.
>> Finished.
Trial 2/5 || Cycle 7/10 || Label set size 7000: Test acc 86.29
Max confidence value:  tensor(0.8129, device='cuda:0')
Mean confidence value:  tensor(0.4777, device='cuda:0')
Labeled classified:  0.7294285714285714
Unlabeled classified:  0.6518
Total classified:  0.6837647058823529
8000 1 49996
>> Train a Model.
>> Finished.
Trial 2/5 || Cycle 8/10 || Label set size 8000: Test acc 87.35
Max confidence value:  tensor(0.8082, device='cuda:0')
Mean confidence value:  tensor(0.4516, device='cuda:0')
Labeled classified:  0.625
Unlabeled classified:  0.7456
Total classified:  0.692
9000 1 49996
>> Train a Model.
>> Finished.
Trial 2/5 || Cycle 9/10 || Label set size 9000: Test acc 89.39
Max confidence value:  tensor(0.8359, device='cuda:0')
Mean confidence value:  tensor(0.5175, device='cuda:0')
Labeled classified:  0.7584444444444445
Unlabeled classified:  0.6311
Total classified:  0.6914210526315789
10000 1 49996
>> Train a Model.
>> Finished.
Trial 2/5 || Cycle 10/10 || Label set size 10000: Test acc 89.05
Finished.
Files already downloaded and verified
Files already downloaded and verified
Files already downloaded and verified
>> Train a Model.
>> Finished.
Trial 3/5 || Cycle 1/10 || Label set size 1000: Test acc 43.89
Max confidence value:  tensor(0.9728, device='cuda:0')
Mean confidence value:  tensor(0.2154, device='cuda:0')
Labeled classified:  0.919
Unlabeled classified:  0.8895
Total classified:  0.8921818181818182
2000 19 49974
>> Train a Model.
>> Finished.
Trial 3/5 || Cycle 2/10 || Label set size 2000: Test acc 58.83
Max confidence value:  tensor(0.9256, device='cuda:0')
Mean confidence value:  tensor(0.2727, device='cuda:0')
Labeled classified:  0.81
Unlabeled classified:  0.8075
Total classified:  0.8079166666666666
3000 19 49980
>> Train a Model.
>> Finished.
Trial 3/5 || Cycle 3/10 || Label set size 3000: Test acc 69.33
Max confidence value:  tensor(0.8981, device='cuda:0')
Mean confidence value:  tensor(0.3800, device='cuda:0')
Labeled classified:  0.8766666666666667
Unlabeled classified:  0.6616
Total classified:  0.7112307692307692
4000 19 49980
>> Train a Model.
>> Finished.
Trial 3/5 || Cycle 4/10 || Label set size 4000: Test acc 71.78
Max confidence value:  tensor(0.8433, device='cuda:0')
Mean confidence value:  tensor(0.3602, device='cuda:0')
Labeled classified:  0.71125
Unlabeled classified:  0.7486
Total classified:  0.7379285714285714
5000 19 49999
>> Train a Model.
>> Finished.
Trial 3/5 || Cycle 5/10 || Label set size 5000: Test acc 81.11
Max confidence value:  tensor(0.6942, device='cuda:0')
Mean confidence value:  tensor(0.4194, device='cuda:0')
Labeled classified:  0.5752
Unlabeled classified:  0.6916
Total classified:  0.6528
6000 17 49999
>> Train a Model.
>> Finished.
Trial 3/5 || Cycle 6/10 || Label set size 6000: Test acc 83.67
Max confidence value:  tensor(0.7499, device='cuda:0')
Mean confidence value:  tensor(0.4816, device='cuda:0')
Labeled classified:  0.8135
Unlabeled classified:  0.5741
Total classified:  0.663875
7000 17 49999
>> Train a Model.
>> Finished.
Trial 3/5 || Cycle 7/10 || Label set size 7000: Test acc 84.92
Max confidence value:  tensor(0.8275, device='cuda:0')
Mean confidence value:  tensor(0.4918, device='cuda:0')
Labeled classified:  0.785
Unlabeled classified:  0.6078
Total classified:  0.6807647058823529
8000 17 49999
>> Train a Model.
>> Finished.
Trial 3/5 || Cycle 8/10 || Label set size 8000: Test acc 87.23
Max confidence value:  tensor(0.8493, device='cuda:0')
Mean confidence value:  tensor(0.5014, device='cuda:0')
Labeled classified:  0.72675
Unlabeled classified:  0.6519
Total classified:  0.6851666666666667
9000 17 49999
>> Train a Model.
>> Finished.
Trial 3/5 || Cycle 9/10 || Label set size 9000: Test acc 88.4
Max confidence value:  tensor(0.8330, device='cuda:0')
Mean confidence value:  tensor(0.4801, device='cuda:0')
Labeled classified:  0.6298888888888889
Unlabeled classified:  0.7308
Total classified:  0.683
10000 17 49999
>> Train a Model.
>> Finished.
Trial 3/5 || Cycle 10/10 || Label set size 10000: Test acc 88.94
Finished.
Files already downloaded and verified
Files already downloaded and verified
Files already downloaded and verified
>> Train a Model.
>> Finished.
Trial 4/5 || Cycle 1/10 || Label set size 1000: Test acc 48.24
Max confidence value:  tensor(0.9697, device='cuda:0')
Mean confidence value:  tensor(0.3191, device='cuda:0')
Labeled classified:  0.974
Unlabeled classified:  0.7832
Total classified:  0.8005454545454546
2000 27 49993
>> Train a Model.
>> Finished.
Trial 4/5 || Cycle 2/10 || Label set size 2000: Test acc 59.39
Max confidence value:  tensor(0.9293, device='cuda:0')
Mean confidence value:  tensor(0.3200, device='cuda:0')
Labeled classified:  0.897
Unlabeled classified:  0.7761
Total classified:  0.79625
3000 27 49993
>> Train a Model.
>> Finished.
Trial 4/5 || Cycle 3/10 || Label set size 3000: Test acc 69.81
Max confidence value:  tensor(0.9172, device='cuda:0')
Mean confidence value:  tensor(0.3844, device='cuda:0')
Labeled classified:  0.8883333333333333
Unlabeled classified:  0.6519
Total classified:  0.7064615384615385
4000 27 49993
>> Train a Model.
>> Finished.
Trial 4/5 || Cycle 4/10 || Label set size 4000: Test acc 74.28
Max confidence value:  tensor(0.8456, device='cuda:0')
Mean confidence value:  tensor(0.4553, device='cuda:0')
Labeled classified:  0.897
Unlabeled classified:  0.5806
Total classified:  0.671
5000 25 49995
>> Train a Model.
>> Finished.
Trial 4/5 || Cycle 5/10 || Label set size 5000: Test acc 80.15
Max confidence value:  tensor(0.7467, device='cuda:0')
Mean confidence value:  tensor(0.4363, device='cuda:0')
Labeled classified:  0.6526
Unlabeled classified:  0.7051
Total classified:  0.6876
6000 19 49995
>> Train a Model.
>> Finished.
Trial 4/5 || Cycle 6/10 || Label set size 6000: Test acc 81.9
Max confidence value:  tensor(0.8046, device='cuda:0')
Mean confidence value:  tensor(0.4783, device='cuda:0')
Labeled classified:  0.7895
Unlabeled classified:  0.6421
Total classified:  0.697375
7000 19 49999
>> Train a Model.
>> Finished.
Trial 4/5 || Cycle 7/10 || Label set size 7000: Test acc 83.65
Max confidence value:  tensor(0.8517, device='cuda:0')
Mean confidence value:  tensor(0.4994, device='cuda:0')
Labeled classified:  0.7194285714285714
Unlabeled classified:  0.6914
Total classified:  0.7029411764705882
8000 13 49999
>> Train a Model.
>> Finished.
Trial 4/5 || Cycle 8/10 || Label set size 8000: Test acc 86.9
Max confidence value:  tensor(0.8719, device='cuda:0')
Mean confidence value:  tensor(0.4769, device='cuda:0')
Labeled classified:  0.6525
Unlabeled classified:  0.7529
Total classified:  0.7082777777777778
9000 13 49999
>> Train a Model.
>> Finished.
Trial 4/5 || Cycle 9/10 || Label set size 9000: Test acc 88.8
Max confidence value:  tensor(0.8586, device='cuda:0')
Mean confidence value:  tensor(0.4661, device='cuda:0')
Labeled classified:  0.5883333333333334
Unlabeled classified:  0.7774
Total classified:  0.6878421052631579
10000 13 49999
>> Train a Model.
>> Finished.
Trial 4/5 || Cycle 10/10 || Label set size 10000: Test acc 90.22
Finished.
Files already downloaded and verified
Files already downloaded and verified
Files already downloaded and verified
>> Train a Model.
>> Finished.
Trial 5/5 || Cycle 1/10 || Label set size 1000: Test acc 46.81
Max confidence value:  tensor(0.9686, device='cuda:0')
Mean confidence value:  tensor(0.2492, device='cuda:0')
Labeled classified:  0.927
Unlabeled classified:  0.8425
Total classified:  0.8501818181818181
2000 0 49979
>> Train a Model.
>> Finished.
Trial 5/5 || Cycle 2/10 || Label set size 2000: Test acc 60.26
Max confidence value:  tensor(0.9270, device='cuda:0')
Mean confidence value:  tensor(0.3060, device='cuda:0')
Labeled classified:  0.8665
Unlabeled classified:  0.7666
Total classified:  0.78325
3000 0 49986
>> Train a Model.
>> Finished.
Trial 5/5 || Cycle 3/10 || Label set size 3000: Test acc 69.47
Max confidence value:  tensor(0.8757, device='cuda:0')
Mean confidence value:  tensor(0.4145, device='cuda:0')
Labeled classified:  0.9376666666666666
Unlabeled classified:  0.6061
Total classified:  0.6826153846153846
4000 0 49995
>> Train a Model.
>> Finished.
Trial 5/5 || Cycle 4/10 || Label set size 4000: Test acc 77.26
Max confidence value:  tensor(0.7951, device='cuda:0')
Mean confidence value:  tensor(0.3982, device='cuda:0')
Labeled classified:  0.8135
Unlabeled classified:  0.6325
Total classified:  0.6842142857142857
5000 0 49997
>> Train a Model.
>> Finished.
Trial 5/5 || Cycle 5/10 || Label set size 5000: Test acc 80.71
Max confidence value:  tensor(0.7430, device='cuda:0')
Mean confidence value:  tensor(0.4925, device='cuda:0')
Labeled classified:  0.8576
Unlabeled classified:  0.495
Total classified:  0.6158666666666667
6000 0 49997
>> Train a Model.
>> Finished.
Trial 5/5 || Cycle 6/10 || Label set size 6000: Test acc 83.51
Max confidence value:  tensor(0.8191, device='cuda:0')
Mean confidence value:  tensor(0.4614, device='cuda:0')
Labeled classified:  0.7638333333333334
Unlabeled classified:  0.6524
Total classified:  0.6941875
7000 0 49997
>> Train a Model.
>> Finished.
Trial 5/5 || Cycle 7/10 || Label set size 7000: Test acc 86.2
Max confidence value:  tensor(0.7659, device='cuda:0')
Mean confidence value:  tensor(0.4819, device='cuda:0')
Labeled classified:  0.7682857142857142
Unlabeled classified:  0.609
Total classified:  0.6745882352941176
8000 0 49997
>> Train a Model.
>> Finished.
Trial 5/5 || Cycle 8/10 || Label set size 8000: Test acc 88.4
Max confidence value:  tensor(0.7244, device='cuda:0')
Mean confidence value:  tensor(0.4566, device='cuda:0')
Labeled classified:  0.627625
Unlabeled classified:  0.7039
Total classified:  0.67
9000 0 49997
>> Train a Model.
>> Finished.
Trial 5/5 || Cycle 9/10 || Label set size 9000: Test acc 88.85
Max confidence value:  tensor(0.8779, device='cuda:0')
Mean confidence value:  tensor(0.4418, device='cuda:0')
Labeled classified:  0.52
Unlabeled classified:  0.8241
Total classified:  0.6800526315789474
10000 0 49997
>> Train a Model.
>> Finished.
Trial 5/5 || Cycle 10/10 || Label set size 10000: Test acc 89.66
Finished.
