==========================================
SLURM_CLUSTER_NAME = param-shivay
SLURM_JOB_ACCOUNT = comp_sci_engg
SLURM_JOB_ID = 726677
SLURM_JOB_NAME = 2layer
SLURM_JOB_NODELIST = gpu005
SLURM_JOB_USER = tulika.mishra.cse19.iitbhu
SLURM_JOB_UID = 5483
SLURM_JOB_PARTITION = gpu
SLURM_TASK_PID = 82614
SLURM_SUBMIT_DIR = /home/tulika.mishra.cse19.iitbhu/btp/Sequential-GCN-for-Active-Learning
SLURM_CPUS_ON_NODE = 1
SLURM_NTASKS = 
SLURM_TASK_PID = 82614
==========================================
Dataset: cifar10
Method type:CoreGCN
Layers :2
Files already downloaded and verified
Files already downloaded and verified
Files already downloaded and verified
>> Train a Model.
>> Finished.
Trial 1/5 || Cycle 1/10 || Label set size 1000: Test acc 42.87
Getting transformed features...
Calculating distances...
Using flat_X as features.
Maximum distance from cluster centers is 0.11
Max confidence value:  tensor(0.9767, device='cuda:0')
Mean confidence value:  tensor(0.2198, device='cuda:0')
Labeled classified:  0.891
Unlabeled classified:  0.8863
Total classified:  0.8867272727272727
2000 24 49982
>> Train a Model.
>> Finished.
Trial 1/5 || Cycle 2/10 || Label set size 2000: Test acc 56.88
Getting transformed features...
Calculating distances...
Using flat_X as features.
Maximum distance from cluster centers is 0.11
Max confidence value:  tensor(0.9636, device='cuda:0')
Mean confidence value:  tensor(0.2418, device='cuda:0')
Labeled classified:  0.7835
Unlabeled classified:  0.8783
Total classified:  0.8625
3000 24 49989
>> Train a Model.
>> Finished.
Trial 1/5 || Cycle 3/10 || Label set size 3000: Test acc 72.25
Getting transformed features...
Calculating distances...
Using flat_X as features.
Maximum distance from cluster centers is 0.12
Max confidence value:  tensor(0.8835, device='cuda:0')
Mean confidence value:  tensor(0.4241, device='cuda:0')
Labeled classified:  0.9236666666666666
Unlabeled classified:  0.618
Total classified:  0.6885384615384615
4000 24 49989
>> Train a Model.
>> Finished.
Trial 1/5 || Cycle 4/10 || Label set size 4000: Test acc 74.08
Getting transformed features...
Calculating distances...
Using flat_X as features.
Maximum distance from cluster centers is 0.13
Max confidence value:  tensor(0.9173, device='cuda:0')
Mean confidence value:  tensor(0.4316, device='cuda:0')
Labeled classified:  0.86225
Unlabeled classified:  0.6774
Total classified:  0.7302142857142857
5000 24 49989
>> Train a Model.
>> Finished.
Trial 1/5 || Cycle 5/10 || Label set size 5000: Test acc 81.28
Getting transformed features...
Calculating distances...
Using flat_X as features.
Maximum distance from cluster centers is 0.10
Max confidence value:  tensor(0.7630, device='cuda:0')
Mean confidence value:  tensor(0.4526, device='cuda:0')
Labeled classified:  0.6928
Unlabeled classified:  0.6802
Total classified:  0.6844
6000 19 49989
>> Train a Model.
>> Finished.
Trial 1/5 || Cycle 6/10 || Label set size 6000: Test acc 85.6
Getting transformed features...
Calculating distances...
Using flat_X as features.
Maximum distance from cluster centers is 0.13
Max confidence value:  tensor(0.8308, device='cuda:0')
Mean confidence value:  tensor(0.4823, device='cuda:0')
Labeled classified:  0.8065
Unlabeled classified:  0.5969
Total classified:  0.6755
7000 19 49989
>> Train a Model.
>> Finished.
Trial 1/5 || Cycle 7/10 || Label set size 7000: Test acc 85.95
Getting transformed features...
Calculating distances...
Using flat_X as features.
Maximum distance from cluster centers is 0.12
Max confidence value:  tensor(0.8155, device='cuda:0')
Mean confidence value:  tensor(0.4719, device='cuda:0')
Labeled classified:  0.7445714285714286
Unlabeled classified:  0.65
Total classified:  0.6889411764705883
8000 11 49999
>> Train a Model.
>> Finished.
Trial 1/5 || Cycle 8/10 || Label set size 8000: Test acc 88.19
Getting transformed features...
Calculating distances...
Using flat_X as features.
Maximum distance from cluster centers is 0.10
Max confidence value:  tensor(0.8367, device='cuda:0')
Mean confidence value:  tensor(0.4754, device='cuda:0')
Labeled classified:  0.703
Unlabeled classified:  0.6927
Total classified:  0.6972777777777778
9000 11 49999
>> Train a Model.
>> Finished.
Trial 1/5 || Cycle 9/10 || Label set size 9000: Test acc 88.88
Getting transformed features...
Calculating distances...
Using flat_X as features.
Maximum distance from cluster centers is 0.07
Max confidence value:  tensor(0.8352, device='cuda:0')
Mean confidence value:  tensor(0.4230, device='cuda:0')
Labeled classified:  0.5194444444444445
Unlabeled classified:  0.8281
Total classified:  0.6818947368421052
10000 11 49999
>> Train a Model.
>> Finished.
Trial 1/5 || Cycle 10/10 || Label set size 10000: Test acc 89.12
Finished.
Files already downloaded and verified
Files already downloaded and verified
Files already downloaded and verified
>> Train a Model.
>> Finished.
Trial 2/5 || Cycle 1/10 || Label set size 1000: Test acc 43.4
Getting transformed features...
Calculating distances...
Using flat_X as features.
Maximum distance from cluster centers is 0.10
Max confidence value:  tensor(0.9658, device='cuda:0')
Mean confidence value:  tensor(0.1910, device='cuda:0')
Labeled classified:  0.779
Unlabeled classified:  0.9044
Total classified:  0.893
2000 13 49994
>> Train a Model.
>> Finished.
Trial 2/5 || Cycle 2/10 || Label set size 2000: Test acc 56.59
Getting transformed features...
Calculating distances...
Using flat_X as features.
Maximum distance from cluster centers is 0.12
Max confidence value:  tensor(0.9538, device='cuda:0')
Mean confidence value:  tensor(0.3128, device='cuda:0')
Labeled classified:  0.8975
Unlabeled classified:  0.786
Total classified:  0.8045833333333333
3000 13 49994
>> Train a Model.
>> Finished.
Trial 2/5 || Cycle 3/10 || Label set size 3000: Test acc 67.02
Getting transformed features...
Calculating distances...
Using flat_X as features.
Maximum distance from cluster centers is 0.11
Max confidence value:  tensor(0.9190, device='cuda:0')
Mean confidence value:  tensor(0.3696, device='cuda:0')
Labeled classified:  0.878
Unlabeled classified:  0.7227
Total classified:  0.7585384615384615
4000 13 49994
>> Train a Model.
>> Finished.
Trial 2/5 || Cycle 4/10 || Label set size 4000: Test acc 74.02
Getting transformed features...
Calculating distances...
Using flat_X as features.
Maximum distance from cluster centers is 0.11
Max confidence value:  tensor(0.8896, device='cuda:0')
Mean confidence value:  tensor(0.4208, device='cuda:0')
Labeled classified:  0.8465
Unlabeled classified:  0.6826
Total classified:  0.7294285714285714
5000 13 49994
>> Train a Model.
>> Finished.
Trial 2/5 || Cycle 5/10 || Label set size 5000: Test acc 80.78
Getting transformed features...
Calculating distances...
Using flat_X as features.
Maximum distance from cluster centers is 0.11
Max confidence value:  tensor(0.7972, device='cuda:0')
Mean confidence value:  tensor(0.4447, device='cuda:0')
Labeled classified:  0.7056
Unlabeled classified:  0.663
Total classified:  0.6772
6000 13 49994
>> Train a Model.
>> Finished.
Trial 2/5 || Cycle 6/10 || Label set size 6000: Test acc 82.94
Getting transformed features...
Calculating distances...
Using flat_X as features.
Maximum distance from cluster centers is 0.12
Max confidence value:  tensor(0.8711, device='cuda:0')
Mean confidence value:  tensor(0.4827, device='cuda:0')
Labeled classified:  0.803
Unlabeled classified:  0.6152
Total classified:  0.685625
7000 13 49998
>> Train a Model.
>> Finished.
Trial 2/5 || Cycle 7/10 || Label set size 7000: Test acc 85.66
Getting transformed features...
Calculating distances...
Using flat_X as features.
Maximum distance from cluster centers is 0.11
Max confidence value:  tensor(0.8503, device='cuda:0')
Mean confidence value:  tensor(0.4475, device='cuda:0')
Labeled classified:  0.6615714285714286
Unlabeled classified:  0.7074
Total classified:  0.6885294117647058
8000 13 49998
>> Train a Model.
>> Finished.
Trial 2/5 || Cycle 8/10 || Label set size 8000: Test acc 87.92
Getting transformed features...
Calculating distances...
Using flat_X as features.
Maximum distance from cluster centers is 0.10
Max confidence value:  tensor(0.8401, device='cuda:0')
Mean confidence value:  tensor(0.4612, device='cuda:0')
Labeled classified:  0.663875
Unlabeled classified:  0.7039
Total classified:  0.6861111111111111
9000 0 49998
>> Train a Model.
>> Finished.
Trial 2/5 || Cycle 9/10 || Label set size 9000: Test acc 89.38
Getting transformed features...
Calculating distances...
Using flat_X as features.
Maximum distance from cluster centers is 0.09
Max confidence value:  tensor(0.8193, device='cuda:0')
Mean confidence value:  tensor(0.5356, device='cuda:0')
Labeled classified:  0.8164444444444444
Unlabeled classified:  0.5355
Total classified:  0.668578947368421
10000 0 49998
>> Train a Model.
>> Finished.
Trial 2/5 || Cycle 10/10 || Label set size 10000: Test acc 89.62
Finished.
Files already downloaded and verified
Files already downloaded and verified
Files already downloaded and verified
>> Train a Model.
>> Finished.
Trial 3/5 || Cycle 1/10 || Label set size 1000: Test acc 46.17
Getting transformed features...
Calculating distances...
Using flat_X as features.
Maximum distance from cluster centers is 0.11
Max confidence value:  tensor(0.9630, device='cuda:0')
Mean confidence value:  tensor(0.2961, device='cuda:0')
Labeled classified:  0.973
Unlabeled classified:  0.8099
Total classified:  0.8247272727272728
2000 41 49995
>> Train a Model.
>> Finished.
Trial 3/5 || Cycle 2/10 || Label set size 2000: Test acc 61.66
Getting transformed features...
Calculating distances...
Using flat_X as features.
Maximum distance from cluster centers is 0.13
Max confidence value:  tensor(0.9531, device='cuda:0')
Mean confidence value:  tensor(0.3027, device='cuda:0')
Labeled classified:  0.845
Unlabeled classified:  0.7891
Total classified:  0.7984166666666667
3000 13 49995
>> Train a Model.
>> Finished.
Trial 3/5 || Cycle 3/10 || Label set size 3000: Test acc 65.81
Getting transformed features...
Calculating distances...
Using flat_X as features.
Maximum distance from cluster centers is 0.11
Max confidence value:  tensor(0.9442, device='cuda:0')
Mean confidence value:  tensor(0.3745, device='cuda:0')
Labeled classified:  0.9103333333333333
Unlabeled classified:  0.7329
Total classified:  0.7738461538461539
4000 9 49995
>> Train a Model.
>> Finished.
Trial 3/5 || Cycle 4/10 || Label set size 4000: Test acc 75.09
Getting transformed features...
Calculating distances...
Using flat_X as features.
Maximum distance from cluster centers is 0.12
Max confidence value:  tensor(0.9193, device='cuda:0')
Mean confidence value:  tensor(0.4040, device='cuda:0')
Labeled classified:  0.77575
Unlabeled classified:  0.7298
Total classified:  0.7429285714285714
5000 6 49995
>> Train a Model.
>> Finished.
Trial 3/5 || Cycle 5/10 || Label set size 5000: Test acc 79.89
Getting transformed features...
Calculating distances...
Using flat_X as features.
Maximum distance from cluster centers is 0.10
Max confidence value:  tensor(0.8489, device='cuda:0')
Mean confidence value:  tensor(0.4554, device='cuda:0')
Labeled classified:  0.7228
Unlabeled classified:  0.6925
Total classified:  0.7026
6000 6 49995
>> Train a Model.
>> Finished.
Trial 3/5 || Cycle 6/10 || Label set size 6000: Test acc 82.61
Getting transformed features...
Calculating distances...
Using flat_X as features.
Maximum distance from cluster centers is 0.10
Max confidence value:  tensor(0.8526, device='cuda:0')
Mean confidence value:  tensor(0.4493, device='cuda:0')
Labeled classified:  0.719
Unlabeled classified:  0.7296
Total classified:  0.725625
7000 6 49996
>> Train a Model.
>> Finished.
Trial 3/5 || Cycle 7/10 || Label set size 7000: Test acc 85.37
Getting transformed features...
Calculating distances...
Using flat_X as features.
Maximum distance from cluster centers is 0.10
Max confidence value:  tensor(0.9128, device='cuda:0')
Mean confidence value:  tensor(0.4587, device='cuda:0')
Labeled classified:  0.7182857142857143
Unlabeled classified:  0.7206
Total classified:  0.7196470588235294
8000 6 49996
>> Train a Model.
>> Finished.
Trial 3/5 || Cycle 8/10 || Label set size 8000: Test acc 87.92
Getting transformed features...
Calculating distances...
Using flat_X as features.
Maximum distance from cluster centers is 0.11
Max confidence value:  tensor(0.8398, device='cuda:0')
Mean confidence value:  tensor(0.4958, device='cuda:0')
Labeled classified:  0.7765
Unlabeled classified:  0.6242
Total classified:  0.6918888888888889
9000 6 49996
>> Train a Model.
>> Finished.
Trial 3/5 || Cycle 9/10 || Label set size 9000: Test acc 89.03
Getting transformed features...
Calculating distances...
Using flat_X as features.
Maximum distance from cluster centers is 0.08
Max confidence value:  tensor(0.8606, device='cuda:0')
Mean confidence value:  tensor(0.4819, device='cuda:0')
Labeled classified:  0.6986666666666667
Unlabeled classified:  0.6938
Total classified:  0.6961052631578948
10000 6 49996
>> Train a Model.
>> Finished.
Trial 3/5 || Cycle 10/10 || Label set size 10000: Test acc 90.26
Finished.
Files already downloaded and verified
Files already downloaded and verified
Files already downloaded and verified
>> Train a Model.
>> Finished.
Trial 4/5 || Cycle 1/10 || Label set size 1000: Test acc 45.97
Getting transformed features...
Calculating distances...
Using flat_X as features.
Maximum distance from cluster centers is 0.11
Max confidence value:  tensor(0.9461, device='cuda:0')
Mean confidence value:  tensor(0.2358, device='cuda:0')
Labeled classified:  0.867
Unlabeled classified:  0.8579
Total classified:  0.8587272727272727
2000 14 49990
>> Train a Model.
>> Finished.
Trial 4/5 || Cycle 2/10 || Label set size 2000: Test acc 62.13
Getting transformed features...
Calculating distances...
Using flat_X as features.
Maximum distance from cluster centers is 0.12
Max confidence value:  tensor(0.9221, device='cuda:0')
Mean confidence value:  tensor(0.3438, device='cuda:0')
Labeled classified:  0.9065
Unlabeled classified:  0.7189
Total classified:  0.7501666666666666
3000 14 49990
>> Train a Model.
>> Finished.
Trial 4/5 || Cycle 3/10 || Label set size 3000: Test acc 68.5
Getting transformed features...
Calculating distances...
Using flat_X as features.
Maximum distance from cluster centers is 0.12
Max confidence value:  tensor(0.8945, device='cuda:0')
Mean confidence value:  tensor(0.3686, device='cuda:0')
Labeled classified:  0.8633333333333333
Unlabeled classified:  0.6997
Total classified:  0.7374615384615385
4000 14 49990
>> Train a Model.
>> Finished.
Trial 4/5 || Cycle 4/10 || Label set size 4000: Test acc 65.64
Getting transformed features...
Calculating distances...
Using flat_X as features.
Maximum distance from cluster centers is 0.11
Max confidence value:  tensor(0.9638, device='cuda:0')
Mean confidence value:  tensor(0.3734, device='cuda:0')
Labeled classified:  0.791
Unlabeled classified:  0.7867
Total classified:  0.7879285714285714
5000 14 49999
>> Train a Model.
>> Finished.
Trial 4/5 || Cycle 5/10 || Label set size 5000: Test acc 80.09
Getting transformed features...
Calculating distances...
Using flat_X as features.
Maximum distance from cluster centers is 0.11
Max confidence value:  tensor(0.7611, device='cuda:0')
Mean confidence value:  tensor(0.4347, device='cuda:0')
Labeled classified:  0.6442
Unlabeled classified:  0.7203
Total classified:  0.6949333333333333
6000 2 49999
>> Train a Model.
>> Finished.
Trial 4/5 || Cycle 6/10 || Label set size 6000: Test acc 81.89
Getting transformed features...
Calculating distances...
Using flat_X as features.
Maximum distance from cluster centers is 0.11
Max confidence value:  tensor(0.8342, device='cuda:0')
Mean confidence value:  tensor(0.4433, device='cuda:0')
Labeled classified:  0.752
Unlabeled classified:  0.7031
Total classified:  0.7214375
7000 2 49999
>> Train a Model.
>> Finished.
Trial 4/5 || Cycle 7/10 || Label set size 7000: Test acc 84.62
Getting transformed features...
Calculating distances...
Using flat_X as features.
Maximum distance from cluster centers is 0.11
Max confidence value:  tensor(0.7917, device='cuda:0')
Mean confidence value:  tensor(0.4522, device='cuda:0')
Labeled classified:  0.7218571428571429
Unlabeled classified:  0.6762
Total classified:  0.695
8000 0 49999
>> Train a Model.
>> Finished.
Trial 4/5 || Cycle 8/10 || Label set size 8000: Test acc 86.24
Getting transformed features...
Calculating distances...
Using flat_X as features.
Maximum distance from cluster centers is 0.09
Max confidence value:  tensor(0.8682, device='cuda:0')
Mean confidence value:  tensor(0.4825, device='cuda:0')
Labeled classified:  0.779375
Unlabeled classified:  0.6329
Total classified:  0.698
9000 0 49999
>> Train a Model.
>> Finished.
Trial 4/5 || Cycle 9/10 || Label set size 9000: Test acc 87.16
Getting transformed features...
Calculating distances...
Using flat_X as features.
Maximum distance from cluster centers is 0.08
Max confidence value:  tensor(0.8502, device='cuda:0')
Mean confidence value:  tensor(0.5168, device='cuda:0')
Labeled classified:  0.8126666666666666
Unlabeled classified:  0.5961
Total classified:  0.6986842105263158
10000 0 49999
>> Train a Model.
>> Finished.
Trial 4/5 || Cycle 10/10 || Label set size 10000: Test acc 88.97
Finished.
Files already downloaded and verified
Files already downloaded and verified
Files already downloaded and verified
>> Train a Model.
>> Finished.
Trial 5/5 || Cycle 1/10 || Label set size 1000: Test acc 44.52
Getting transformed features...
Calculating distances...
Using flat_X as features.
Maximum distance from cluster centers is 0.11
Max confidence value:  tensor(0.9342, device='cuda:0')
Mean confidence value:  tensor(0.3026, device='cuda:0')
Labeled classified:  0.916
Unlabeled classified:  0.827
Total classified:  0.8350909090909091
2000 15 49992
>> Train a Model.
>> Finished.
Trial 5/5 || Cycle 2/10 || Label set size 2000: Test acc 59.99
Getting transformed features...
Calculating distances...
Using flat_X as features.
Maximum distance from cluster centers is 0.13
Max confidence value:  tensor(0.9483, device='cuda:0')
Mean confidence value:  tensor(0.3114, device='cuda:0')
Labeled classified:  0.8985
Unlabeled classified:  0.7835
Total classified:  0.8026666666666666
3000 9 49993
>> Train a Model.
>> Finished.
Trial 5/5 || Cycle 3/10 || Label set size 3000: Test acc 70.28
Getting transformed features...
Calculating distances...
Using flat_X as features.
Maximum distance from cluster centers is 0.13
Max confidence value:  tensor(0.9368, device='cuda:0')
Mean confidence value:  tensor(0.3652, device='cuda:0')
Labeled classified:  0.7953333333333333
Unlabeled classified:  0.7717
Total classified:  0.7771538461538462
4000 9 49993
>> Train a Model.
>> Finished.
Trial 5/5 || Cycle 4/10 || Label set size 4000: Test acc 75.58
Getting transformed features...
Calculating distances...
Using flat_X as features.
Maximum distance from cluster centers is 0.13
Max confidence value:  tensor(0.9114, device='cuda:0')
Mean confidence value:  tensor(0.3917, device='cuda:0')
Labeled classified:  0.7645
Unlabeled classified:  0.7412
Total classified:  0.7478571428571429
5000 9 49994
>> Train a Model.
>> Finished.
Trial 5/5 || Cycle 5/10 || Label set size 5000: Test acc 80.48
Getting transformed features...
Calculating distances...
Using flat_X as features.
Maximum distance from cluster centers is 0.09
Max confidence value:  tensor(0.8662, device='cuda:0')
Mean confidence value:  tensor(0.4530, device='cuda:0')
Labeled classified:  0.7026
Unlabeled classified:  0.7057
Total classified:  0.7046666666666667
6000 9 49994
>> Train a Model.
>> Finished.
Trial 5/5 || Cycle 6/10 || Label set size 6000: Test acc 81.2
Getting transformed features...
Calculating distances...
Using flat_X as features.
Maximum distance from cluster centers is 0.11
Max confidence value:  tensor(0.8676, device='cuda:0')
Mean confidence value:  tensor(0.4342, device='cuda:0')
Labeled classified:  0.7306666666666667
Unlabeled classified:  0.7364
Total classified:  0.73425
7000 9 49994
>> Train a Model.
>> Finished.
Trial 5/5 || Cycle 7/10 || Label set size 7000: Test acc 86.64
Getting transformed features...
Calculating distances...
Using flat_X as features.
Maximum distance from cluster centers is 0.12
Max confidence value:  tensor(0.7920, device='cuda:0')
Mean confidence value:  tensor(0.4872, device='cuda:0')
Labeled classified:  0.7961428571428572
Unlabeled classified:  0.6076
Total classified:  0.685235294117647
8000 9 49999
>> Train a Model.
>> Finished.
Trial 5/5 || Cycle 8/10 || Label set size 8000: Test acc 86.87
Getting transformed features...
Calculating distances...
Using flat_X as features.
Maximum distance from cluster centers is 0.09
Max confidence value:  tensor(0.8374, device='cuda:0')
Mean confidence value:  tensor(0.4804, device='cuda:0')
Labeled classified:  0.738875
Unlabeled classified:  0.6793
Total classified:  0.7057777777777777
9000 9 49999
>> Train a Model.
>> Finished.
Trial 5/5 || Cycle 9/10 || Label set size 9000: Test acc 87.76
Getting transformed features...
Calculating distances...
Using flat_X as features.
Maximum distance from cluster centers is 0.08
Max confidence value:  tensor(0.8195, device='cuda:0')
Mean confidence value:  tensor(0.4599, device='cuda:0')
Labeled classified:  0.643
Unlabeled classified:  0.7506
Total classified:  0.6996315789473684
10000 9 49999
>> Train a Model.
>> Finished.
Trial 5/5 || Cycle 10/10 || Label set size 10000: Test acc 87.48
Finished.
