==========================================
SLURM_CLUSTER_NAME = param-shivay
SLURM_JOB_ACCOUNT = comp_sci_engg
SLURM_JOB_ID = 728171
SLURM_JOB_NAME = 4layer
SLURM_JOB_NODELIST = gpu005
SLURM_JOB_USER = tulika.mishra.cse19.iitbhu
SLURM_JOB_UID = 5483
SLURM_JOB_PARTITION = gpu
SLURM_TASK_PID = 89820
SLURM_SUBMIT_DIR = /home/tulika.mishra.cse19.iitbhu/btp/Sequential-GCN-for-Active-Learning
SLURM_CPUS_ON_NODE = 1
SLURM_NTASKS = 
SLURM_TASK_PID = 89820
==========================================
Dataset: cifar10
Method type:CoreGCN
Layers :4
Files already downloaded and verified
Files already downloaded and verified
Files already downloaded and verified
>> Train a Model.
>> Finished.
Trial 1/5 || Cycle 1/10 || Label set size 1000: Test acc 46.29
Getting transformed features...
Calculating distances...
Using flat_X as features.
