==========================================
SLURM_CLUSTER_NAME = param-shivay
SLURM_JOB_ACCOUNT = comp_sci_engg
SLURM_JOB_ID = 728173
SLURM_JOB_NAME = 4layer
SLURM_JOB_NODELIST = gpu005
SLURM_JOB_USER = tulika.mishra.cse19.iitbhu
SLURM_JOB_UID = 5483
SLURM_JOB_PARTITION = gpu
SLURM_TASK_PID = 90953
SLURM_SUBMIT_DIR = /home/tulika.mishra.cse19.iitbhu/btp/Sequential-GCN-for-Active-Learning
SLURM_CPUS_ON_NODE = 1
SLURM_NTASKS = 
SLURM_TASK_PID = 90953
==========================================
Dataset: cifar10
Method type:UncertainGCN
Layers :4
Files already downloaded and verified
Files already downloaded and verified
Files already downloaded and verified
>> Train a Model.
>> Finished.
Trial 1/5 || Cycle 1/10 || Label set size 1000: Test acc 44.71
Max confidence value:  tensor(nan, device='cuda:0')
Mean confidence value:  tensor(nan, device='cuda:0')
Labeled classified:  0.0
Unlabeled classified:  0.0
Total classified:  0.0
2000 68 49997
>> Train a Model.
>> Finished.
Trial 1/5 || Cycle 2/10 || Label set size 2000: Test acc 61.78
Max confidence value:  tensor(nan, device='cuda:0')
Mean confidence value:  tensor(nan, device='cuda:0')
Labeled classified:  0.0
Unlabeled classified:  0.0
Total classified:  0.0
3000 38 49997
>> Train a Model.
>> Finished.
Trial 1/5 || Cycle 3/10 || Label set size 3000: Test acc 68.37
Max confidence value:  tensor(nan, device='cuda:0')
Mean confidence value:  tensor(nan, device='cuda:0')
Labeled classified:  0.0
Unlabeled classified:  0.0
Total classified:  0.0
4000 7 49997
>> Train a Model.
>> Finished.
Trial 1/5 || Cycle 4/10 || Label set size 4000: Test acc 75.27
Max confidence value:  tensor(nan, device='cuda:0')
Mean confidence value:  tensor(nan, device='cuda:0')
Labeled classified:  0.0
Unlabeled classified:  0.0
Total classified:  0.0
5000 7 49997
>> Train a Model.
>> Finished.
Trial 1/5 || Cycle 5/10 || Label set size 5000: Test acc 80.0
Max confidence value:  tensor(nan, device='cuda:0')
Mean confidence value:  tensor(nan, device='cuda:0')
Labeled classified:  0.0
Unlabeled classified:  0.0
Total classified:  0.0
6000 7 49997
>> Train a Model.
>> Finished.
Trial 1/5 || Cycle 6/10 || Label set size 6000: Test acc 81.66
Max confidence value:  tensor(nan, device='cuda:0')
Mean confidence value:  tensor(nan, device='cuda:0')
Labeled classified:  0.0
Unlabeled classified:  0.0
Total classified:  0.0
7000 7 49997
>> Train a Model.
>> Finished.
Trial 1/5 || Cycle 7/10 || Label set size 7000: Test acc 83.01
Max confidence value:  tensor(nan, device='cuda:0')
Mean confidence value:  tensor(nan, device='cuda:0')
Labeled classified:  0.0
Unlabeled classified:  0.0
Total classified:  0.0
8000 6 49997
>> Train a Model.
>> Finished.
Trial 1/5 || Cycle 8/10 || Label set size 8000: Test acc 85.6
Max confidence value:  tensor(nan, device='cuda:0')
Mean confidence value:  tensor(nan, device='cuda:0')
Labeled classified:  0.0
Unlabeled classified:  0.0
Total classified:  0.0
9000 6 49997
>> Train a Model.
>> Finished.
Trial 1/5 || Cycle 9/10 || Label set size 9000: Test acc 86.41
Max confidence value:  tensor(nan, device='cuda:0')
Mean confidence value:  tensor(nan, device='cuda:0')
Labeled classified:  0.0
Unlabeled classified:  0.0
Total classified:  0.0
10000 3 49997
>> Train a Model.
>> Finished.
Trial 1/5 || Cycle 10/10 || Label set size 10000: Test acc 86.98
Finished.
Files already downloaded and verified
Files already downloaded and verified
Files already downloaded and verified
>> Train a Model.
>> Finished.
Trial 2/5 || Cycle 1/10 || Label set size 1000: Test acc 42.86
Max confidence value:  tensor(nan, device='cuda:0')
Mean confidence value:  tensor(nan, device='cuda:0')
Labeled classified:  0.0
Unlabeled classified:  0.0
Total classified:  0.0
2000 59 49952
>> Train a Model.
>> Finished.
Trial 2/5 || Cycle 2/10 || Label set size 2000: Test acc 57.38
Max confidence value:  tensor(nan, device='cuda:0')
Mean confidence value:  tensor(nan, device='cuda:0')
Labeled classified:  0.0
Unlabeled classified:  0.0
Total classified:  0.0
3000 59 49983
>> Train a Model.
>> Finished.
Trial 2/5 || Cycle 3/10 || Label set size 3000: Test acc 65.49
Max confidence value:  tensor(nan, device='cuda:0')
Mean confidence value:  tensor(nan, device='cuda:0')
Labeled classified:  0.0
Unlabeled classified:  0.0
Total classified:  0.0
4000 40 49983
>> Train a Model.
>> Finished.
Trial 2/5 || Cycle 4/10 || Label set size 4000: Test acc 73.24
Max confidence value:  tensor(nan, device='cuda:0')
Mean confidence value:  tensor(nan, device='cuda:0')
Labeled classified:  0.0
Unlabeled classified:  0.0
Total classified:  0.0
5000 28 49995
>> Train a Model.
>> Finished.
Trial 2/5 || Cycle 5/10 || Label set size 5000: Test acc 78.44
Max confidence value:  tensor(nan, device='cuda:0')
Mean confidence value:  tensor(nan, device='cuda:0')
Labeled classified:  0.0
Unlabeled classified:  0.0
Total classified:  0.0
6000 28 49995
>> Train a Model.
>> Finished.
Trial 2/5 || Cycle 6/10 || Label set size 6000: Test acc 82.33
Max confidence value:  tensor(nan, device='cuda:0')
Mean confidence value:  tensor(nan, device='cuda:0')
Labeled classified:  0.0
Unlabeled classified:  0.0
Total classified:  0.0
7000 28 49995
>> Train a Model.
>> Finished.
Trial 2/5 || Cycle 7/10 || Label set size 7000: Test acc 84.58
Max confidence value:  tensor(nan, device='cuda:0')
Mean confidence value:  tensor(nan, device='cuda:0')
Labeled classified:  0.0
Unlabeled classified:  0.0
Total classified:  0.0
8000 20 49995
>> Train a Model.
>> Finished.
Trial 2/5 || Cycle 8/10 || Label set size 8000: Test acc 85.07
Max confidence value:  tensor(nan, device='cuda:0')
Mean confidence value:  tensor(nan, device='cuda:0')
Labeled classified:  0.0
Unlabeled classified:  0.0
Total classified:  0.0
9000 20 49995
>> Train a Model.
>> Finished.
Trial 2/5 || Cycle 9/10 || Label set size 9000: Test acc 85.84
Max confidence value:  tensor(nan, device='cuda:0')
Mean confidence value:  tensor(nan, device='cuda:0')
Labeled classified:  0.0
Unlabeled classified:  0.0
Total classified:  0.0
10000 20 49996
>> Train a Model.
>> Finished.
Trial 2/5 || Cycle 10/10 || Label set size 10000: Test acc 86.83
Finished.
Files already downloaded and verified
Files already downloaded and verified
Files already downloaded and verified
>> Train a Model.
>> Finished.
Trial 3/5 || Cycle 1/10 || Label set size 1000: Test acc 48.15
Max confidence value:  tensor(nan, device='cuda:0')
Mean confidence value:  tensor(nan, device='cuda:0')
Labeled classified:  0.0
Unlabeled classified:  0.0
Total classified:  0.0
2000 5 49998
>> Train a Model.
>> Finished.
Trial 3/5 || Cycle 2/10 || Label set size 2000: Test acc 60.71
Max confidence value:  tensor(nan, device='cuda:0')
Mean confidence value:  tensor(nan, device='cuda:0')
Labeled classified:  0.0
Unlabeled classified:  0.0
Total classified:  0.0
3000 4 49998
>> Train a Model.
>> Finished.
Trial 3/5 || Cycle 3/10 || Label set size 3000: Test acc 71.26
Max confidence value:  tensor(nan, device='cuda:0')
Mean confidence value:  tensor(nan, device='cuda:0')
Labeled classified:  0.0
Unlabeled classified:  0.0
Total classified:  0.0
4000 4 49999
>> Train a Model.
>> Finished.
Trial 3/5 || Cycle 4/10 || Label set size 4000: Test acc 75.41
Max confidence value:  tensor(nan, device='cuda:0')
Mean confidence value:  tensor(nan, device='cuda:0')
Labeled classified:  0.0
Unlabeled classified:  0.0
Total classified:  0.0
5000 4 49999
>> Train a Model.
>> Finished.
Trial 3/5 || Cycle 5/10 || Label set size 5000: Test acc 77.31
Max confidence value:  tensor(nan, device='cuda:0')
Mean confidence value:  tensor(nan, device='cuda:0')
Labeled classified:  0.0
Unlabeled classified:  0.0
Total classified:  0.0
6000 4 49999
>> Train a Model.
>> Finished.
Trial 3/5 || Cycle 6/10 || Label set size 6000: Test acc 80.8
Max confidence value:  tensor(nan, device='cuda:0')
Mean confidence value:  tensor(nan, device='cuda:0')
Labeled classified:  0.0
Unlabeled classified:  0.0
Total classified:  0.0
7000 2 49999
>> Train a Model.
>> Finished.
Trial 3/5 || Cycle 7/10 || Label set size 7000: Test acc 83.29
Max confidence value:  tensor(nan, device='cuda:0')
Mean confidence value:  tensor(nan, device='cuda:0')
Labeled classified:  0.0
Unlabeled classified:  0.0
Total classified:  0.0
8000 2 49999
>> Train a Model.
>> Finished.
Trial 3/5 || Cycle 8/10 || Label set size 8000: Test acc 85.02
Max confidence value:  tensor(nan, device='cuda:0')
Mean confidence value:  tensor(nan, device='cuda:0')
Labeled classified:  0.0
Unlabeled classified:  0.0
Total classified:  0.0
9000 2 49999
>> Train a Model.
>> Finished.
Trial 3/5 || Cycle 9/10 || Label set size 9000: Test acc 85.78
Max confidence value:  tensor(nan, device='cuda:0')
Mean confidence value:  tensor(nan, device='cuda:0')
Labeled classified:  0.0
Unlabeled classified:  0.0
Total classified:  0.0
10000 2 49999
>> Train a Model.
>> Finished.
Trial 3/5 || Cycle 10/10 || Label set size 10000: Test acc 87.1
Finished.
Files already downloaded and verified
Files already downloaded and verified
Files already downloaded and verified
>> Train a Model.
>> Finished.
Trial 4/5 || Cycle 1/10 || Label set size 1000: Test acc 48.7
Max confidence value:  tensor(nan, device='cuda:0')
Mean confidence value:  tensor(nan, device='cuda:0')
Labeled classified:  0.0
Unlabeled classified:  0.0
Total classified:  0.0
2000 19 49981
>> Train a Model.
>> Finished.
Trial 4/5 || Cycle 2/10 || Label set size 2000: Test acc 59.36
Max confidence value:  tensor(nan, device='cuda:0')
Mean confidence value:  tensor(nan, device='cuda:0')
Labeled classified:  0.0
Unlabeled classified:  0.0
Total classified:  0.0
3000 19 49988
>> Train a Model.
>> Finished.
Trial 4/5 || Cycle 3/10 || Label set size 3000: Test acc 66.58
Max confidence value:  tensor(nan, device='cuda:0')
Mean confidence value:  tensor(nan, device='cuda:0')
Labeled classified:  0.0
Unlabeled classified:  0.0
Total classified:  0.0
4000 0 49988
>> Train a Model.
>> Finished.
Trial 4/5 || Cycle 4/10 || Label set size 4000: Test acc 78.14
Max confidence value:  tensor(nan, device='cuda:0')
Mean confidence value:  tensor(nan, device='cuda:0')
Labeled classified:  0.0
Unlabeled classified:  0.0
Total classified:  0.0
5000 0 49988
>> Train a Model.
>> Finished.
Trial 4/5 || Cycle 5/10 || Label set size 5000: Test acc 78.58
Max confidence value:  tensor(nan, device='cuda:0')
Mean confidence value:  tensor(nan, device='cuda:0')
Labeled classified:  0.0
Unlabeled classified:  0.0
Total classified:  0.0
6000 0 49988
>> Train a Model.
>> Finished.
Trial 4/5 || Cycle 6/10 || Label set size 6000: Test acc 82.76
Max confidence value:  tensor(nan, device='cuda:0')
Mean confidence value:  tensor(nan, device='cuda:0')
Labeled classified:  0.0
Unlabeled classified:  0.0
Total classified:  0.0
7000 0 49991
>> Train a Model.
>> Finished.
Trial 4/5 || Cycle 7/10 || Label set size 7000: Test acc 84.75
Max confidence value:  tensor(nan, device='cuda:0')
Mean confidence value:  tensor(nan, device='cuda:0')
Labeled classified:  0.0
Unlabeled classified:  0.0
Total classified:  0.0
8000 0 49991
>> Train a Model.
>> Finished.
Trial 4/5 || Cycle 8/10 || Label set size 8000: Test acc 85.66
Max confidence value:  tensor(nan, device='cuda:0')
Mean confidence value:  tensor(nan, device='cuda:0')
Labeled classified:  0.0
Unlabeled classified:  0.0
Total classified:  0.0
9000 0 49991
>> Train a Model.
>> Finished.
Trial 4/5 || Cycle 9/10 || Label set size 9000: Test acc 86.52
Max confidence value:  tensor(nan, device='cuda:0')
Mean confidence value:  tensor(nan, device='cuda:0')
Labeled classified:  0.0
Unlabeled classified:  0.0
Total classified:  0.0
10000 0 49991
>> Train a Model.
>> Finished.
Trial 4/5 || Cycle 10/10 || Label set size 10000: Test acc 87.05
Finished.
Files already downloaded and verified
Files already downloaded and verified
Files already downloaded and verified
>> Train a Model.
>> Finished.
Trial 5/5 || Cycle 1/10 || Label set size 1000: Test acc 46.33
Max confidence value:  tensor(nan, device='cuda:0')
Mean confidence value:  tensor(nan, device='cuda:0')
Labeled classified:  0.0
Unlabeled classified:  0.0
Total classified:  0.0
2000 9 49997
>> Train a Model.
>> Finished.
Trial 5/5 || Cycle 2/10 || Label set size 2000: Test acc 58.05
Max confidence value:  tensor(nan, device='cuda:0')
Mean confidence value:  tensor(nan, device='cuda:0')
Labeled classified:  0.0
Unlabeled classified:  0.0
Total classified:  0.0
3000 9 49997
>> Train a Model.
>> Finished.
Trial 5/5 || Cycle 3/10 || Label set size 3000: Test acc 69.47
Max confidence value:  tensor(nan, device='cuda:0')
Mean confidence value:  tensor(nan, device='cuda:0')
Labeled classified:  0.0
Unlabeled classified:  0.0
Total classified:  0.0
4000 9 49997
>> Train a Model.
>> Finished.
Trial 5/5 || Cycle 4/10 || Label set size 4000: Test acc 74.97
Max confidence value:  tensor(nan, device='cuda:0')
Mean confidence value:  tensor(nan, device='cuda:0')
Labeled classified:  0.0
Unlabeled classified:  0.0
Total classified:  0.0
5000 9 49998
>> Train a Model.
>> Finished.
Trial 5/5 || Cycle 5/10 || Label set size 5000: Test acc 79.59
Max confidence value:  tensor(nan, device='cuda:0')
Mean confidence value:  tensor(nan, device='cuda:0')
Labeled classified:  0.0
Unlabeled classified:  0.0
Total classified:  0.0
6000 9 49998
>> Train a Model.
>> Finished.
Trial 5/5 || Cycle 6/10 || Label set size 6000: Test acc 82.34
Max confidence value:  tensor(nan, device='cuda:0')
Mean confidence value:  tensor(nan, device='cuda:0')
Labeled classified:  0.0
Unlabeled classified:  0.0
Total classified:  0.0
7000 9 49998
>> Train a Model.
>> Finished.
Trial 5/5 || Cycle 7/10 || Label set size 7000: Test acc 84.02
Max confidence value:  tensor(nan, device='cuda:0')
Mean confidence value:  tensor(nan, device='cuda:0')
Labeled classified:  0.0
Unlabeled classified:  0.0
Total classified:  0.0
8000 9 49998
>> Train a Model.
>> Finished.
Trial 5/5 || Cycle 8/10 || Label set size 8000: Test acc 84.05
Max confidence value:  tensor(nan, device='cuda:0')
Mean confidence value:  tensor(nan, device='cuda:0')
Labeled classified:  0.0
Unlabeled classified:  0.0
Total classified:  0.0
9000 9 49998
>> Train a Model.
>> Finished.
Trial 5/5 || Cycle 9/10 || Label set size 9000: Test acc 86.47
Max confidence value:  tensor(nan, device='cuda:0')
Mean confidence value:  tensor(nan, device='cuda:0')
Labeled classified:  0.0
Unlabeled classified:  0.0
Total classified:  0.0
10000 9 49998
>> Train a Model.
>> Finished.
Trial 5/5 || Cycle 10/10 || Label set size 10000: Test acc 87.28
Finished.
