==========================================
SLURM_CLUSTER_NAME = param-shivay
SLURM_JOB_ACCOUNT = comp_sci_engg
SLURM_JOB_ID = 716501
SLURM_JOB_NAME = 6layer
SLURM_JOB_NODELIST = gpu011
SLURM_JOB_USER = tulika.mishra.cse19.iitbhu
SLURM_JOB_UID = 5483
SLURM_JOB_PARTITION = gpu
SLURM_TASK_PID = 195760
SLURM_SUBMIT_DIR = /home/tulika.mishra.cse19.iitbhu/btp/Sequential-GCN-for-Active-Learning
SLURM_CPUS_ON_NODE = 1
SLURM_NTASKS = 
SLURM_TASK_PID = 195760
==========================================
Dataset: cifar10
Method type:UncertainGCN
Files already downloaded and verified
Files already downloaded and verified
Files already downloaded and verified
>> Train a Model.
>> Finished.
Trial 1/5 || Cycle 1/10 || Label set size 1000: Test acc 44.66
Max confidence value:  tensor(0.5705, device='cuda:0')
Mean confidence value:  tensor(0.4393, device='cuda:0')
Labeled classified:  0.059
Unlabeled classified:  0.9616
Total classified:  0.8795454545454545
2000 14 49984
>> Train a Model.
>> Finished.
Trial 1/5 || Cycle 2/10 || Label set size 2000: Test acc 61.99
Max confidence value:  tensor(0.5155, device='cuda:0')
Mean confidence value:  tensor(0.4469, device='cuda:0')
Labeled classified:  0.007
Unlabeled classified:  0.994
Total classified:  0.8295
3000 14 49994
>> Train a Model.
>> Finished.
Trial 1/5 || Cycle 3/10 || Label set size 3000: Test acc 69.61
Max confidence value:  tensor(nan, device='cuda:0')
Mean confidence value:  tensor(nan, device='cuda:0')
Labeled classified:  0.0
Unlabeled classified:  0.0
Total classified:  0.0
4000 8 49994
>> Train a Model.
>> Finished.
Trial 1/5 || Cycle 4/10 || Label set size 4000: Test acc 79.39
Max confidence value:  tensor(0.5171, device='cuda:0')
Mean confidence value:  tensor(0.4471, device='cuda:0')
Labeled classified:  0.0155
Unlabeled classified:  0.9789
Total classified:  0.7036428571428571
5000 8 49994
>> Train a Model.
>> Finished.
Trial 1/5 || Cycle 5/10 || Label set size 5000: Test acc 81.05
Max confidence value:  tensor(nan, device='cuda:0')
Mean confidence value:  tensor(nan, device='cuda:0')
Labeled classified:  0.0
Unlabeled classified:  0.0
Total classified:  0.0
6000 8 49994
>> Train a Model.
>> Finished.
Trial 1/5 || Cycle 6/10 || Label set size 6000: Test acc 82.36
Max confidence value:  tensor(0.5320, device='cuda:0')
Mean confidence value:  tensor(0.4522, device='cuda:0')
Labeled classified:  0.026166666666666668
Unlabeled classified:  0.9664
Total classified:  0.6138125
7000 8 49994
>> Train a Model.
>> Finished.
Trial 1/5 || Cycle 7/10 || Label set size 7000: Test acc 83.24
Max confidence value:  tensor(0.5227, device='cuda:0')
Mean confidence value:  tensor(0.4544, device='cuda:0')
Labeled classified:  0.01
Unlabeled classified:  0.9891
Total classified:  0.5859411764705882
8000 8 49994
>> Train a Model.
>> Finished.
Trial 1/5 || Cycle 8/10 || Label set size 8000: Test acc 87.11
Max confidence value:  tensor(nan, device='cuda:0')
Mean confidence value:  tensor(nan, device='cuda:0')
Labeled classified:  0.0
Unlabeled classified:  0.0
Total classified:  0.0
9000 8 49994
>> Train a Model.
>> Finished.
Trial 1/5 || Cycle 9/10 || Label set size 9000: Test acc 87.64
Max confidence value:  tensor(0.5083, device='cuda:0')
Mean confidence value:  tensor(0.4572, device='cuda:0')
Labeled classified:  0.0005555555555555556
Unlabeled classified:  0.9991
Total classified:  0.5261052631578947
10000 8 49995
>> Train a Model.
>> Finished.
Trial 1/5 || Cycle 10/10 || Label set size 10000: Test acc 89.1
Finished.
Files already downloaded and verified
Files already downloaded and verified
Files already downloaded and verified
>> Train a Model.
>> Finished.
Trial 2/5 || Cycle 1/10 || Label set size 1000: Test acc 45.19
Max confidence value:  tensor(0.5375, device='cuda:0')
Mean confidence value:  tensor(0.4453, device='cuda:0')
Labeled classified:  0.034
Unlabeled classified:  0.9865
Total classified:  0.8999090909090909
2000 9 49925
>> Train a Model.
>> Finished.
Trial 2/5 || Cycle 2/10 || Label set size 2000: Test acc 48.9
Max confidence value:  tensor(0.5150, device='cuda:0')
Mean confidence value:  tensor(0.4448, device='cuda:0')
Labeled classified:  0.01
Unlabeled classified:  0.9945
Total classified:  0.8304166666666667
3000 9 49936
>> Train a Model.
>> Finished.
Trial 2/5 || Cycle 3/10 || Label set size 3000: Test acc 68.03
Max confidence value:  tensor(0.5728, device='cuda:0')
Mean confidence value:  tensor(0.4367, device='cuda:0')
Labeled classified:  0.22966666666666666
Unlabeled classified:  0.9216
Total classified:  0.7619230769230769
4000 9 49965
>> Train a Model.
>> Finished.
Trial 2/5 || Cycle 4/10 || Label set size 4000: Test acc 70.89
Max confidence value:  tensor(0.5028, device='cuda:0')
Mean confidence value:  tensor(0.4469, device='cuda:0')
Labeled classified:  0.00025
Unlabeled classified:  0.9995
Total classified:  0.714
5000 9 49965
>> Train a Model.
>> Finished.
Trial 2/5 || Cycle 5/10 || Label set size 5000: Test acc 79.08
Max confidence value:  tensor(nan, device='cuda:0')
Mean confidence value:  tensor(nan, device='cuda:0')
Labeled classified:  0.0
Unlabeled classified:  0.0
Total classified:  0.0
6000 9 49992
>> Train a Model.
>> Finished.
Trial 2/5 || Cycle 6/10 || Label set size 6000: Test acc 80.13
Max confidence value:  tensor(nan, device='cuda:0')
Mean confidence value:  tensor(nan, device='cuda:0')
Labeled classified:  0.0
Unlabeled classified:  0.0
Total classified:  0.0
7000 9 49992
>> Train a Model.
>> Finished.
Trial 2/5 || Cycle 7/10 || Label set size 7000: Test acc 84.43
Max confidence value:  tensor(nan, device='cuda:0')
Mean confidence value:  tensor(nan, device='cuda:0')
Labeled classified:  0.0
Unlabeled classified:  0.0
Total classified:  0.0
8000 9 49992
>> Train a Model.
>> Finished.
Trial 2/5 || Cycle 8/10 || Label set size 8000: Test acc 85.46
Max confidence value:  tensor(nan, device='cuda:0')
Mean confidence value:  tensor(nan, device='cuda:0')
Labeled classified:  0.0
Unlabeled classified:  0.0
Total classified:  0.0
9000 9 49992
>> Train a Model.
>> Finished.
Trial 2/5 || Cycle 9/10 || Label set size 9000: Test acc 86.14
Max confidence value:  tensor(nan, device='cuda:0')
Mean confidence value:  tensor(nan, device='cuda:0')
Labeled classified:  0.0
Unlabeled classified:  0.0
Total classified:  0.0
10000 9 49992
>> Train a Model.
>> Finished.
Trial 2/5 || Cycle 10/10 || Label set size 10000: Test acc 86.83
Finished.
Files already downloaded and verified
Files already downloaded and verified
Files already downloaded and verified
>> Train a Model.
>> Finished.
Trial 3/5 || Cycle 1/10 || Label set size 1000: Test acc 52.43
Max confidence value:  tensor(0.5956, device='cuda:0')
Mean confidence value:  tensor(0.4410, device='cuda:0')
Labeled classified:  0.12
Unlabeled classified:  0.9333
Total classified:  0.8593636363636363
2000 14 49969
>> Train a Model.
>> Finished.
Trial 3/5 || Cycle 2/10 || Label set size 2000: Test acc 56.24
Max confidence value:  tensor(0.5486, device='cuda:0')
Mean confidence value:  tensor(0.4475, device='cuda:0')
Labeled classified:  0.0625
Unlabeled classified:  0.9479
Total classified:  0.8003333333333333
3000 14 49969
>> Train a Model.
>> Finished.
Trial 3/5 || Cycle 3/10 || Label set size 3000: Test acc 74.34
Max confidence value:  tensor(nan, device='cuda:0')
Mean confidence value:  tensor(nan, device='cuda:0')
Labeled classified:  0.0
Unlabeled classified:  0.0
Total classified:  0.0
4000 0 49979
>> Train a Model.
>> Finished.
Trial 3/5 || Cycle 4/10 || Label set size 4000: Test acc 78.64
Max confidence value:  tensor(nan, device='cuda:0')
Mean confidence value:  tensor(nan, device='cuda:0')
Labeled classified:  0.0
Unlabeled classified:  0.0
Total classified:  0.0
5000 0 49979
>> Train a Model.
>> Finished.
Trial 3/5 || Cycle 5/10 || Label set size 5000: Test acc 81.22
Max confidence value:  tensor(0.4977, device='cuda:0')
Mean confidence value:  tensor(0.4506, device='cuda:0')
Labeled classified:  0.0
Unlabeled classified:  1.0
Total classified:  0.6666666666666666
6000 0 49997
>> Train a Model.
>> Finished.
Trial 3/5 || Cycle 6/10 || Label set size 6000: Test acc 83.54
Max confidence value:  tensor(0.5523, device='cuda:0')
Mean confidence value:  tensor(0.4474, device='cuda:0')
Labeled classified:  0.28583333333333333
Unlabeled classified:  0.7997
Total classified:  0.607
7000 0 49997
>> Train a Model.
>> Finished.
Trial 3/5 || Cycle 7/10 || Label set size 7000: Test acc 85.46
Max confidence value:  tensor(nan, device='cuda:0')
Mean confidence value:  tensor(nan, device='cuda:0')
Labeled classified:  0.0
Unlabeled classified:  0.0
Total classified:  0.0
8000 0 49997
>> Train a Model.
>> Finished.
Trial 3/5 || Cycle 8/10 || Label set size 8000: Test acc 85.87
Max confidence value:  tensor(0.5644, device='cuda:0')
Mean confidence value:  tensor(0.4510, device='cuda:0')
Labeled classified:  0.094125
Unlabeled classified:  0.9373
Total classified:  0.5625555555555556
9000 0 49997
>> Train a Model.
>> Finished.
Trial 3/5 || Cycle 9/10 || Label set size 9000: Test acc 88.0
Max confidence value:  tensor(0.5013, device='cuda:0')
Mean confidence value:  tensor(0.4516, device='cuda:0')
Labeled classified:  0.0
Unlabeled classified:  0.9999
Total classified:  0.5262631578947369
10000 0 49997
>> Train a Model.
>> Finished.
Trial 3/5 || Cycle 10/10 || Label set size 10000: Test acc 88.22
Finished.
Files already downloaded and verified
Files already downloaded and verified
Files already downloaded and verified
>> Train a Model.
>> Finished.
Trial 4/5 || Cycle 1/10 || Label set size 1000: Test acc 46.46
Max confidence value:  tensor(nan, device='cuda:0')
Mean confidence value:  tensor(nan, device='cuda:0')
Labeled classified:  0.0
Unlabeled classified:  0.0
Total classified:  0.0
2000 10 49998
>> Train a Model.
>> Finished.
Trial 4/5 || Cycle 2/10 || Label set size 2000: Test acc 61.62
Max confidence value:  tensor(0.5094, device='cuda:0')
Mean confidence value:  tensor(0.3738, device='cuda:0')
Labeled classified:  0.0005
Unlabeled classified:  0.9996
Total classified:  0.8330833333333333
3000 9 49998
>> Train a Model.
>> Finished.
Trial 4/5 || Cycle 3/10 || Label set size 3000: Test acc 71.2
Max confidence value:  tensor(0.5007, device='cuda:0')
Mean confidence value:  tensor(0.4455, device='cuda:0')
Labeled classified:  0.0
Unlabeled classified:  0.9999
Total classified:  0.7691538461538462
4000 9 49998
>> Train a Model.
>> Finished.
Trial 4/5 || Cycle 4/10 || Label set size 4000: Test acc 76.78
Max confidence value:  tensor(0.4979, device='cuda:0')
Mean confidence value:  tensor(0.4502, device='cuda:0')
Labeled classified:  0.0
Unlabeled classified:  1.0
Total classified:  0.7142857142857143
5000 9 49998
>> Train a Model.
>> Finished.
Trial 4/5 || Cycle 5/10 || Label set size 5000: Test acc 77.23
Max confidence value:  tensor(0.5526, device='cuda:0')
Mean confidence value:  tensor(0.4661, device='cuda:0')
Labeled classified:  0.153
Unlabeled classified:  0.895
Total classified:  0.6476666666666666
6000 9 49998
>> Train a Model.
>> Finished.
Trial 4/5 || Cycle 6/10 || Label set size 6000: Test acc 83.94
Max confidence value:  tensor(0.5396, device='cuda:0')
Mean confidence value:  tensor(0.4504, device='cuda:0')
Labeled classified:  0.18366666666666667
Unlabeled classified:  0.8785
Total classified:  0.6179375
7000 9 49998
>> Train a Model.
>> Finished.
Trial 4/5 || Cycle 7/10 || Label set size 7000: Test acc 84.69
Max confidence value:  tensor(0.6316, device='cuda:0')
Mean confidence value:  tensor(0.4509, device='cuda:0')
Labeled classified:  0.28385714285714286
Unlabeled classified:  0.8246
Total classified:  0.6019411764705882
8000 9 49998
>> Train a Model.
>> Finished.
Trial 4/5 || Cycle 8/10 || Label set size 8000: Test acc 85.84
Max confidence value:  tensor(0.5195, device='cuda:0')
Mean confidence value:  tensor(0.4527, device='cuda:0')
Labeled classified:  0.017125
Unlabeled classified:  0.9861
Total classified:  0.5554444444444444
9000 9 49998
>> Train a Model.
>> Finished.
Trial 4/5 || Cycle 9/10 || Label set size 9000: Test acc 87.72
Max confidence value:  tensor(nan, device='cuda:0')
Mean confidence value:  tensor(nan, device='cuda:0')
Labeled classified:  0.0
Unlabeled classified:  0.0
Total classified:  0.0
10000 9 49998
>> Train a Model.
>> Finished.
Trial 4/5 || Cycle 10/10 || Label set size 10000: Test acc 88.44
Finished.
Files already downloaded and verified
Files already downloaded and verified
Files already downloaded and verified
>> Train a Model.
>> Finished.
Trial 5/5 || Cycle 1/10 || Label set size 1000: Test acc 46.14
Max confidence value:  tensor(0.6654, device='cuda:0')
Mean confidence value:  tensor(0.4401, device='cuda:0')
Labeled classified:  0.229
Unlabeled classified:  0.8672
Total classified:  0.8091818181818182
2000 29 49960
>> Train a Model.
>> Finished.
Trial 5/5 || Cycle 2/10 || Label set size 2000: Test acc 52.23
Max confidence value:  tensor(0.5610, device='cuda:0')
Mean confidence value:  tensor(0.4462, device='cuda:0')
Labeled classified:  0.0745
Unlabeled classified:  0.9481
Total classified:  0.8025
3000 14 49961
>> Train a Model.
>> Finished.
Trial 5/5 || Cycle 3/10 || Label set size 3000: Test acc 71.16
Max confidence value:  tensor(0.5164, device='cuda:0')
Mean confidence value:  tensor(0.4462, device='cuda:0')
Labeled classified:  0.029
Unlabeled classified:  0.9743
Total classified:  0.7561538461538462
4000 2 49995
>> Train a Model.
>> Finished.
Trial 5/5 || Cycle 4/10 || Label set size 4000: Test acc 75.81
Max confidence value:  tensor(0.6656, device='cuda:0')
Mean confidence value:  tensor(0.4457, device='cuda:0')
Labeled classified:  0.33225
Unlabeled classified:  0.785
Total classified:  0.6556428571428572
5000 2 49995
>> Train a Model.
>> Finished.
Trial 5/5 || Cycle 5/10 || Label set size 5000: Test acc 81.2
Max confidence value:  tensor(nan, device='cuda:0')
Mean confidence value:  tensor(nan, device='cuda:0')
Labeled classified:  0.0
Unlabeled classified:  0.0
Total classified:  0.0
6000 2 49995
>> Train a Model.
>> Finished.
Trial 5/5 || Cycle 6/10 || Label set size 6000: Test acc 83.15
Max confidence value:  tensor(nan, device='cuda:0')
Mean confidence value:  tensor(nan, device='cuda:0')
Labeled classified:  0.0
Unlabeled classified:  0.0
Total classified:  0.0
7000 2 49995
>> Train a Model.
>> Finished.
Trial 5/5 || Cycle 7/10 || Label set size 7000: Test acc 83.96
Max confidence value:  tensor(nan, device='cuda:0')
Mean confidence value:  tensor(nan, device='cuda:0')
Labeled classified:  0.0
Unlabeled classified:  0.0
Total classified:  0.0
8000 2 49995
>> Train a Model.
>> Finished.
Trial 5/5 || Cycle 8/10 || Label set size 8000: Test acc 86.44
Max confidence value:  tensor(0.4881, device='cuda:0')
Mean confidence value:  tensor(0.4489, device='cuda:0')
Labeled classified:  0.0
Unlabeled classified:  1.0
Total classified:  0.5555555555555556
9000 2 49995
>> Train a Model.
>> Finished.
Trial 5/5 || Cycle 9/10 || Label set size 9000: Test acc 87.99
Max confidence value:  tensor(nan, device='cuda:0')
Mean confidence value:  tensor(nan, device='cuda:0')
Labeled classified:  0.0
Unlabeled classified:  0.0
Total classified:  0.0
10000 2 49995
>> Train a Model.
>> Finished.
Trial 5/5 || Cycle 10/10 || Label set size 10000: Test acc 88.32
Finished.
