==========================================
SLURM_CLUSTER_NAME = param-shivay
SLURM_JOB_ACCOUNT = comp_sci_engg
SLURM_JOB_ID = 714844
SLURM_JOB_NAME = base
SLURM_JOB_NODELIST = gpu002
SLURM_JOB_USER = tulika.mishra.cse19.iitbhu
SLURM_JOB_UID = 5483
SLURM_JOB_PARTITION = gpu
SLURM_TASK_PID = 72420
SLURM_SUBMIT_DIR = /home/tulika.mishra.cse19.iitbhu/btp/Sequential-GCN-for-Active-Learning
SLURM_CPUS_ON_NODE = 1
SLURM_NTASKS = 
SLURM_TASK_PID = 72420
==========================================
Dataset: cifar10
Method type:UncertainGCN
Files already downloaded and verified
Files already downloaded and verified
Files already downloaded and verified
>> Train a Model.
>> Finished.
Trial 1/5 || Cycle 1/10 || Label set size 1000: Test acc 47.6
Max confidence value:  tensor(0.6256, device='cuda:0')
Mean confidence value:  tensor(0.5267, device='cuda:0')
Labeled classified:  0.896
Unlabeled classified:  0.2745
Total classified:  0.331
2000 0 49980
>> Train a Model.
>> Finished.
Trial 1/5 || Cycle 2/10 || Label set size 2000: Test acc 58.8
Max confidence value:  tensor(0.7200, device='cuda:0')
Mean confidence value:  tensor(0.4050, device='cuda:0')
Labeled classified:  0.317
Unlabeled classified:  0.8849
Total classified:  0.79025
3000 0 49980
>> Train a Model.
>> Finished.
Trial 1/5 || Cycle 3/10 || Label set size 3000: Test acc 71.65
Max confidence value:  tensor(0.6828, device='cuda:0')
Mean confidence value:  tensor(0.4532, device='cuda:0')
Labeled classified:  0.4716666666666667
Unlabeled classified:  0.7645
Total classified:  0.696923076923077
4000 0 49980
>> Train a Model.
>> Finished.
Trial 1/5 || Cycle 4/10 || Label set size 4000: Test acc 75.25
Max confidence value:  tensor(0.6267, device='cuda:0')
Mean confidence value:  tensor(0.4628, device='cuda:0')
Labeled classified:  0.3645
Unlabeled classified:  0.8151
Total classified:  0.6863571428571429
5000 0 49992
>> Train a Model.
>> Finished.
Trial 1/5 || Cycle 5/10 || Label set size 5000: Test acc 79.53
Max confidence value:  tensor(0.5513, device='cuda:0')
Mean confidence value:  tensor(0.4776, device='cuda:0')
Labeled classified:  0.3712
Unlabeled classified:  0.7525
Total classified:  0.6254
6000 0 49992
>> Train a Model.
>> Finished.
Trial 1/5 || Cycle 6/10 || Label set size 6000: Test acc 82.83
Max confidence value:  tensor(0.6818, device='cuda:0')
Mean confidence value:  tensor(0.4675, device='cuda:0')
Labeled classified:  0.4355
Unlabeled classified:  0.7472
Total classified:  0.6303125
7000 0 49997
>> Train a Model.
>> Finished.
Trial 1/5 || Cycle 7/10 || Label set size 7000: Test acc 84.87
Max confidence value:  tensor(0.6308, device='cuda:0')
Mean confidence value:  tensor(0.4717, device='cuda:0')
Labeled classified:  0.3474285714285714
Unlabeled classified:  0.7824
Total classified:  0.6032941176470589
8000 0 49997
>> Train a Model.
>> Finished.
Trial 1/5 || Cycle 8/10 || Label set size 8000: Test acc 86.11
Max confidence value:  tensor(0.6551, device='cuda:0')
Mean confidence value:  tensor(0.4940, device='cuda:0')
Labeled classified:  0.4955
Unlabeled classified:  0.6773
Total classified:  0.5965
9000 0 49997
>> Train a Model.
>> Finished.
Trial 1/5 || Cycle 9/10 || Label set size 9000: Test acc 87.45
Max confidence value:  tensor(0.6706, device='cuda:0')
Mean confidence value:  tensor(0.4921, device='cuda:0')
Labeled classified:  0.45366666666666666
Unlabeled classified:  0.7083
Total classified:  0.5876842105263158
10000 0 49997
>> Train a Model.
>> Finished.
Trial 1/5 || Cycle 10/10 || Label set size 10000: Test acc 88.15
Finished.
Files already downloaded and verified
Files already downloaded and verified
Files already downloaded and verified
>> Train a Model.
>> Finished.
Trial 2/5 || Cycle 1/10 || Label set size 1000: Test acc 45.72
Max confidence value:  tensor(0.7054, device='cuda:0')
Mean confidence value:  tensor(0.5332, device='cuda:0')
Labeled classified:  0.921
Unlabeled classified:  0.2892
Total classified:  0.34663636363636363
2000 24 49967
>> Train a Model.
>> Finished.
Trial 2/5 || Cycle 2/10 || Label set size 2000: Test acc 60.51
Max confidence value:  tensor(0.6794, device='cuda:0')
Mean confidence value:  tensor(0.4267, device='cuda:0')
Labeled classified:  0.3545
Unlabeled classified:  0.8293
Total classified:  0.7501666666666666
3000 15 49967
>> Train a Model.
>> Finished.
Trial 2/5 || Cycle 3/10 || Label set size 3000: Test acc 67.95
Max confidence value:  tensor(0.6620, device='cuda:0')
Mean confidence value:  tensor(0.3548, device='cuda:0')
Labeled classified:  0.13766666666666666
Unlabeled classified:  0.9596
Total classified:  0.7699230769230769
4000 0 49981
>> Train a Model.
>> Finished.
Trial 2/5 || Cycle 4/10 || Label set size 4000: Test acc 67.55
Max confidence value:  tensor(0.6233, device='cuda:0')
Mean confidence value:  tensor(0.4685, device='cuda:0')
Labeled classified:  0.3995
Unlabeled classified:  0.7619
Total classified:  0.6583571428571429
5000 0 49997
>> Train a Model.
>> Finished.
Trial 2/5 || Cycle 5/10 || Label set size 5000: Test acc 80.18
Max confidence value:  tensor(0.5764, device='cuda:0')
Mean confidence value:  tensor(0.4399, device='cuda:0')
Labeled classified:  0.2504
Unlabeled classified:  0.8323
Total classified:  0.6383333333333333
6000 0 49997
>> Train a Model.
>> Finished.
Trial 2/5 || Cycle 6/10 || Label set size 6000: Test acc 83.11
Max confidence value:  tensor(0.5847, device='cuda:0')
Mean confidence value:  tensor(0.4130, device='cuda:0')
Labeled classified:  0.09883333333333333
Unlabeled classified:  0.9544
Total classified:  0.6335625
7000 0 49997
>> Train a Model.
>> Finished.
Trial 2/5 || Cycle 7/10 || Label set size 7000: Test acc 85.34
Max confidence value:  tensor(0.6006, device='cuda:0')
Mean confidence value:  tensor(0.4311, device='cuda:0')
Labeled classified:  0.163
Unlabeled classified:  0.9163
Total classified:  0.6061176470588235
8000 0 49997
>> Train a Model.
>> Finished.
Trial 2/5 || Cycle 8/10 || Label set size 8000: Test acc 86.56
Max confidence value:  tensor(0.5759, device='cuda:0')
Mean confidence value:  tensor(0.4637, device='cuda:0')
Labeled classified:  0.196
Unlabeled classified:  0.876
Total classified:  0.5737777777777778
9000 0 49997
>> Train a Model.
>> Finished.
Trial 2/5 || Cycle 9/10 || Label set size 9000: Test acc 88.13
Max confidence value:  tensor(0.5757, device='cuda:0')
Mean confidence value:  tensor(0.4756, device='cuda:0')
Labeled classified:  0.4142222222222222
Unlabeled classified:  0.7506
Total classified:  0.5912631578947368
10000 0 49997
>> Train a Model.
>> Finished.
Trial 2/5 || Cycle 10/10 || Label set size 10000: Test acc 88.45
Finished.
Files already downloaded and verified
Files already downloaded and verified
Files already downloaded and verified
>> Train a Model.
>> Finished.
Trial 3/5 || Cycle 1/10 || Label set size 1000: Test acc 41.97
Max confidence value:  tensor(0.6468, device='cuda:0')
Mean confidence value:  tensor(0.4880, device='cuda:0')
Labeled classified:  0.609
Unlabeled classified:  0.6539
Total classified:  0.6498181818181819
2000 24 49995
>> Train a Model.
>> Finished.
Trial 3/5 || Cycle 2/10 || Label set size 2000: Test acc 59.56
Max confidence value:  tensor(0.6611, device='cuda:0')
Mean confidence value:  tensor(0.3662, device='cuda:0')
Labeled classified:  0.116
Unlabeled classified:  0.9575
Total classified:  0.81725
3000 24 49995
>> Train a Model.
>> Finished.
Trial 3/5 || Cycle 3/10 || Label set size 3000: Test acc 74.15
Max confidence value:  tensor(0.6686, device='cuda:0')
Mean confidence value:  tensor(0.4166, device='cuda:0')
Labeled classified:  0.36333333333333334
Unlabeled classified:  0.8148
Total classified:  0.7106153846153846
4000 17 49995
>> Train a Model.
>> Finished.
Trial 3/5 || Cycle 4/10 || Label set size 4000: Test acc 68.78
Max confidence value:  tensor(0.6981, device='cuda:0')
Mean confidence value:  tensor(0.4584, device='cuda:0')
Labeled classified:  0.4735
Unlabeled classified:  0.8008
Total classified:  0.7072857142857143
5000 17 49995
>> Train a Model.
>> Finished.
Trial 3/5 || Cycle 5/10 || Label set size 5000: Test acc 79.48
Max confidence value:  tensor(0.5742, device='cuda:0')
Mean confidence value:  tensor(0.4584, device='cuda:0')
Labeled classified:  0.14
Unlabeled classified:  0.9278
Total classified:  0.6652
6000 5 49998
>> Train a Model.
>> Finished.
Trial 3/5 || Cycle 6/10 || Label set size 6000: Test acc 84.06
Max confidence value:  tensor(0.7089, device='cuda:0')
Mean confidence value:  tensor(0.4218, device='cuda:0')
Labeled classified:  0.26666666666666666
Unlabeled classified:  0.8781
Total classified:  0.6488125
7000 5 49998
>> Train a Model.
>> Finished.
Trial 3/5 || Cycle 7/10 || Label set size 7000: Test acc 85.79
Max confidence value:  tensor(0.6966, device='cuda:0')
Mean confidence value:  tensor(0.4425, device='cuda:0')
Labeled classified:  0.2915714285714286
Unlabeled classified:  0.8606
Total classified:  0.6262941176470588
8000 5 49998
>> Train a Model.
>> Finished.
Trial 3/5 || Cycle 8/10 || Label set size 8000: Test acc 87.5
Max confidence value:  tensor(0.6665, device='cuda:0')
Mean confidence value:  tensor(0.4667, device='cuda:0')
Labeled classified:  0.294625
Unlabeled classified:  0.8365
Total classified:  0.5956666666666667
9000 5 49998
>> Train a Model.
>> Finished.
Trial 3/5 || Cycle 9/10 || Label set size 9000: Test acc 88.65
Max confidence value:  tensor(0.6718, device='cuda:0')
Mean confidence value:  tensor(0.4539, device='cuda:0')
Labeled classified:  0.36977777777777776
Unlabeled classified:  0.7882
Total classified:  0.59
10000 5 49998
>> Train a Model.
>> Finished.
Trial 3/5 || Cycle 10/10 || Label set size 10000: Test acc 88.92
Finished.
Files already downloaded and verified
Files already downloaded and verified
Files already downloaded and verified
>> Train a Model.
>> Finished.
Trial 4/5 || Cycle 1/10 || Label set size 1000: Test acc 46.88
Max confidence value:  tensor(0.6568, device='cuda:0')
Mean confidence value:  tensor(0.4860, device='cuda:0')
Labeled classified:  0.573
Unlabeled classified:  0.6625
Total classified:  0.6543636363636364
2000 13 49952
>> Train a Model.
>> Finished.
Trial 4/5 || Cycle 2/10 || Label set size 2000: Test acc 57.66
Max confidence value:  tensor(0.6811, device='cuda:0')
Mean confidence value:  tensor(0.2428, device='cuda:0')
Labeled classified:  0.044
Unlabeled classified:  0.9953
Total classified:  0.83675
3000 13 49963
>> Train a Model.
>> Finished.
Trial 4/5 || Cycle 3/10 || Label set size 3000: Test acc 67.61
Max confidence value:  tensor(0.6616, device='cuda:0')
Mean confidence value:  tensor(0.4196, device='cuda:0')
Labeled classified:  0.26366666666666666
Unlabeled classified:  0.9177
Total classified:  0.7667692307692308
4000 13 49995
>> Train a Model.
>> Finished.
Trial 4/5 || Cycle 4/10 || Label set size 4000: Test acc 76.5
Max confidence value:  tensor(0.7809, device='cuda:0')
Mean confidence value:  tensor(0.4052, device='cuda:0')
Labeled classified:  0.1575
Unlabeled classified:  0.9525
Total classified:  0.7253571428571428
5000 13 49995
>> Train a Model.
>> Finished.
Trial 4/5 || Cycle 5/10 || Label set size 5000: Test acc 81.49
Max confidence value:  tensor(0.6684, device='cuda:0')
Mean confidence value:  tensor(0.4737, device='cuda:0')
Labeled classified:  0.4622
Unlabeled classified:  0.6789
Total classified:  0.6066666666666667
6000 13 49995
>> Train a Model.
>> Finished.
Trial 4/5 || Cycle 6/10 || Label set size 6000: Test acc 81.65
Max confidence value:  tensor(0.7258, device='cuda:0')
Mean confidence value:  tensor(0.4648, device='cuda:0')
Labeled classified:  0.44583333333333336
Unlabeled classified:  0.7533
Total classified:  0.638
7000 13 49995
>> Train a Model.
>> Finished.
Trial 4/5 || Cycle 7/10 || Label set size 7000: Test acc 85.53
Max confidence value:  tensor(0.6027, device='cuda:0')
Mean confidence value:  tensor(0.4464, device='cuda:0')
Labeled classified:  0.206
Unlabeled classified:  0.8807
Total classified:  0.6028823529411764
8000 11 49995
>> Train a Model.
>> Finished.
Trial 4/5 || Cycle 8/10 || Label set size 8000: Test acc 86.96
Max confidence value:  tensor(0.6491, device='cuda:0')
Mean confidence value:  tensor(0.4824, device='cuda:0')
Labeled classified:  0.339125
Unlabeled classified:  0.811
Total classified:  0.6012777777777778
9000 11 49995
>> Train a Model.
>> Finished.
Trial 4/5 || Cycle 9/10 || Label set size 9000: Test acc 88.46
Max confidence value:  tensor(0.5945, device='cuda:0')
Mean confidence value:  tensor(0.4835, device='cuda:0')
Labeled classified:  0.4748888888888889
Unlabeled classified:  0.6534
Total classified:  0.5688421052631579
10000 11 49995
>> Train a Model.
>> Finished.
Trial 4/5 || Cycle 10/10 || Label set size 10000: Test acc 88.95
Finished.
Files already downloaded and verified
Files already downloaded and verified
Files already downloaded and verified
>> Train a Model.
>> Finished.
Trial 5/5 || Cycle 1/10 || Label set size 1000: Test acc 45.62
Max confidence value:  tensor(0.6167, device='cuda:0')
Mean confidence value:  tensor(0.4277, device='cuda:0')
Labeled classified:  0.24
Unlabeled classified:  0.8984
Total classified:  0.8385454545454546
2000 19 49987
>> Train a Model.
>> Finished.
Trial 5/5 || Cycle 2/10 || Label set size 2000: Test acc 52.47
Max confidence value:  tensor(0.6914, device='cuda:0')
Mean confidence value:  tensor(0.4529, device='cuda:0')
Labeled classified:  0.45
Unlabeled classified:  0.7802
Total classified:  0.7251666666666666
3000 19 49987
>> Train a Model.
>> Finished.
Trial 5/5 || Cycle 3/10 || Label set size 3000: Test acc 68.82
Max confidence value:  tensor(0.7083, device='cuda:0')
Mean confidence value:  tensor(0.4478, device='cuda:0')
Labeled classified:  0.47433333333333333
Unlabeled classified:  0.7793
Total classified:  0.7089230769230769
4000 13 49999
>> Train a Model.
>> Finished.
Trial 5/5 || Cycle 4/10 || Label set size 4000: Test acc 75.07
Max confidence value:  tensor(0.6950, device='cuda:0')
Mean confidence value:  tensor(0.5262, device='cuda:0')
Labeled classified:  0.80425
Unlabeled classified:  0.4466
Total classified:  0.5487857142857143
5000 13 49999
>> Train a Model.
>> Finished.
Trial 5/5 || Cycle 5/10 || Label set size 5000: Test acc 75.18
Max confidence value:  tensor(0.5854, device='cuda:0')
Mean confidence value:  tensor(0.4951, device='cuda:0')
Labeled classified:  0.5952
Unlabeled classified:  0.5178
Total classified:  0.5436
6000 1 49999
>> Train a Model.
>> Finished.
Trial 5/5 || Cycle 6/10 || Label set size 6000: Test acc 81.0
Max confidence value:  tensor(0.7624, device='cuda:0')
Mean confidence value:  tensor(0.4820, device='cuda:0')
Labeled classified:  0.4985
Unlabeled classified:  0.7416
Total classified:  0.6504375
7000 1 49999
>> Train a Model.
>> Finished.
Trial 5/5 || Cycle 7/10 || Label set size 7000: Test acc 83.69
Max confidence value:  tensor(0.7299, device='cuda:0')
Mean confidence value:  tensor(0.4657, device='cuda:0')
Labeled classified:  0.3291428571428571
Unlabeled classified:  0.802
Total classified:  0.6072941176470589
8000 1 49999
>> Train a Model.
>> Finished.
Trial 5/5 || Cycle 8/10 || Label set size 8000: Test acc 85.27
Max confidence value:  tensor(0.6450, device='cuda:0')
Mean confidence value:  tensor(0.4344, device='cuda:0')
Labeled classified:  0.11775
Unlabeled classified:  0.9395
Total classified:  0.5742777777777778
9000 1 49999
>> Train a Model.
>> Finished.
Trial 5/5 || Cycle 9/10 || Label set size 9000: Test acc 87.73
Max confidence value:  tensor(0.5902, device='cuda:0')
Mean confidence value:  tensor(0.4266, device='cuda:0')
Labeled classified:  0.21322222222222223
Unlabeled classified:  0.8761
Total classified:  0.5621052631578948
10000 1 49999
>> Train a Model.
>> Finished.
Trial 5/5 || Cycle 10/10 || Label set size 10000: Test acc 88.25
Finished.
