==========================================
SLURM_CLUSTER_NAME = param-shivay
SLURM_JOB_ACCOUNT = comp_sci_engg
SLURM_JOB_ID = 715249
SLURM_JOB_NAME = base
SLURM_JOB_NODELIST = gpu010
SLURM_JOB_USER = tulika.mishra.cse19.iitbhu
SLURM_JOB_UID = 5483
SLURM_JOB_PARTITION = gpu
SLURM_TASK_PID = 193686
SLURM_SUBMIT_DIR = /home/tulika.mishra.cse19.iitbhu/btp/Sequential-GCN-for-Active-Learning
SLURM_CPUS_ON_NODE = 1
SLURM_NTASKS = 
SLURM_TASK_PID = 193686
==========================================
Dataset: cifar10
Method type:UncertainGCN
Files already downloaded and verified
Files already downloaded and verified
Files already downloaded and verified
>> Train a Model.
>> Finished.
Trial 1/5 || Cycle 1/10 || Label set size 1000: Test acc 46.55
Max confidence value:  tensor(nan, device='cuda:0')
Mean confidence value:  tensor(nan, device='cuda:0')
Labeled classified:  0.0
Unlabeled classified:  0.0
Total classified:  0.0
2000 9 49975
>> Train a Model.
>> Finished.
Trial 1/5 || Cycle 2/10 || Label set size 2000: Test acc 58.1
Max confidence value:  tensor(0.6337, device='cuda:0')
Mean confidence value:  tensor(0.4373, device='cuda:0')
Labeled classified:  0.142
Unlabeled classified:  0.9173
Total classified:  0.7880833333333334
3000 2 49991
>> Train a Model.
>> Finished.
Trial 1/5 || Cycle 3/10 || Label set size 3000: Test acc 65.64
Max confidence value:  tensor(0.5221, device='cuda:0')
Mean confidence value:  tensor(0.4470, device='cuda:0')
Labeled classified:  0.003
Unlabeled classified:  0.9994
Total classified:  0.7694615384615384
4000 2 49991
>> Train a Model.
