==========================================
SLURM_CLUSTER_NAME = param-shivay
SLURM_JOB_ACCOUNT = comp_sci_engg
SLURM_JOB_ID = 722283
SLURM_JOB_NAME = cifar10_2layer
SLURM_JOB_NODELIST = gpu011
SLURM_JOB_USER = tulika.mishra.cse19.iitbhu
SLURM_JOB_UID = 5483
SLURM_JOB_PARTITION = gpu
SLURM_TASK_PID = 58612
SLURM_SUBMIT_DIR = /home/tulika.mishra.cse19.iitbhu/btp/Sequential-GCN-for-Active-Learning
SLURM_CPUS_ON_NODE = 1
SLURM_NTASKS = 
SLURM_TASK_PID = 58612
==========================================
Dataset: cifar10
Method type:CoreGCN
Layers :2
Files already downloaded and verified
Files already downloaded and verified
Files already downloaded and verified
>> Train a Model.
>> Finished.
Trial 1/5 || Cycle 1/10 || Label set size 2000: Test acc 59.01
Getting transformed features...
Calculating distances...
Using flat_X as features.
Maximum distance from cluster centers is 0.34
Max confidence value:  tensor(0.8240, device='cuda:0')
Mean confidence value:  tensor(0.4202, device='cuda:0')
Labeled classified:  0.6085
Unlabeled classified:  0.7772
Total classified:  0.7490833333333333
4000 27 49991
>> Train a Model.
>> Finished.
Trial 1/5 || Cycle 2/10 || Label set size 4000: Test acc 77.55
Getting transformed features...
Calculating distances...
Using flat_X as features.
Maximum distance from cluster centers is 0.25
Max confidence value:  tensor(0.8139, device='cuda:0')
Mean confidence value:  tensor(0.4343, device='cuda:0')
Labeled classified:  0.5015
Unlabeled classified:  0.7994
Total classified:  0.7142857142857143
6000 27 49991
>> Train a Model.
>> Finished.
Trial 1/5 || Cycle 3/10 || Label set size 6000: Test acc 82.86
Getting transformed features...
Calculating distances...
Using flat_X as features.
Maximum distance from cluster centers is 0.20
Max confidence value:  tensor(0.7436, device='cuda:0')
Mean confidence value:  tensor(0.4452, device='cuda:0')
Labeled classified:  0.482
Unlabeled classified:  0.7806
Total classified:  0.668625
8000 13 49991
>> Train a Model.
>> Finished.
Trial 1/5 || Cycle 4/10 || Label set size 8000: Test acc 87.51
Getting transformed features...
Calculating distances...
Using flat_X as features.
Maximum distance from cluster centers is 0.18
Max confidence value:  tensor(0.7946, device='cuda:0')
Mean confidence value:  tensor(0.4528, device='cuda:0')
Labeled classified:  0.489875
Unlabeled classified:  0.7468
Total classified:  0.6326111111111111
10000 13 49996
>> Train a Model.
>> Finished.
Trial 1/5 || Cycle 5/10 || Label set size 10000: Test acc 89.1
Getting transformed features...
Calculating distances...
Using flat_X as features.
Maximum distance from cluster centers is 0.12
Max confidence value:  tensor(0.6778, device='cuda:0')
Mean confidence value:  tensor(0.4532, device='cuda:0')
Labeled classified:  0.4625
Unlabeled classified:  0.7157
Total classified:  0.5891
12000 13 49996
>> Train a Model.
>> Finished.
Trial 1/5 || Cycle 6/10 || Label set size 12000: Test acc 91.03
Getting transformed features...
Calculating distances...
Using flat_X as features.
Maximum distance from cluster centers is 0.12
Max confidence value:  tensor(0.7105, device='cuda:0')
Mean confidence value:  tensor(0.4604, device='cuda:0')
Labeled classified:  0.47241666666666665
Unlabeled classified:  0.7255
Total classified:  0.5874545454545455
14000 13 49996
>> Train a Model.
>> Finished.
Trial 1/5 || Cycle 7/10 || Label set size 14000: Test acc 91.94
Getting transformed features...
Calculating distances...
Using flat_X as features.
Maximum distance from cluster centers is 0.12
Max confidence value:  tensor(0.7513, device='cuda:0')
Mean confidence value:  tensor(0.4635, device='cuda:0')
Labeled classified:  0.5143571428571428
Unlabeled classified:  0.7192
Total classified:  0.5997083333333333
16000 13 49996
>> Train a Model.
>> Finished.
Trial 1/5 || Cycle 8/10 || Label set size 16000: Test acc 93.17
Getting transformed features...
Calculating distances...
Using flat_X as features.
Maximum distance from cluster centers is 0.10
Max confidence value:  tensor(0.7035, device='cuda:0')
Mean confidence value:  tensor(0.4691, device='cuda:0')
Labeled classified:  0.538625
Unlabeled classified:  0.6873
Total classified:  0.5958076923076923
18000 13 49999
>> Train a Model.
>> Finished.
Trial 1/5 || Cycle 9/10 || Label set size 18000: Test acc 93.72
Getting transformed features...
Calculating distances...
Using flat_X as features.
Maximum distance from cluster centers is 0.09
Max confidence value:  tensor(0.8054, device='cuda:0')
Mean confidence value:  tensor(0.4760, device='cuda:0')
Labeled classified:  0.5484444444444444
Unlabeled classified:  0.7255
Total classified:  0.6116785714285714
20000 0 49999
>> Train a Model.
>> Finished.
Trial 1/5 || Cycle 10/10 || Label set size 20000: Test acc 94.09
Finished.
Files already downloaded and verified
Files already downloaded and verified
Files already downloaded and verified
>> Train a Model.
>> Finished.
Trial 2/5 || Cycle 1/10 || Label set size 2000: Test acc 55.72
Getting transformed features...
Calculating distances...
Using flat_X as features.
Maximum distance from cluster centers is 0.23
Max confidence value:  tensor(0.6546, device='cuda:0')
Mean confidence value:  tensor(0.4316, device='cuda:0')
Labeled classified:  0.2865
Unlabeled classified:  0.9023
Total classified:  0.7996666666666666
4000 0 49988
>> Train a Model.
>> Finished.
Trial 2/5 || Cycle 2/10 || Label set size 4000: Test acc 79.35
Getting transformed features...
Calculating distances...
Using flat_X as features.
Maximum distance from cluster centers is 0.25
Max confidence value:  tensor(0.7904, device='cuda:0')
Mean confidence value:  tensor(0.4384, device='cuda:0')
Labeled classified:  0.444
Unlabeled classified:  0.7952
Total classified:  0.6948571428571428
6000 0 49996
>> Train a Model.
>> Finished.
Trial 2/5 || Cycle 3/10 || Label set size 6000: Test acc 84.89
Getting transformed features...
Calculating distances...
Using flat_X as features.
Maximum distance from cluster centers is 0.19
Max confidence value:  tensor(0.7825, device='cuda:0')
Mean confidence value:  tensor(0.4463, device='cuda:0')
Labeled classified:  0.3855
Unlabeled classified:  0.83
Total classified:  0.6633125
8000 0 49996
>> Train a Model.
>> Finished.
Trial 2/5 || Cycle 4/10 || Label set size 8000: Test acc 87.78
Getting transformed features...
Calculating distances...
Using flat_X as features.
Maximum distance from cluster centers is 0.14
Max confidence value:  tensor(0.7172, device='cuda:0')
Mean confidence value:  tensor(0.4528, device='cuda:0')
Labeled classified:  0.393375
Unlabeled classified:  0.7761
Total classified:  0.606
10000 0 49996
>> Train a Model.
>> Finished.
Trial 2/5 || Cycle 5/10 || Label set size 10000: Test acc 87.84
Getting transformed features...
Calculating distances...
Using flat_X as features.
Maximum distance from cluster centers is 0.16
Max confidence value:  tensor(0.7611, device='cuda:0')
Mean confidence value:  tensor(0.4584, device='cuda:0')
Labeled classified:  0.4341
Unlabeled classified:  0.759
Total classified:  0.59655
12000 0 49996
>> Train a Model.
>> Finished.
Trial 2/5 || Cycle 6/10 || Label set size 12000: Test acc 91.36
Getting transformed features...
Calculating distances...
Using flat_X as features.
Maximum distance from cluster centers is 0.12
Max confidence value:  tensor(0.7154, device='cuda:0')
Mean confidence value:  tensor(0.4610, device='cuda:0')
Labeled classified:  0.49883333333333335
Unlabeled classified:  0.7229
Total classified:  0.6006818181818182
14000 0 49996
>> Train a Model.
>> Finished.
Trial 2/5 || Cycle 7/10 || Label set size 14000: Test acc 91.84
Getting transformed features...
Calculating distances...
Using flat_X as features.
Maximum distance from cluster centers is 0.11
Max confidence value:  tensor(0.7715, device='cuda:0')
Mean confidence value:  tensor(0.4628, device='cuda:0')
Labeled classified:  0.4397142857142857
Unlabeled classified:  0.7556
Total classified:  0.5713333333333334
16000 0 49996
>> Train a Model.
>> Finished.
Trial 2/5 || Cycle 8/10 || Label set size 16000: Test acc 92.84
Getting transformed features...
Calculating distances...
Using flat_X as features.
Maximum distance from cluster centers is 0.11
Max confidence value:  tensor(0.8046, device='cuda:0')
Mean confidence value:  tensor(0.4678, device='cuda:0')
Labeled classified:  0.4903125
Unlabeled classified:  0.7432
Total classified:  0.5875769230769231
18000 0 49996
>> Train a Model.
>> Finished.
Trial 2/5 || Cycle 9/10 || Label set size 18000: Test acc 92.7
Getting transformed features...
Calculating distances...
Using flat_X as features.
Maximum distance from cluster centers is 0.11
Max confidence value:  tensor(0.7884, device='cuda:0')
Mean confidence value:  tensor(0.4713, device='cuda:0')
Labeled classified:  0.5150555555555556
Unlabeled classified:  0.753
Total classified:  0.6000357142857143
20000 0 49996
>> Train a Model.
>> Finished.
Trial 2/5 || Cycle 10/10 || Label set size 20000: Test acc 93.7
Finished.
Files already downloaded and verified
Files already downloaded and verified
Files already downloaded and verified
>> Train a Model.
>> Finished.
Trial 3/5 || Cycle 1/10 || Label set size 2000: Test acc 55.19
Getting transformed features...
Calculating distances...
Using flat_X as features.
Maximum distance from cluster centers is 0.30
Max confidence value:  tensor(0.7003, device='cuda:0')
Mean confidence value:  tensor(0.4235, device='cuda:0')
Labeled classified:  0.456
Unlabeled classified:  0.843
Total classified:  0.7785
4000 11 49999
>> Train a Model.
>> Finished.
Trial 3/5 || Cycle 2/10 || Label set size 4000: Test acc 73.7
Getting transformed features...
Calculating distances...
Using flat_X as features.
Maximum distance from cluster centers is 0.20
Max confidence value:  tensor(0.7424, device='cuda:0')
Mean confidence value:  tensor(0.4350, device='cuda:0')
Labeled classified:  0.3745
Unlabeled classified:  0.8554
Total classified:  0.718
6000 11 49999
>> Train a Model.
>> Finished.
Trial 3/5 || Cycle 3/10 || Label set size 6000: Test acc 83.41
Getting transformed features...
Calculating distances...
Using flat_X as features.
Maximum distance from cluster centers is 0.20
Max confidence value:  tensor(0.7051, device='cuda:0')
Mean confidence value:  tensor(0.4434, device='cuda:0')
Labeled classified:  0.45866666666666667
Unlabeled classified:  0.7842
Total classified:  0.662125
8000 11 49999
>> Train a Model.
>> Finished.
Trial 3/5 || Cycle 4/10 || Label set size 8000: Test acc 86.9
Getting transformed features...
Calculating distances...
Using flat_X as features.
Maximum distance from cluster centers is 0.15
Max confidence value:  tensor(0.7479, device='cuda:0')
Mean confidence value:  tensor(0.4533, device='cuda:0')
Labeled classified:  0.411625
Unlabeled classified:  0.778
Total classified:  0.6151666666666666
10000 11 49999
>> Train a Model.
>> Finished.
Trial 3/5 || Cycle 5/10 || Label set size 10000: Test acc 89.98
Getting transformed features...
Calculating distances...
Using flat_X as features.
Maximum distance from cluster centers is 0.13
Max confidence value:  tensor(0.7160, device='cuda:0')
Mean confidence value:  tensor(0.4573, device='cuda:0')
Labeled classified:  0.4213
Unlabeled classified:  0.7693
Total classified:  0.5953
12000 11 49999
>> Train a Model.
>> Finished.
Trial 3/5 || Cycle 6/10 || Label set size 12000: Test acc 91.94
Getting transformed features...
Calculating distances...
Using flat_X as features.
Maximum distance from cluster centers is 0.12
Max confidence value:  tensor(0.7508, device='cuda:0')
Mean confidence value:  tensor(0.4615, device='cuda:0')
Labeled classified:  0.4698333333333333
Unlabeled classified:  0.747
Total classified:  0.5958181818181818
14000 11 49999
>> Train a Model.
>> Finished.
Trial 3/5 || Cycle 7/10 || Label set size 14000: Test acc 92.2
Getting transformed features...
Calculating distances...
Using flat_X as features.
Maximum distance from cluster centers is 0.13
Max confidence value:  tensor(0.7616, device='cuda:0')
Mean confidence value:  tensor(0.4661, device='cuda:0')
Labeled classified:  0.4957142857142857
Unlabeled classified:  0.7347
Total classified:  0.5952916666666667
16000 11 49999
>> Train a Model.
>> Finished.
Trial 3/5 || Cycle 8/10 || Label set size 16000: Test acc 93.05
Getting transformed features...
Calculating distances...
Using flat_X as features.
Maximum distance from cluster centers is 0.11
Max confidence value:  tensor(0.8084, device='cuda:0')
Mean confidence value:  tensor(0.4696, device='cuda:0')
Labeled classified:  0.5404375
Unlabeled classified:  0.7343
Total classified:  0.615
18000 11 49999
>> Train a Model.
>> Finished.
Trial 3/5 || Cycle 9/10 || Label set size 18000: Test acc 93.64
Getting transformed features...
Calculating distances...
Using flat_X as features.
Maximum distance from cluster centers is 0.10
Max confidence value:  tensor(0.8072, device='cuda:0')
Mean confidence value:  tensor(0.4761, device='cuda:0')
Labeled classified:  0.5554444444444444
Unlabeled classified:  0.7335
Total classified:  0.6190357142857142
20000 11 49999
>> Train a Model.
>> Finished.
Trial 3/5 || Cycle 10/10 || Label set size 20000: Test acc 93.84
Finished.
Files already downloaded and verified
Files already downloaded and verified
Files already downloaded and verified
>> Train a Model.
>> Finished.
Trial 4/5 || Cycle 1/10 || Label set size 2000: Test acc 55.12
Getting transformed features...
Calculating distances...
Using flat_X as features.
Maximum distance from cluster centers is 0.28
Max confidence value:  tensor(0.7444, device='cuda:0')
Mean confidence value:  tensor(0.4202, device='cuda:0')
Labeled classified:  0.4805
Unlabeled classified:  0.8415
Total classified:  0.7813333333333333
4000 6 49996
>> Train a Model.
>> Finished.
Trial 4/5 || Cycle 2/10 || Label set size 4000: Test acc 75.74
Getting transformed features...
Calculating distances...
Using flat_X as features.
Maximum distance from cluster centers is 0.23
Max confidence value:  tensor(0.7661, device='cuda:0')
Mean confidence value:  tensor(0.4325, device='cuda:0')
Labeled classified:  0.44275
Unlabeled classified:  0.7938
Total classified:  0.6935
6000 6 49996
>> Train a Model.
>> Finished.
Trial 4/5 || Cycle 3/10 || Label set size 6000: Test acc 84.9
Getting transformed features...
Calculating distances...
Using flat_X as features.
Maximum distance from cluster centers is 0.18
Max confidence value:  tensor(0.6803, device='cuda:0')
Mean confidence value:  tensor(0.4482, device='cuda:0')
Labeled classified:  0.3566666666666667
Unlabeled classified:  0.8213
Total classified:  0.6470625
8000 6 49999
>> Train a Model.
>> Finished.
Trial 4/5 || Cycle 4/10 || Label set size 8000: Test acc 86.96
Getting transformed features...
Calculating distances...
Using flat_X as features.
Maximum distance from cluster centers is 0.16
Max confidence value:  tensor(0.7117, device='cuda:0')
Mean confidence value:  tensor(0.4529, device='cuda:0')
Labeled classified:  0.328125
Unlabeled classified:  0.8242
Total classified:  0.6037222222222223
10000 6 49999
>> Train a Model.
>> Finished.
Trial 4/5 || Cycle 5/10 || Label set size 10000: Test acc 89.67
Getting transformed features...
Calculating distances...
Using flat_X as features.
Maximum distance from cluster centers is 0.12
Max confidence value:  tensor(0.7076, device='cuda:0')
Mean confidence value:  tensor(0.4596, device='cuda:0')
Labeled classified:  0.4266
Unlabeled classified:  0.7639
Total classified:  0.59525
12000 6 49999
>> Train a Model.
>> Finished.
Trial 4/5 || Cycle 6/10 || Label set size 12000: Test acc 91.53
Getting transformed features...
Calculating distances...
Using flat_X as features.
Maximum distance from cluster centers is 0.12
Max confidence value:  tensor(0.7284, device='cuda:0')
Mean confidence value:  tensor(0.4594, device='cuda:0')
Labeled classified:  0.4645
Unlabeled classified:  0.7417
Total classified:  0.5905
14000 6 49999
>> Train a Model.
>> Finished.
Trial 4/5 || Cycle 7/10 || Label set size 14000: Test acc 92.17
Getting transformed features...
Calculating distances...
Using flat_X as features.
Maximum distance from cluster centers is 0.10
Max confidence value:  tensor(0.7169, device='cuda:0')
Mean confidence value:  tensor(0.4622, device='cuda:0')
Labeled classified:  0.4707857142857143
Unlabeled classified:  0.7242
Total classified:  0.576375
16000 6 49999
>> Train a Model.
>> Finished.
Trial 4/5 || Cycle 8/10 || Label set size 16000: Test acc 93.24
Getting transformed features...
Calculating distances...
Using flat_X as features.
Maximum distance from cluster centers is 0.09
Max confidence value:  tensor(0.7879, device='cuda:0')
Mean confidence value:  tensor(0.4676, device='cuda:0')
Labeled classified:  0.5063125
Unlabeled classified:  0.7362
Total classified:  0.5947307692307693
18000 0 49999
>> Train a Model.
>> Finished.
Trial 4/5 || Cycle 9/10 || Label set size 18000: Test acc 93.23
Getting transformed features...
Calculating distances...
Using flat_X as features.
Maximum distance from cluster centers is 0.11
Max confidence value:  tensor(0.7271, device='cuda:0')
Mean confidence value:  tensor(0.4721, device='cuda:0')
Labeled classified:  0.5498888888888889
Unlabeled classified:  0.7104
Total classified:  0.6072142857142857
20000 0 49999
>> Train a Model.
>> Finished.
Trial 4/5 || Cycle 10/10 || Label set size 20000: Test acc 93.97
Finished.
Files already downloaded and verified
Files already downloaded and verified
Files already downloaded and verified
>> Train a Model.
>> Finished.
Trial 5/5 || Cycle 1/10 || Label set size 2000: Test acc 57.73
Getting transformed features...
Calculating distances...
Using flat_X as features.
Maximum distance from cluster centers is 0.26
Max confidence value:  tensor(0.7039, device='cuda:0')
Mean confidence value:  tensor(0.4266, device='cuda:0')
Labeled classified:  0.4155
Unlabeled classified:  0.8538
Total classified:  0.78075
4000 27 49985
>> Train a Model.
>> Finished.
Trial 5/5 || Cycle 2/10 || Label set size 4000: Test acc 73.63
Getting transformed features...
Calculating distances...
Using flat_X as features.
Maximum distance from cluster centers is 0.23
Max confidence value:  tensor(0.7399, device='cuda:0')
Mean confidence value:  tensor(0.4373, device='cuda:0')
Labeled classified:  0.413
Unlabeled classified:  0.8369
Total classified:  0.7157857142857142
6000 13 49985
>> Train a Model.
>> Finished.
Trial 5/5 || Cycle 3/10 || Label set size 6000: Test acc 82.69
Getting transformed features...
Calculating distances...
Using flat_X as features.
Maximum distance from cluster centers is 0.21
Max confidence value:  tensor(0.8021, device='cuda:0')
Mean confidence value:  tensor(0.4443, device='cuda:0')
Labeled classified:  0.39666666666666667
Unlabeled classified:  0.826
Total classified:  0.665
8000 6 49985
>> Train a Model.
>> Finished.
Trial 5/5 || Cycle 4/10 || Label set size 8000: Test acc 87.01
Getting transformed features...
Calculating distances...
Using flat_X as features.
Maximum distance from cluster centers is 0.16
Max confidence value:  tensor(0.7751, device='cuda:0')
Mean confidence value:  tensor(0.4522, device='cuda:0')
Labeled classified:  0.449375
Unlabeled classified:  0.7731
Total classified:  0.6292222222222222
10000 6 49988
>> Train a Model.
>> Finished.
Trial 5/5 || Cycle 5/10 || Label set size 10000: Test acc 89.18
Getting transformed features...
Calculating distances...
Using flat_X as features.
Maximum distance from cluster centers is 0.13
Max confidence value:  tensor(0.7127, device='cuda:0')
Mean confidence value:  tensor(0.4564, device='cuda:0')
Labeled classified:  0.4478
Unlabeled classified:  0.7353
Total classified:  0.59155
12000 6 49997
>> Train a Model.
>> Finished.
Trial 5/5 || Cycle 6/10 || Label set size 12000: Test acc 90.7
Getting transformed features...
Calculating distances...
Using flat_X as features.
Maximum distance from cluster centers is 0.13
Max confidence value:  tensor(0.7240, device='cuda:0')
Mean confidence value:  tensor(0.4616, device='cuda:0')
Labeled classified:  0.5025833333333334
Unlabeled classified:  0.7196
Total classified:  0.6012272727272727
14000 6 49997
>> Train a Model.
>> Finished.
Trial 5/5 || Cycle 7/10 || Label set size 14000: Test acc 91.47
Getting transformed features...
Calculating distances...
Using flat_X as features.
Maximum distance from cluster centers is 0.11
Max confidence value:  tensor(0.6959, device='cuda:0')
Mean confidence value:  tensor(0.4644, device='cuda:0')
Labeled classified:  0.5053571428571428
Unlabeled classified:  0.7062
Total classified:  0.5890416666666667
16000 6 49997
>> Train a Model.
>> Finished.
Trial 5/5 || Cycle 8/10 || Label set size 16000: Test acc 93.15
Getting transformed features...
Calculating distances...
Using flat_X as features.
Maximum distance from cluster centers is 0.10
Max confidence value:  tensor(0.7676, device='cuda:0')
Mean confidence value:  tensor(0.4716, device='cuda:0')
Labeled classified:  0.5519375
Unlabeled classified:  0.7138
Total classified:  0.6141923076923077
18000 6 49997
>> Train a Model.
>> Finished.
Trial 5/5 || Cycle 9/10 || Label set size 18000: Test acc 93.7
Getting transformed features...
Calculating distances...
Using flat_X as features.
Maximum distance from cluster centers is 0.10
Max confidence value:  tensor(0.7662, device='cuda:0')
Mean confidence value:  tensor(0.4732, device='cuda:0')
Labeled classified:  0.5283333333333333
Unlabeled classified:  0.7323
Total classified:  0.6011785714285715
20000 3 49997
>> Train a Model.
>> Finished.
Trial 5/5 || Cycle 10/10 || Label set size 20000: Test acc 93.75
Finished.
