==========================================
SLURM_CLUSTER_NAME = param-shivay
SLURM_JOB_ACCOUNT = comp_sci_engg
SLURM_JOB_ID = 721975
SLURM_JOB_NAME = cifar10_6layer
SLURM_JOB_NODELIST = gpu010
SLURM_JOB_USER = tulika.mishra.cse19.iitbhu
SLURM_JOB_UID = 5483
SLURM_JOB_PARTITION = gpu
SLURM_TASK_PID = 10168
SLURM_SUBMIT_DIR = /home/tulika.mishra.cse19.iitbhu/btp/Sequential-GCN-for-Active-Learning
SLURM_CPUS_ON_NODE = 1
SLURM_NTASKS = 
SLURM_TASK_PID = 10168
==========================================
Dataset: cifar10
Method type:CoreGCN
Layers :6
Files already downloaded and verified
Files already downloaded and verified
Files already downloaded and verified
>> Train a Model.
>> Finished.
Trial 1/5 || Cycle 1/10 || Label set size 2000: Test acc 62.51
Getting transformed features...
Calculating distances...
Using flat_X as features.
Maximum distance from cluster centers is 0.45
Max confidence value:  tensor(0.9999, device='cuda:0')
Mean confidence value:  tensor(0.2430, device='cuda:0')
Labeled classified:  0.9745
Unlabeled classified:  0.9359
Total classified:  0.9423333333333334
4000 45 49984
>> Train a Model.
>> Finished.
Trial 1/5 || Cycle 2/10 || Label set size 4000: Test acc 76.72
Getting transformed features...
Calculating distances...
Using flat_X as features.
Maximum distance from cluster centers is 0.46
Max confidence value:  tensor(0.9991, device='cuda:0')
Mean confidence value:  tensor(0.3604, device='cuda:0')
Labeled classified:  0.85
Unlabeled classified:  0.8715
Total classified:  0.8653571428571428
6000 21 49984
>> Train a Model.
>> Finished.
Trial 1/5 || Cycle 3/10 || Label set size 6000: Test acc 83.56
Getting transformed features...
Calculating distances...
Using flat_X as features.
Maximum distance from cluster centers is 0.50
Max confidence value:  tensor(0.9970, device='cuda:0')
Mean confidence value:  tensor(0.4494, device='cuda:0')
Labeled classified:  0.7883333333333333
Unlabeled classified:  0.7469
Total classified:  0.7624375
8000 21 49984
>> Train a Model.
>> Finished.
Trial 1/5 || Cycle 4/10 || Label set size 8000: Test acc 87.3
Getting transformed features...
Calculating distances...
Using flat_X as features.
Maximum distance from cluster centers is 0.55
Max confidence value:  tensor(0.9920, device='cuda:0')
Mean confidence value:  tensor(0.4616, device='cuda:0')
Labeled classified:  0.75475
Unlabeled classified:  0.7657
Total classified:  0.7608333333333334
10000 21 49999
>> Train a Model.
>> Finished.
Trial 1/5 || Cycle 5/10 || Label set size 10000: Test acc 88.05
Getting transformed features...
Calculating distances...
Using flat_X as features.
Maximum distance from cluster centers is 0.57
Max confidence value:  tensor(0.9962, device='cuda:0')
Mean confidence value:  tensor(0.4787, device='cuda:0')
Labeled classified:  0.7675
Unlabeled classified:  0.827
Total classified:  0.79725
12000 21 49999
>> Train a Model.
>> Finished.
Trial 1/5 || Cycle 6/10 || Label set size 12000: Test acc 91.31
Getting transformed features...
Calculating distances...
Using flat_X as features.
Maximum distance from cluster centers is 0.41
Max confidence value:  tensor(0.9959, device='cuda:0')
Mean confidence value:  tensor(0.4787, device='cuda:0')
Labeled classified:  0.6901666666666667
Unlabeled classified:  0.7938
Total classified:  0.7372727272727273
14000 17 49999
>> Train a Model.
>> Finished.
Trial 1/5 || Cycle 7/10 || Label set size 14000: Test acc 92.46
Getting transformed features...
Calculating distances...
Using flat_X as features.
Maximum distance from cluster centers is 0.36
Max confidence value:  tensor(0.9946, device='cuda:0')
Mean confidence value:  tensor(0.4906, device='cuda:0')
Labeled classified:  0.6546428571428572
Unlabeled classified:  0.7343
Total classified:  0.6878333333333333
16000 17 49999
>> Train a Model.
>> Finished.
Trial 1/5 || Cycle 8/10 || Label set size 16000: Test acc 93.29
Getting transformed features...
Calculating distances...
Using flat_X as features.
Maximum distance from cluster centers is 0.32
Max confidence value:  tensor(0.9927, device='cuda:0')
Mean confidence value:  tensor(0.5110, device='cuda:0')
Labeled classified:  0.6544375
Unlabeled classified:  0.7799
Total classified:  0.7026923076923077
18000 17 49999
>> Train a Model.
>> Finished.
Trial 1/5 || Cycle 9/10 || Label set size 18000: Test acc 93.32
Getting transformed features...
Calculating distances...
Using flat_X as features.
Maximum distance from cluster centers is 0.31
Max confidence value:  tensor(0.9936, device='cuda:0')
Mean confidence value:  tensor(0.4975, device='cuda:0')
Labeled classified:  0.6756666666666666
Unlabeled classified:  0.8227
Total classified:  0.7281785714285715
20000 17 49999
>> Train a Model.
>> Finished.
Trial 1/5 || Cycle 10/10 || Label set size 20000: Test acc 93.7
Finished.
Files already downloaded and verified
Files already downloaded and verified
Files already downloaded and verified
>> Train a Model.
>> Finished.
Trial 2/5 || Cycle 1/10 || Label set size 2000: Test acc 60.97
Getting transformed features...
Calculating distances...
Using flat_X as features.
Maximum distance from cluster centers is 0.43
Max confidence value:  tensor(1.0000, device='cuda:0')
Mean confidence value:  tensor(0.2239, device='cuda:0')
Labeled classified:  0.998
Unlabeled classified:  0.9752
Total classified:  0.979
4000 2 49999
>> Train a Model.
>> Finished.
Trial 2/5 || Cycle 2/10 || Label set size 4000: Test acc 75.79
Getting transformed features...
Calculating distances...
Using flat_X as features.
Maximum distance from cluster centers is 0.48
Max confidence value:  tensor(0.9999, device='cuda:0')
Mean confidence value:  tensor(0.3719, device='cuda:0')
Labeled classified:  0.91925
Unlabeled classified:  0.8627
Total classified:  0.8788571428571429
6000 2 49999
>> Train a Model.
>> Finished.
Trial 2/5 || Cycle 3/10 || Label set size 6000: Test acc 81.49
Getting transformed features...
Calculating distances...
Using flat_X as features.
Maximum distance from cluster centers is 0.52
Max confidence value:  tensor(0.9974, device='cuda:0')
Mean confidence value:  tensor(0.3957, device='cuda:0')
Labeled classified:  0.7423333333333333
Unlabeled classified:  0.8312
Total classified:  0.797875
8000 2 49999
>> Train a Model.
>> Finished.
Trial 2/5 || Cycle 4/10 || Label set size 8000: Test acc 87.24
Getting transformed features...
Calculating distances...
Using flat_X as features.
Maximum distance from cluster centers is 0.54
Max confidence value:  tensor(0.9986, device='cuda:0')
Mean confidence value:  tensor(0.4454, device='cuda:0')
Labeled classified:  0.696625
Unlabeled classified:  0.8061
Total classified:  0.7574444444444445
10000 2 49999
>> Train a Model.
>> Finished.
Trial 2/5 || Cycle 5/10 || Label set size 10000: Test acc 88.68
Getting transformed features...
Calculating distances...
Using flat_X as features.
Maximum distance from cluster centers is 0.50
Max confidence value:  tensor(0.9982, device='cuda:0')
Mean confidence value:  tensor(0.4669, device='cuda:0')
Labeled classified:  0.7081
Unlabeled classified:  0.8281
Total classified:  0.7681
12000 2 49999
>> Train a Model.
>> Finished.
Trial 2/5 || Cycle 6/10 || Label set size 12000: Test acc 91.02
Getting transformed features...
Calculating distances...
Using flat_X as features.
Maximum distance from cluster centers is 0.46
Max confidence value:  tensor(0.9943, device='cuda:0')
Mean confidence value:  tensor(0.4930, device='cuda:0')
Labeled classified:  0.7210833333333333
Unlabeled classified:  0.7809
Total classified:  0.7482727272727273
14000 2 49999
>> Train a Model.
>> Finished.
Trial 2/5 || Cycle 7/10 || Label set size 14000: Test acc 92.1
Getting transformed features...
Calculating distances...
Using flat_X as features.
Maximum distance from cluster centers is 0.35
Max confidence value:  tensor(0.9922, device='cuda:0')
Mean confidence value:  tensor(0.4736, device='cuda:0')
Labeled classified:  0.6461428571428571
Unlabeled classified:  0.8175
Total classified:  0.7175416666666666
16000 2 49999
>> Train a Model.
>> Finished.
Trial 2/5 || Cycle 8/10 || Label set size 16000: Test acc 93.03
Getting transformed features...
Calculating distances...
Using flat_X as features.
Maximum distance from cluster centers is 0.30
Max confidence value:  tensor(0.9774, device='cuda:0')
Mean confidence value:  tensor(0.4906, device='cuda:0')
Labeled classified:  0.6540625
Unlabeled classified:  0.7981
Total classified:  0.7094615384615385
18000 2 49999
>> Train a Model.
>> Finished.
Trial 2/5 || Cycle 9/10 || Label set size 18000: Test acc 93.34
Getting transformed features...
Calculating distances...
Using flat_X as features.
Maximum distance from cluster centers is 0.27
Max confidence value:  tensor(0.9881, device='cuda:0')
Mean confidence value:  tensor(0.4889, device='cuda:0')
Labeled classified:  0.6374444444444445
Unlabeled classified:  0.8149
Total classified:  0.7008214285714286
20000 2 49999
>> Train a Model.
>> Finished.
Trial 2/5 || Cycle 10/10 || Label set size 20000: Test acc 93.77
Finished.
Files already downloaded and verified
Files already downloaded and verified
Files already downloaded and verified
>> Train a Model.
>> Finished.
Trial 3/5 || Cycle 1/10 || Label set size 2000: Test acc 61.55
Getting transformed features...
Calculating distances...
Using flat_X as features.
Maximum distance from cluster centers is 0.32
Max confidence value:  tensor(0.9993, device='cuda:0')
Mean confidence value:  tensor(0.2606, device='cuda:0')
Labeled classified:  0.905
Unlabeled classified:  0.9239
Total classified:  0.92075
4000 6 49967
>> Train a Model.
>> Finished.
Trial 3/5 || Cycle 2/10 || Label set size 4000: Test acc 68.96
Getting transformed features...
Calculating distances...
Using flat_X as features.
Maximum distance from cluster centers is 0.42
Max confidence value:  tensor(1.0000, device='cuda:0')
Mean confidence value:  tensor(0.3627, device='cuda:0')
Labeled classified:  0.88175
Unlabeled classified:  0.8825
Total classified:  0.8822857142857143
6000 6 49967
>> Train a Model.
>> Finished.
Trial 3/5 || Cycle 3/10 || Label set size 6000: Test acc 84.39
Getting transformed features...
Calculating distances...
Using flat_X as features.
Maximum distance from cluster centers is 0.50
Max confidence value:  tensor(0.9907, device='cuda:0')
Mean confidence value:  tensor(0.4144, device='cuda:0')
Labeled classified:  0.7545
Unlabeled classified:  0.7914
Total classified:  0.7775625
8000 6 49991
>> Train a Model.
>> Finished.
Trial 3/5 || Cycle 4/10 || Label set size 8000: Test acc 86.62
Getting transformed features...
Calculating distances...
Using flat_X as features.
Maximum distance from cluster centers is 0.54
Max confidence value:  tensor(0.9969, device='cuda:0')
Mean confidence value:  tensor(0.4633, device='cuda:0')
Labeled classified:  0.7765
Unlabeled classified:  0.8061
Total classified:  0.7929444444444445
10000 0 49999
>> Train a Model.
>> Finished.
Trial 3/5 || Cycle 5/10 || Label set size 10000: Test acc 89.26
Getting transformed features...
Calculating distances...
Using flat_X as features.
Maximum distance from cluster centers is 0.50
Max confidence value:  tensor(0.9980, device='cuda:0')
Mean confidence value:  tensor(0.4587, device='cuda:0')
Labeled classified:  0.6839
Unlabeled classified:  0.8186
Total classified:  0.75125
12000 0 49999
>> Train a Model.
>> Finished.
Trial 3/5 || Cycle 6/10 || Label set size 12000: Test acc 90.47
Getting transformed features...
Calculating distances...
Using flat_X as features.
Maximum distance from cluster centers is 0.46
Max confidence value:  tensor(0.9953, device='cuda:0')
Mean confidence value:  tensor(0.5050, device='cuda:0')
Labeled classified:  0.728
Unlabeled classified:  0.7248
Total classified:  0.7265454545454545
14000 0 49999
>> Train a Model.
>> Finished.
Trial 3/5 || Cycle 7/10 || Label set size 14000: Test acc 91.97
Getting transformed features...
Calculating distances...
Using flat_X as features.
Maximum distance from cluster centers is 0.36
Max confidence value:  tensor(0.9879, device='cuda:0')
Mean confidence value:  tensor(0.4990, device='cuda:0')
Labeled classified:  0.7099285714285715
Unlabeled classified:  0.7711
Total classified:  0.7354166666666667
16000 0 49999
>> Train a Model.
>> Finished.
Trial 3/5 || Cycle 8/10 || Label set size 16000: Test acc 92.64
Getting transformed features...
Calculating distances...
Using flat_X as features.
Maximum distance from cluster centers is 0.33
Max confidence value:  tensor(0.9955, device='cuda:0')
Mean confidence value:  tensor(0.5145, device='cuda:0')
Labeled classified:  0.6896875
Unlabeled classified:  0.7566
Total classified:  0.7154230769230769
18000 0 49999
>> Train a Model.
>> Finished.
Trial 3/5 || Cycle 9/10 || Label set size 18000: Test acc 93.71
Getting transformed features...
Calculating distances...
Using flat_X as features.
Maximum distance from cluster centers is 0.35
Max confidence value:  tensor(0.9958, device='cuda:0')
Mean confidence value:  tensor(0.5241, device='cuda:0')
Labeled classified:  0.7177777777777777
Unlabeled classified:  0.7898
Total classified:  0.7435
20000 0 49999
>> Train a Model.
>> Finished.
Trial 3/5 || Cycle 10/10 || Label set size 20000: Test acc 93.45
Finished.
Files already downloaded and verified
Files already downloaded and verified
Files already downloaded and verified
>> Train a Model.
>> Finished.
Trial 4/5 || Cycle 1/10 || Label set size 2000: Test acc 60.35
Getting transformed features...
Calculating distances...
Using flat_X as features.
Maximum distance from cluster centers is 0.41
Max confidence value:  tensor(1.0000, device='cuda:0')
Mean confidence value:  tensor(0.1995, device='cuda:0')
Labeled classified:  1.0
Unlabeled classified:  0.9967
Total classified:  0.99725
4000 9 49998
>> Train a Model.
>> Finished.
Trial 4/5 || Cycle 2/10 || Label set size 4000: Test acc 73.26
Getting transformed features...
Calculating distances...
Using flat_X as features.
Maximum distance from cluster centers is 0.49
Max confidence value:  tensor(0.9997, device='cuda:0')
Mean confidence value:  tensor(0.3554, device='cuda:0')
Labeled classified:  0.9075
Unlabeled classified:  0.8734
Total classified:  0.8831428571428571
6000 9 49998
>> Train a Model.
>> Finished.
Trial 4/5 || Cycle 3/10 || Label set size 6000: Test acc 80.34
Getting transformed features...
Calculating distances...
Using flat_X as features.
Maximum distance from cluster centers is 0.56
Max confidence value:  tensor(0.9984, device='cuda:0')
Mean confidence value:  tensor(0.4194, device='cuda:0')
Labeled classified:  0.8556666666666667
Unlabeled classified:  0.837
Total classified:  0.844
8000 9 49998
>> Train a Model.
>> Finished.
Trial 4/5 || Cycle 4/10 || Label set size 8000: Test acc 86.62
Getting transformed features...
Calculating distances...
Using flat_X as features.
Maximum distance from cluster centers is 0.53
Max confidence value:  tensor(0.9973, device='cuda:0')
Mean confidence value:  tensor(0.4557, device='cuda:0')
Labeled classified:  0.759375
Unlabeled classified:  0.7959
Total classified:  0.7796666666666666
10000 9 49998
>> Train a Model.
>> Finished.
Trial 4/5 || Cycle 5/10 || Label set size 10000: Test acc 89.06
Getting transformed features...
Calculating distances...
Using flat_X as features.
Maximum distance from cluster centers is 0.47
Max confidence value:  tensor(0.9980, device='cuda:0')
Mean confidence value:  tensor(0.4722, device='cuda:0')
Labeled classified:  0.6497
Unlabeled classified:  0.7866
Total classified:  0.71815
12000 9 49998
>> Train a Model.
>> Finished.
Trial 4/5 || Cycle 6/10 || Label set size 12000: Test acc 91.32
Getting transformed features...
Calculating distances...
Using flat_X as features.
Maximum distance from cluster centers is 0.43
Max confidence value:  tensor(0.9873, device='cuda:0')
Mean confidence value:  tensor(0.4726, device='cuda:0')
Labeled classified:  0.6594166666666667
Unlabeled classified:  0.7949
Total classified:  0.721
14000 9 49999
>> Train a Model.
>> Finished.
Trial 4/5 || Cycle 7/10 || Label set size 14000: Test acc 91.94
Getting transformed features...
Calculating distances...
Using flat_X as features.
Maximum distance from cluster centers is 0.35
Max confidence value:  tensor(0.9861, device='cuda:0')
Mean confidence value:  tensor(0.4528, device='cuda:0')
Labeled classified:  0.5963571428571428
Unlabeled classified:  0.8268
Total classified:  0.692375
16000 9 49999
>> Train a Model.
>> Finished.
Trial 4/5 || Cycle 8/10 || Label set size 16000: Test acc 92.94
Getting transformed features...
Calculating distances...
Using flat_X as features.
Maximum distance from cluster centers is 0.32
Max confidence value:  tensor(0.9911, device='cuda:0')
Mean confidence value:  tensor(0.5100, device='cuda:0')
Labeled classified:  0.6784375
Unlabeled classified:  0.7516
Total classified:  0.7065769230769231
18000 9 49999
>> Train a Model.
>> Finished.
Trial 4/5 || Cycle 9/10 || Label set size 18000: Test acc 93.55
Getting transformed features...
Calculating distances...
Using flat_X as features.
Maximum distance from cluster centers is 0.27
Max confidence value:  tensor(0.9962, device='cuda:0')
Mean confidence value:  tensor(0.5162, device='cuda:0')
Labeled classified:  0.676
Unlabeled classified:  0.7747
Total classified:  0.71125
20000 8 49999
>> Train a Model.
>> Finished.
Trial 4/5 || Cycle 10/10 || Label set size 20000: Test acc 94.11
Finished.
Files already downloaded and verified
Files already downloaded and verified
Files already downloaded and verified
>> Train a Model.
>> Finished.
Trial 5/5 || Cycle 1/10 || Label set size 2000: Test acc 55.0
Getting transformed features...
Calculating distances...
Using flat_X as features.
Maximum distance from cluster centers is 0.40
Max confidence value:  tensor(0.9999, device='cuda:0')
Mean confidence value:  tensor(0.2011, device='cuda:0')
Labeled classified:  0.9995
Unlabeled classified:  0.9977
Total classified:  0.998
4000 19 49991
>> Train a Model.
>> Finished.
Trial 5/5 || Cycle 2/10 || Label set size 4000: Test acc 70.6
Getting transformed features...
Calculating distances...
Using flat_X as features.
Maximum distance from cluster centers is 0.40
Max confidence value:  tensor(1.0000, device='cuda:0')
Mean confidence value:  tensor(0.3648, device='cuda:0')
Labeled classified:  0.96
Unlabeled classified:  0.8929
Total classified:  0.9120714285714285
6000 19 49991
>> Train a Model.
>> Finished.
Trial 5/5 || Cycle 3/10 || Label set size 6000: Test acc 82.86
Getting transformed features...
Calculating distances...
Using flat_X as features.
Maximum distance from cluster centers is 0.54
Max confidence value:  tensor(0.9869, device='cuda:0')
Mean confidence value:  tensor(0.4269, device='cuda:0')
Labeled classified:  0.7821666666666667
Unlabeled classified:  0.7972
Total classified:  0.7915625
8000 19 49991
>> Train a Model.
>> Finished.
Trial 5/5 || Cycle 4/10 || Label set size 8000: Test acc 85.58
Getting transformed features...
Calculating distances...
Using flat_X as features.
Maximum distance from cluster centers is 0.46
Max confidence value:  tensor(0.9893, device='cuda:0')
Mean confidence value:  tensor(0.4589, device='cuda:0')
Labeled classified:  0.721375
Unlabeled classified:  0.7435
Total classified:  0.7336666666666667
10000 19 49991
>> Train a Model.
>> Finished.
Trial 5/5 || Cycle 5/10 || Label set size 10000: Test acc 88.47
Getting transformed features...
Calculating distances...
Using flat_X as features.
Maximum distance from cluster centers is 0.49
Max confidence value:  tensor(0.9826, device='cuda:0')
Mean confidence value:  tensor(0.4688, device='cuda:0')
Labeled classified:  0.6942
Unlabeled classified:  0.7854
Total classified:  0.7398
12000 0 49994
>> Train a Model.
>> Finished.
Trial 5/5 || Cycle 6/10 || Label set size 12000: Test acc 89.83
Getting transformed features...
Calculating distances...
Using flat_X as features.
Maximum distance from cluster centers is 0.44
Max confidence value:  tensor(0.9937, device='cuda:0')
Mean confidence value:  tensor(0.4676, device='cuda:0')
Labeled classified:  0.6439166666666667
Unlabeled classified:  0.8191
Total classified:  0.7235454545454545
14000 0 49995
>> Train a Model.
>> Finished.
Trial 5/5 || Cycle 7/10 || Label set size 14000: Test acc 91.83
Getting transformed features...
Calculating distances...
Using flat_X as features.
Maximum distance from cluster centers is 0.37
Max confidence value:  tensor(0.9847, device='cuda:0')
Mean confidence value:  tensor(0.5123, device='cuda:0')
Labeled classified:  0.7027142857142857
Unlabeled classified:  0.7569
Total classified:  0.7252916666666667
16000 0 49996
>> Train a Model.
>> Finished.
Trial 5/5 || Cycle 8/10 || Label set size 16000: Test acc 92.9
Getting transformed features...
Calculating distances...
Using flat_X as features.
Maximum distance from cluster centers is 0.31
Max confidence value:  tensor(0.9813, device='cuda:0')
Mean confidence value:  tensor(0.4848, device='cuda:0')
Labeled classified:  0.6591875
Unlabeled classified:  0.8007
Total classified:  0.7136153846153847
18000 0 49996
>> Train a Model.
>> Finished.
Trial 5/5 || Cycle 9/10 || Label set size 18000: Test acc 93.4
Getting transformed features...
Calculating distances...
Using flat_X as features.
Maximum distance from cluster centers is 0.29
Max confidence value:  tensor(0.9927, device='cuda:0')
Mean confidence value:  tensor(0.5244, device='cuda:0')
Labeled classified:  0.6995
Unlabeled classified:  0.7651
Total classified:  0.7229285714285715
20000 0 49996
>> Train a Model.
>> Finished.
Trial 5/5 || Cycle 10/10 || Label set size 20000: Test acc 93.66
Finished.
