==========================================
SLURM_CLUSTER_NAME = param-shivay
SLURM_JOB_ACCOUNT = comp_sci_engg
SLURM_JOB_ID = 719349
SLURM_JOB_NAME = cifar100
SLURM_JOB_NODELIST = gpu004
SLURM_JOB_USER = tulika.mishra.cse19.iitbhu
SLURM_JOB_UID = 5483
SLURM_JOB_PARTITION = gpu
SLURM_TASK_PID = 53328
SLURM_SUBMIT_DIR = /home/tulika.mishra.cse19.iitbhu/btp/Sequential-GCN-for-Active-Learning
SLURM_CPUS_ON_NODE = 1
SLURM_NTASKS = 
SLURM_TASK_PID = 53328
==========================================
Dataset: cifar100
Method type:UncertainGCN
Downloading https://www.cs.toronto.edu/~kriz/cifar-100-python.tar.gz to ../cifar100/cifar-100-python.tar.gz
Extracting ../cifar100/cifar-100-python.tar.gz to ../cifar100
Files already downloaded and verified
Files already downloaded and verified
>> Train a Model.
>> Finished.
Trial 1/5 || Cycle 1/10 || Label set size 2000: Test acc 21.23
Max confidence value:  tensor(0.6922, device='cuda:0')
Mean confidence value:  tensor(0.4293, device='cuda:0')
Labeled classified:  0.2875
Unlabeled classified:  0.9015
Total classified:  0.7991666666666667
4000 18 49995
>> Train a Model.
>> Finished.
Trial 1/5 || Cycle 2/10 || Label set size 4000: Test acc 28.23
Max confidence value:  tensor(0.7140, device='cuda:0')
Mean confidence value:  tensor(0.4392, device='cuda:0')
Labeled classified:  0.35025
Unlabeled classified:  0.8338
Total classified:  0.6956428571428571
6000 14 49995
>> Train a Model.
>> Finished.
Trial 1/5 || Cycle 3/10 || Label set size 6000: Test acc 43.43
Max confidence value:  tensor(0.7681, device='cuda:0')
Mean confidence value:  tensor(0.4424, device='cuda:0')
Labeled classified:  0.3635
Unlabeled classified:  0.858
Total classified:  0.6725625
8000 0 49995
>> Train a Model.
>> Finished.
Trial 1/5 || Cycle 4/10 || Label set size 8000: Test acc 50.17
Max confidence value:  tensor(0.7285, device='cuda:0')
Mean confidence value:  tensor(0.4435, device='cuda:0')
Labeled classified:  0.351625
Unlabeled classified:  0.8715
Total classified:  0.6404444444444445
10000 0 49995
>> Train a Model.
>> Finished.
Trial 1/5 || Cycle 5/10 || Label set size 10000: Test acc 53.97
Max confidence value:  tensor(0.7154, device='cuda:0')
Mean confidence value:  tensor(0.4481, device='cuda:0')
Labeled classified:  0.2312
Unlabeled classified:  0.9064
Total classified:  0.5688
12000 0 49995
>> Train a Model.
>> Finished.
Trial 1/5 || Cycle 6/10 || Label set size 12000: Test acc 59.28
Max confidence value:  tensor(0.6928, device='cuda:0')
Mean confidence value:  tensor(0.4591, device='cuda:0')
Labeled classified:  0.29475
Unlabeled classified:  0.8753
Total classified:  0.5586363636363636
14000 0 49995
>> Train a Model.
>> Finished.
Trial 1/5 || Cycle 7/10 || Label set size 14000: Test acc 61.17
Max confidence value:  tensor(0.6737, device='cuda:0')
Mean confidence value:  tensor(0.4558, device='cuda:0')
Labeled classified:  0.26971428571428574
Unlabeled classified:  0.8791
Total classified:  0.523625
16000 0 49995
>> Train a Model.
>> Finished.
Trial 1/5 || Cycle 8/10 || Label set size 16000: Test acc 65.11
Max confidence value:  tensor(0.6061, device='cuda:0')
Mean confidence value:  tensor(0.4512, device='cuda:0')
Labeled classified:  0.1179375
Unlabeled classified:  0.9453
Total classified:  0.43615384615384617
18000 0 49995
>> Train a Model.
>> Finished.
Trial 1/5 || Cycle 9/10 || Label set size 18000: Test acc 66.11
Max confidence value:  tensor(0.6741, device='cuda:0')
Mean confidence value:  tensor(0.4575, device='cuda:0')
Labeled classified:  0.24905555555555556
Unlabeled classified:  0.8702
Total classified:  0.47089285714285717
20000 0 49995
>> Train a Model.
>> Finished.
Trial 1/5 || Cycle 10/10 || Label set size 20000: Test acc 67.3
Finished.
Files already downloaded and verified
Files already downloaded and verified
Files already downloaded and verified
>> Train a Model.
>> Finished.
Trial 2/5 || Cycle 1/10 || Label set size 2000: Test acc 19.69
Max confidence value:  tensor(0.7182, device='cuda:0')
Mean confidence value:  tensor(0.4004, device='cuda:0')
Labeled classified:  0.2405
Unlabeled classified:  0.9425
Total classified:  0.8255
4000 9 49989
>> Train a Model.
>> Finished.
Trial 2/5 || Cycle 2/10 || Label set size 4000: Test acc 30.86
Max confidence value:  tensor(0.7740, device='cuda:0')
Mean confidence value:  tensor(0.4415, device='cuda:0')
Labeled classified:  0.41575
Unlabeled classified:  0.8286
Total classified:  0.7106428571428571
6000 6 49993
>> Train a Model.
>> Finished.
Trial 2/5 || Cycle 3/10 || Label set size 6000: Test acc 42.67
Max confidence value:  tensor(0.7165, device='cuda:0')
Mean confidence value:  tensor(0.4427, device='cuda:0')
Labeled classified:  0.2825
Unlabeled classified:  0.8683
Total classified:  0.648625
8000 6 49993
>> Train a Model.
>> Finished.
Trial 2/5 || Cycle 4/10 || Label set size 8000: Test acc 49.54
Max confidence value:  tensor(0.7031, device='cuda:0')
Mean confidence value:  tensor(0.4400, device='cuda:0')
Labeled classified:  0.34
Unlabeled classified:  0.8808
Total classified:  0.6404444444444445
10000 6 49993
>> Train a Model.
>> Finished.
Trial 2/5 || Cycle 5/10 || Label set size 10000: Test acc 54.93
Max confidence value:  tensor(0.6382, device='cuda:0')
Mean confidence value:  tensor(0.4451, device='cuda:0')
Labeled classified:  0.1273
Unlabeled classified:  0.9425
Total classified:  0.5349
12000 2 49995
>> Train a Model.
>> Finished.
Trial 2/5 || Cycle 6/10 || Label set size 12000: Test acc 57.8
Max confidence value:  tensor(0.6658, device='cuda:0')
Mean confidence value:  tensor(0.4473, device='cuda:0')
Labeled classified:  0.19475
Unlabeled classified:  0.9175
Total classified:  0.5232727272727272
14000 2 49995
>> Train a Model.
>> Finished.
Trial 2/5 || Cycle 7/10 || Label set size 14000: Test acc 61.96
Max confidence value:  tensor(0.6408, device='cuda:0')
Mean confidence value:  tensor(0.4540, device='cuda:0')
Labeled classified:  0.24364285714285713
Unlabeled classified:  0.8961
Total classified:  0.5155
16000 2 49995
>> Train a Model.
>> Finished.
Trial 2/5 || Cycle 8/10 || Label set size 16000: Test acc 64.87
Max confidence value:  tensor(0.6662, device='cuda:0')
Mean confidence value:  tensor(0.4521, device='cuda:0')
Labeled classified:  0.2278125
Unlabeled classified:  0.9003
Total classified:  0.48646153846153845
18000 2 49995
>> Train a Model.
>> Finished.
Trial 2/5 || Cycle 9/10 || Label set size 18000: Test acc 66.57
Max confidence value:  tensor(0.7304, device='cuda:0')
Mean confidence value:  tensor(0.4747, device='cuda:0')
Labeled classified:  0.3851111111111111
Unlabeled classified:  0.8066
Total classified:  0.5356428571428572
20000 0 49995
>> Train a Model.
>> Finished.
Trial 2/5 || Cycle 10/10 || Label set size 20000: Test acc 67.95
Finished.
Files already downloaded and verified
Files already downloaded and verified
Files already downloaded and verified
>> Train a Model.
>> Finished.
Trial 3/5 || Cycle 1/10 || Label set size 2000: Test acc 21.45
Max confidence value:  tensor(0.6741, device='cuda:0')
Mean confidence value:  tensor(0.4233, device='cuda:0')
Labeled classified:  0.3755
Unlabeled classified:  0.8929
Total classified:  0.8066666666666666
4000 7 49976
>> Train a Model.
>> Finished.
Trial 3/5 || Cycle 2/10 || Label set size 4000: Test acc 29.52
Max confidence value:  tensor(0.7618, device='cuda:0')
Mean confidence value:  tensor(0.4273, device='cuda:0')
Labeled classified:  0.34675
Unlabeled classified:  0.8759
Total classified:  0.7247142857142858
6000 7 49976
>> Train a Model.
>> Finished.
Trial 3/5 || Cycle 3/10 || Label set size 6000: Test acc 41.38
Max confidence value:  tensor(0.7940, device='cuda:0')
Mean confidence value:  tensor(0.4448, device='cuda:0')
Labeled classified:  0.44033333333333335
Unlabeled classified:  0.8516
Total classified:  0.697375
8000 2 49976
>> Train a Model.
>> Finished.
Trial 3/5 || Cycle 4/10 || Label set size 8000: Test acc 47.43
Max confidence value:  tensor(0.6677, device='cuda:0')
Mean confidence value:  tensor(0.4479, device='cuda:0')
Labeled classified:  0.304375
Unlabeled classified:  0.8904
Total classified:  0.6299444444444444
10000 0 49976
>> Train a Model.
>> Finished.
Trial 3/5 || Cycle 5/10 || Label set size 10000: Test acc 53.86
Max confidence value:  tensor(0.6152, device='cuda:0')
Mean confidence value:  tensor(0.4492, device='cuda:0')
Labeled classified:  0.2041
Unlabeled classified:  0.9055
Total classified:  0.5548
12000 0 49996
>> Train a Model.
>> Finished.
Trial 3/5 || Cycle 6/10 || Label set size 12000: Test acc 59.45
Max confidence value:  tensor(0.6748, device='cuda:0')
Mean confidence value:  tensor(0.4504, device='cuda:0')
Labeled classified:  0.29533333333333334
Unlabeled classified:  0.8942
Total classified:  0.5675454545454546
14000 0 49996
>> Train a Model.
>> Finished.
Trial 3/5 || Cycle 7/10 || Label set size 14000: Test acc 62.06
Max confidence value:  tensor(0.6596, device='cuda:0')
Mean confidence value:  tensor(0.4454, device='cuda:0')
Labeled classified:  0.19585714285714287
Unlabeled classified:  0.9245
Total classified:  0.49945833333333334
16000 0 49996
>> Train a Model.
>> Finished.
Trial 3/5 || Cycle 8/10 || Label set size 16000: Test acc 64.12
Max confidence value:  tensor(0.6226, device='cuda:0')
Mean confidence value:  tensor(0.4519, device='cuda:0')
Labeled classified:  0.18275
Unlabeled classified:  0.9153
Total classified:  0.4645
18000 0 49996
>> Train a Model.
>> Finished.
Trial 3/5 || Cycle 9/10 || Label set size 18000: Test acc 65.73
Max confidence value:  tensor(0.5936, device='cuda:0')
Mean confidence value:  tensor(0.4552, device='cuda:0')
Labeled classified:  0.13111111111111112
Unlabeled classified:  0.9165
Total classified:  0.41160714285714284
20000 0 49996
>> Train a Model.
>> Finished.
Trial 3/5 || Cycle 10/10 || Label set size 20000: Test acc 67.66
Finished.
Files already downloaded and verified
Files already downloaded and verified
Files already downloaded and verified
>> Train a Model.
>> Finished.
Trial 4/5 || Cycle 1/10 || Label set size 2000: Test acc 21.1
Max confidence value:  tensor(0.6639, device='cuda:0')
Mean confidence value:  tensor(0.4282, device='cuda:0')
Labeled classified:  0.295
Unlabeled classified:  0.9087
Total classified:  0.8064166666666667
4000 15 49979
>> Train a Model.
>> Finished.
Trial 4/5 || Cycle 2/10 || Label set size 4000: Test acc 28.27
Max confidence value:  tensor(0.7789, device='cuda:0')
Mean confidence value:  tensor(0.4414, device='cuda:0')
Labeled classified:  0.38675
Unlabeled classified:  0.8463
Total classified:  0.715
6000 15 49994
>> Train a Model.
>> Finished.
Trial 4/5 || Cycle 3/10 || Label set size 6000: Test acc 42.78
Max confidence value:  tensor(0.7515, device='cuda:0')
Mean confidence value:  tensor(0.4206, device='cuda:0')
Labeled classified:  0.5973333333333334
Unlabeled classified:  0.8981
Total classified:  0.7853125
8000 15 49994
>> Train a Model.
>> Finished.
Trial 4/5 || Cycle 4/10 || Label set size 8000: Test acc 49.17
Max confidence value:  tensor(0.5995, device='cuda:0')
Mean confidence value:  tensor(0.4453, device='cuda:0')
Labeled classified:  0.078625
Unlabeled classified:  0.9598
Total classified:  0.5681666666666667
10000 3 49998
>> Train a Model.
>> Finished.
Trial 4/5 || Cycle 5/10 || Label set size 10000: Test acc 54.65
Max confidence value:  tensor(0.6904, device='cuda:0')
Mean confidence value:  tensor(0.4477, device='cuda:0')
Labeled classified:  0.2168
Unlabeled classified:  0.8859
Total classified:  0.55135
12000 3 49998
>> Train a Model.
>> Finished.
Trial 4/5 || Cycle 6/10 || Label set size 12000: Test acc 56.44
Max confidence value:  tensor(0.7233, device='cuda:0')
Mean confidence value:  tensor(0.4525, device='cuda:0')
Labeled classified:  0.31325
Unlabeled classified:  0.8689
Total classified:  0.5658181818181818
14000 0 49998
>> Train a Model.
>> Finished.
Trial 4/5 || Cycle 7/10 || Label set size 14000: Test acc 61.83
Max confidence value:  tensor(0.6671, device='cuda:0')
Mean confidence value:  tensor(0.4467, device='cuda:0')
Labeled classified:  0.26042857142857145
Unlabeled classified:  0.881
Total classified:  0.519
16000 0 49998
>> Train a Model.
>> Finished.
Trial 4/5 || Cycle 8/10 || Label set size 16000: Test acc 64.77
Max confidence value:  tensor(0.6224, device='cuda:0')
Mean confidence value:  tensor(0.4532, device='cuda:0')
Labeled classified:  0.2024375
Unlabeled classified:  0.9149
Total classified:  0.47646153846153844
18000 0 49999
>> Train a Model.
>> Finished.
Trial 4/5 || Cycle 9/10 || Label set size 18000: Test acc 66.01
Max confidence value:  tensor(0.6159, device='cuda:0')
Mean confidence value:  tensor(0.4540, device='cuda:0')
Labeled classified:  0.16894444444444445
Unlabeled classified:  0.8963
Total classified:  0.4287142857142857
20000 0 49999
>> Train a Model.
>> Finished.
Trial 4/5 || Cycle 10/10 || Label set size 20000: Test acc 67.69
Finished.
Files already downloaded and verified
Files already downloaded and verified
Files already downloaded and verified
>> Train a Model.
>> Finished.
Trial 5/5 || Cycle 1/10 || Label set size 2000: Test acc 19.74
Max confidence value:  tensor(0.7347, device='cuda:0')
Mean confidence value:  tensor(0.4248, device='cuda:0')
Labeled classified:  0.3855
Unlabeled classified:  0.8913
Total classified:  0.807
4000 19 49990
>> Train a Model.
>> Finished.
Trial 5/5 || Cycle 2/10 || Label set size 4000: Test acc 27.46
Max confidence value:  tensor(0.7229, device='cuda:0')
Mean confidence value:  tensor(0.4392, device='cuda:0')
Labeled classified:  0.3545
Unlabeled classified:  0.8475
Total classified:  0.7066428571428571
6000 19 49990
>> Train a Model.
>> Finished.
Trial 5/5 || Cycle 3/10 || Label set size 6000: Test acc 41.57
Max confidence value:  tensor(0.7646, device='cuda:0')
Mean confidence value:  tensor(0.4413, device='cuda:0')
Labeled classified:  0.29783333333333334
Unlabeled classified:  0.8902
Total classified:  0.6680625
8000 0 49998
>> Train a Model.
>> Finished.
Trial 5/5 || Cycle 4/10 || Label set size 8000: Test acc 48.61
Max confidence value:  tensor(0.6372, device='cuda:0')
Mean confidence value:  tensor(0.4409, device='cuda:0')
Labeled classified:  0.2335
Unlabeled classified:  0.9206
Total classified:  0.6152222222222222
10000 0 49998
>> Train a Model.
>> Finished.
Trial 5/5 || Cycle 5/10 || Label set size 10000: Test acc 54.2
Max confidence value:  tensor(0.6514, device='cuda:0')
Mean confidence value:  tensor(0.4493, device='cuda:0')
Labeled classified:  0.2035
Unlabeled classified:  0.9152
Total classified:  0.55935
12000 0 49998
>> Train a Model.
>> Finished.
Trial 5/5 || Cycle 6/10 || Label set size 12000: Test acc 58.09
Max confidence value:  tensor(0.6622, device='cuda:0')
Mean confidence value:  tensor(0.4509, device='cuda:0')
Labeled classified:  0.23866666666666667
Unlabeled classified:  0.9067
Total classified:  0.5423181818181818
14000 0 49998
>> Train a Model.
>> Finished.
Trial 5/5 || Cycle 7/10 || Label set size 14000: Test acc 62.21
Max confidence value:  tensor(0.6306, device='cuda:0')
Mean confidence value:  tensor(0.4507, device='cuda:0')
Labeled classified:  0.206
Unlabeled classified:  0.9099
Total classified:  0.4992916666666667
16000 0 49998
>> Train a Model.
>> Finished.
Trial 5/5 || Cycle 8/10 || Label set size 16000: Test acc 64.42
Max confidence value:  tensor(0.6528, device='cuda:0')
Mean confidence value:  tensor(0.4527, device='cuda:0')
Labeled classified:  0.1945
Unlabeled classified:  0.8925
Total classified:  0.4629615384615385
18000 0 49998
>> Train a Model.
>> Finished.
Trial 5/5 || Cycle 9/10 || Label set size 18000: Test acc 65.46
Max confidence value:  tensor(0.6233, device='cuda:0')
Mean confidence value:  tensor(0.4533, device='cuda:0')
Labeled classified:  0.18144444444444444
Unlabeled classified:  0.9002
Total classified:  0.43814285714285717
20000 0 49998
>> Train a Model.
>> Finished.
Trial 5/5 || Cycle 10/10 || Label set size 20000: Test acc 68.06
Finished.
