==========================================
SLURM_CLUSTER_NAME = param-shivay
SLURM_JOB_ACCOUNT = comp_sci_engg
SLURM_JOB_ID = 741767
SLURM_JOB_NAME = cifar10_4layer_SI
SLURM_JOB_NODELIST = gpu009
SLURM_JOB_USER = tulika.mishra.cse19.iitbhu
SLURM_JOB_UID = 5483
SLURM_JOB_PARTITION = gpu
SLURM_TASK_PID = 23606
SLURM_SUBMIT_DIR = /home/tulika.mishra.cse19.iitbhu/btp/Sequential-GCN-for-Active-Learning
SLURM_CPUS_ON_NODE = 1
SLURM_NTASKS = 
SLURM_TASK_PID = 23606
==========================================
Dataset: cifar10
Method type:UncertainGCN
Layers :4
Files already downloaded and verified
Files already downloaded and verified
Files already downloaded and verified
>> Train a Model.
>> Finished.
Trial 1/5 || Cycle 1/10 || Label set size 1000: Test acc 48.74
Max confidence value:  tensor(0.9927, device='cuda:0')
Mean confidence value:  tensor(0.2420, device='cuda:0')
Labeled classified:  0.947
Unlabeled classified:  0.8406
Total classified:  0.8502727272727273
2000 2 49999
>> Train a Model.
>> Finished.
Trial 1/5 || Cycle 2/10 || Label set size 2000: Test acc 58.39
Max confidence value:  tensor(0.9867, device='cuda:0')
Mean confidence value:  tensor(0.3113, device='cuda:0')
Labeled classified:  0.9145
Unlabeled classified:  0.77
Total classified:  0.7940833333333334
3000 2 49999
>> Train a Model.
>> Finished.
Trial 1/5 || Cycle 3/10 || Label set size 3000: Test acc 68.87
Max confidence value:  tensor(0.9666, device='cuda:0')
Mean confidence value:  tensor(0.3729, device='cuda:0')
Labeled classified:  0.8963333333333333
Unlabeled classified:  0.6849
Total classified:  0.7336923076923076
4000 2 49999
>> Train a Model.
>> Finished.
Trial 1/5 || Cycle 4/10 || Label set size 4000: Test acc 74.28
Max confidence value:  tensor(0.9654, device='cuda:0')
Mean confidence value:  tensor(0.3860, device='cuda:0')
Labeled classified:  0.798
Unlabeled classified:  0.7248
Total classified:  0.7457142857142857
5000 2 49999
>> Train a Model.
>> Finished.
Trial 1/5 || Cycle 5/10 || Label set size 5000: Test acc 80.12
Max confidence value:  tensor(0.9630, device='cuda:0')
Mean confidence value:  tensor(0.4372, device='cuda:0')
Labeled classified:  0.667
Unlabeled classified:  0.6875
Total classified:  0.6806666666666666
6000 2 49999
>> Train a Model.
>> Finished.
Trial 1/5 || Cycle 6/10 || Label set size 6000: Test acc 82.9
Max confidence value:  tensor(0.9422, device='cuda:0')
Mean confidence value:  tensor(0.4403, device='cuda:0')
Labeled classified:  0.7525
Unlabeled classified:  0.6416
Total classified:  0.6831875
7000 2 49999
>> Train a Model.
>> Finished.
Trial 1/5 || Cycle 7/10 || Label set size 7000: Test acc 83.71
Max confidence value:  tensor(0.9535, device='cuda:0')
Mean confidence value:  tensor(0.4434, device='cuda:0')
Labeled classified:  0.7315714285714285
Unlabeled classified:  0.7008
Total classified:  0.7134705882352941
8000 2 49999
>> Train a Model.
>> Finished.
Trial 1/5 || Cycle 8/10 || Label set size 8000: Test acc 86.94
Max confidence value:  tensor(0.9259, device='cuda:0')
Mean confidence value:  tensor(0.4503, device='cuda:0')
Labeled classified:  0.678625
Unlabeled classified:  0.707
Total classified:  0.6943888888888889
9000 2 49999
>> Train a Model.
>> Finished.
Trial 1/5 || Cycle 9/10 || Label set size 9000: Test acc 87.37
Max confidence value:  tensor(0.9659, device='cuda:0')
Mean confidence value:  tensor(0.4607, device='cuda:0')
Labeled classified:  0.6815555555555556
Unlabeled classified:  0.7104
Total classified:  0.6967368421052632
10000 0 49999
>> Train a Model.
>> Finished.
Trial 1/5 || Cycle 10/10 || Label set size 10000: Test acc 88.96
Finished.
Files already downloaded and verified
Files already downloaded and verified
Files already downloaded and verified
>> Train a Model.
>> Finished.
Trial 2/5 || Cycle 1/10 || Label set size 1000: Test acc 49.12
Max confidence value:  tensor(0.9939, device='cuda:0')
Mean confidence value:  tensor(0.2799, device='cuda:0')
Labeled classified:  0.851
Unlabeled classified:  0.7903
Total classified:  0.7958181818181819
2000 23 49991
>> Train a Model.
>> Finished.
Trial 2/5 || Cycle 2/10 || Label set size 2000: Test acc 61.46
Max confidence value:  tensor(0.9880, device='cuda:0')
Mean confidence value:  tensor(0.3184, device='cuda:0')
Labeled classified:  0.9265
Unlabeled classified:  0.7592
Total classified:  0.7870833333333334
3000 15 49991
>> Train a Model.
>> Finished.
Trial 2/5 || Cycle 3/10 || Label set size 3000: Test acc 69.9
Max confidence value:  tensor(0.9748, device='cuda:0')
Mean confidence value:  tensor(0.3645, device='cuda:0')
Labeled classified:  0.8613333333333333
Unlabeled classified:  0.7358
Total classified:  0.7647692307692308
4000 15 49991
>> Train a Model.
>> Finished.
Trial 2/5 || Cycle 4/10 || Label set size 4000: Test acc 74.97
Max confidence value:  tensor(0.9822, device='cuda:0')
Mean confidence value:  tensor(0.4025, device='cuda:0')
Labeled classified:  0.81075
Unlabeled classified:  0.7059
Total classified:  0.7358571428571429
5000 15 49991
>> Train a Model.
>> Finished.
Trial 2/5 || Cycle 5/10 || Label set size 5000: Test acc 81.9
Max confidence value:  tensor(0.9200, device='cuda:0')
Mean confidence value:  tensor(0.4336, device='cuda:0')
Labeled classified:  0.6836
Unlabeled classified:  0.6539
Total classified:  0.6638
6000 15 49995
>> Train a Model.
>> Finished.
Trial 2/5 || Cycle 6/10 || Label set size 6000: Test acc 83.32
Max confidence value:  tensor(0.9776, device='cuda:0')
Mean confidence value:  tensor(0.4333, device='cuda:0')
Labeled classified:  0.7113333333333334
Unlabeled classified:  0.7113
Total classified:  0.7113125
7000 15 49996
>> Train a Model.
>> Finished.
Trial 2/5 || Cycle 7/10 || Label set size 7000: Test acc 83.85
Max confidence value:  tensor(0.9559, device='cuda:0')
Mean confidence value:  tensor(0.4593, device='cuda:0')
Labeled classified:  0.7501428571428571
Unlabeled classified:  0.667
Total classified:  0.7012352941176471
8000 15 49996
>> Train a Model.
>> Finished.
Trial 2/5 || Cycle 8/10 || Label set size 8000: Test acc 86.92
Max confidence value:  tensor(0.9314, device='cuda:0')
Mean confidence value:  tensor(0.4698, device='cuda:0')
Labeled classified:  0.742125
Unlabeled classified:  0.6524
Total classified:  0.6922777777777778
9000 15 49996
>> Train a Model.
>> Finished.
Trial 2/5 || Cycle 9/10 || Label set size 9000: Test acc 88.17
Max confidence value:  tensor(0.9367, device='cuda:0')
Mean confidence value:  tensor(0.4645, device='cuda:0')
Labeled classified:  0.6827777777777778
Unlabeled classified:  0.6935
Total classified:  0.6884210526315789
10000 15 49997
>> Train a Model.
>> Finished.
Trial 2/5 || Cycle 10/10 || Label set size 10000: Test acc 88.86
Finished.
Files already downloaded and verified
Files already downloaded and verified
Files already downloaded and verified
>> Train a Model.
>> Finished.
Trial 3/5 || Cycle 1/10 || Label set size 1000: Test acc 47.01
Max confidence value:  tensor(0.9912, device='cuda:0')
Mean confidence value:  tensor(0.2394, device='cuda:0')
Labeled classified:  0.966
Unlabeled classified:  0.8395
Total classified:  0.851
2000 6 49965
>> Train a Model.
>> Finished.
Trial 3/5 || Cycle 2/10 || Label set size 2000: Test acc 58.31
Max confidence value:  tensor(0.9907, device='cuda:0')
Mean confidence value:  tensor(0.3307, device='cuda:0')
Labeled classified:  0.9005
Unlabeled classified:  0.7511
Total classified:  0.776
3000 2 49965
>> Train a Model.
>> Finished.
Trial 3/5 || Cycle 3/10 || Label set size 3000: Test acc 69.42
Max confidence value:  tensor(0.9759, device='cuda:0')
Mean confidence value:  tensor(0.3681, device='cuda:0')
Labeled classified:  0.8616666666666667
Unlabeled classified:  0.6956
Total classified:  0.7339230769230769
4000 2 49965
>> Train a Model.
>> Finished.
Trial 3/5 || Cycle 4/10 || Label set size 4000: Test acc 78.14
Max confidence value:  tensor(0.9610, device='cuda:0')
Mean confidence value:  tensor(0.3984, device='cuda:0')
Labeled classified:  0.81425
Unlabeled classified:  0.6921
Total classified:  0.727
5000 2 49986
>> Train a Model.
>> Finished.
Trial 3/5 || Cycle 5/10 || Label set size 5000: Test acc 81.05
Max confidence value:  tensor(0.9302, device='cuda:0')
Mean confidence value:  tensor(0.4260, device='cuda:0')
Labeled classified:  0.6718
Unlabeled classified:  0.702
Total classified:  0.6919333333333333
6000 2 49987
>> Train a Model.
>> Finished.
Trial 3/5 || Cycle 6/10 || Label set size 6000: Test acc 81.41
Max confidence value:  tensor(0.9562, device='cuda:0')
Mean confidence value:  tensor(0.4355, device='cuda:0')
Labeled classified:  0.7756666666666666
Unlabeled classified:  0.6847
Total classified:  0.7188125
7000 2 49987
>> Train a Model.
>> Finished.
Trial 3/5 || Cycle 7/10 || Label set size 7000: Test acc 83.63
Max confidence value:  tensor(0.9448, device='cuda:0')
Mean confidence value:  tensor(0.4528, device='cuda:0')
Labeled classified:  0.7448571428571429
Unlabeled classified:  0.6821
Total classified:  0.7079411764705882
8000 2 49999
>> Train a Model.
>> Finished.
Trial 3/5 || Cycle 8/10 || Label set size 8000: Test acc 87.41
Max confidence value:  tensor(0.9392, device='cuda:0')
Mean confidence value:  tensor(0.4503, device='cuda:0')
Labeled classified:  0.66375
Unlabeled classified:  0.7046
Total classified:  0.6864444444444444
9000 2 49999
>> Train a Model.
>> Finished.
Trial 3/5 || Cycle 9/10 || Label set size 9000: Test acc 88.51
Max confidence value:  tensor(0.9588, device='cuda:0')
Mean confidence value:  tensor(0.4691, device='cuda:0')
Labeled classified:  0.6974444444444444
Unlabeled classified:  0.6972
Total classified:  0.6973157894736842
10000 2 49999
>> Train a Model.
>> Finished.
Trial 3/5 || Cycle 10/10 || Label set size 10000: Test acc 88.57
Finished.
Files already downloaded and verified
Files already downloaded and verified
Files already downloaded and verified
>> Train a Model.
>> Finished.
Trial 4/5 || Cycle 1/10 || Label set size 1000: Test acc 47.45
Max confidence value:  tensor(0.9862, device='cuda:0')
Mean confidence value:  tensor(0.2380, device='cuda:0')
Labeled classified:  0.963
Unlabeled classified:  0.8526
Total classified:  0.8626363636363636
2000 23 49972
>> Train a Model.
>> Finished.
Trial 4/5 || Cycle 2/10 || Label set size 2000: Test acc 57.99
Max confidence value:  tensor(0.9930, device='cuda:0')
Mean confidence value:  tensor(0.3025, device='cuda:0')
Labeled classified:  0.884
Unlabeled classified:  0.8017
Total classified:  0.8154166666666667
3000 23 49972
>> Train a Model.
>> Finished.
Trial 4/5 || Cycle 3/10 || Label set size 3000: Test acc 65.33
Max confidence value:  tensor(0.9873, device='cuda:0')
Mean confidence value:  tensor(0.3609, device='cuda:0')
Labeled classified:  0.9006666666666666
Unlabeled classified:  0.7238
Total classified:  0.7646153846153846
4000 23 49974
>> Train a Model.
>> Finished.
Trial 4/5 || Cycle 4/10 || Label set size 4000: Test acc 76.05
Max confidence value:  tensor(0.9737, device='cuda:0')
Mean confidence value:  tensor(0.3950, device='cuda:0')
Labeled classified:  0.8055
Unlabeled classified:  0.6995
Total classified:  0.7297857142857143
5000 15 49990
>> Train a Model.
>> Finished.
Trial 4/5 || Cycle 5/10 || Label set size 5000: Test acc 79.44
Max confidence value:  tensor(0.9626, device='cuda:0')
Mean confidence value:  tensor(0.4314, device='cuda:0')
Labeled classified:  0.711
Unlabeled classified:  0.6632
Total classified:  0.6791333333333334
6000 15 49990
>> Train a Model.
>> Finished.
Trial 4/5 || Cycle 6/10 || Label set size 6000: Test acc 82.34
Max confidence value:  tensor(0.9604, device='cuda:0')
Mean confidence value:  tensor(0.4223, device='cuda:0')
Labeled classified:  0.7025
Unlabeled classified:  0.7081
Total classified:  0.706
7000 13 49990
>> Train a Model.
>> Finished.
Trial 4/5 || Cycle 7/10 || Label set size 7000: Test acc 86.03
Max confidence value:  tensor(0.9708, device='cuda:0')
Mean confidence value:  tensor(0.4439, device='cuda:0')
Labeled classified:  0.7037142857142857
Unlabeled classified:  0.6779
Total classified:  0.6885294117647058
8000 13 49990
>> Train a Model.
>> Finished.
Trial 4/5 || Cycle 8/10 || Label set size 8000: Test acc 86.99
Max confidence value:  tensor(0.9157, device='cuda:0')
Mean confidence value:  tensor(0.4546, device='cuda:0')
Labeled classified:  0.69875
Unlabeled classified:  0.6904
Total classified:  0.6941111111111111
9000 13 49995
>> Train a Model.
>> Finished.
Trial 4/5 || Cycle 9/10 || Label set size 9000: Test acc 88.22
Max confidence value:  tensor(0.9492, device='cuda:0')
Mean confidence value:  tensor(0.4637, device='cuda:0')
Labeled classified:  0.6731111111111111
Unlabeled classified:  0.6888
Total classified:  0.6813684210526316
10000 13 49995
>> Train a Model.
>> Finished.
Trial 4/5 || Cycle 10/10 || Label set size 10000: Test acc 88.65
Finished.
Files already downloaded and verified
Files already downloaded and verified
Files already downloaded and verified
>> Train a Model.
>> Finished.
Trial 5/5 || Cycle 1/10 || Label set size 1000: Test acc 46.05
Max confidence value:  tensor(0.9894, device='cuda:0')
Mean confidence value:  tensor(0.2389, device='cuda:0')
Labeled classified:  0.937
Unlabeled classified:  0.8458
Total classified:  0.8540909090909091
2000 8 49999
>> Train a Model.
>> Finished.
Trial 5/5 || Cycle 2/10 || Label set size 2000: Test acc 58.41
Max confidence value:  tensor(0.9903, device='cuda:0')
Mean confidence value:  tensor(0.3214, device='cuda:0')
Labeled classified:  0.9135
Unlabeled classified:  0.7476
Total classified:  0.77525
3000 0 49999
>> Train a Model.
>> Finished.
Trial 5/5 || Cycle 3/10 || Label set size 3000: Test acc 64.61
Max confidence value:  tensor(0.9801, device='cuda:0')
Mean confidence value:  tensor(0.3598, device='cuda:0')
Labeled classified:  0.8803333333333333
Unlabeled classified:  0.7293
Total classified:  0.7641538461538462
4000 0 49999
>> Train a Model.
>> Finished.
Trial 5/5 || Cycle 4/10 || Label set size 4000: Test acc 74.38
Max confidence value:  tensor(0.9714, device='cuda:0')
Mean confidence value:  tensor(0.3953, device='cuda:0')
Labeled classified:  0.805
Unlabeled classified:  0.713
Total classified:  0.7392857142857143
5000 0 49999
>> Train a Model.
>> Finished.
Trial 5/5 || Cycle 5/10 || Label set size 5000: Test acc 80.48
Max confidence value:  tensor(0.9708, device='cuda:0')
Mean confidence value:  tensor(0.4291, device='cuda:0')
Labeled classified:  0.6724
Unlabeled classified:  0.698
Total classified:  0.6894666666666667
6000 0 49999
>> Train a Model.
>> Finished.
Trial 5/5 || Cycle 6/10 || Label set size 6000: Test acc 81.43
Max confidence value:  tensor(0.9533, device='cuda:0')
Mean confidence value:  tensor(0.4400, device='cuda:0')
Labeled classified:  0.7596666666666667
Unlabeled classified:  0.6909
Total classified:  0.7166875
7000 0 49999
>> Train a Model.
>> Finished.
Trial 5/5 || Cycle 7/10 || Label set size 7000: Test acc 85.29
Max confidence value:  tensor(0.9409, device='cuda:0')
Mean confidence value:  tensor(0.4507, device='cuda:0')
Labeled classified:  0.7152857142857143
Unlabeled classified:  0.6728
Total classified:  0.6902941176470588
8000 0 49999
>> Train a Model.
>> Finished.
Trial 5/5 || Cycle 8/10 || Label set size 8000: Test acc 87.8
Max confidence value:  tensor(0.9093, device='cuda:0')
Mean confidence value:  tensor(0.4527, device='cuda:0')
Labeled classified:  0.691625
Unlabeled classified:  0.6936
Total classified:  0.6927222222222222
9000 0 49999
>> Train a Model.
>> Finished.
Trial 5/5 || Cycle 9/10 || Label set size 9000: Test acc 87.32
Max confidence value:  tensor(0.9443, device='cuda:0')
Mean confidence value:  tensor(0.4589, device='cuda:0')
Labeled classified:  0.6454444444444445
Unlabeled classified:  0.695
Total classified:  0.6715263157894736
10000 0 49999
>> Train a Model.
>> Finished.
Trial 5/5 || Cycle 10/10 || Label set size 10000: Test acc 88.22
Finished.
