==========================================
SLURM_CLUSTER_NAME = param-shivay
SLURM_JOB_ACCOUNT = comp_sci_engg
SLURM_JOB_ID = 721721
SLURM_JOB_NAME = cifar10_4layer
SLURM_JOB_NODELIST = gpu004
SLURM_JOB_USER = tulika.mishra.cse19.iitbhu
SLURM_JOB_UID = 5483
SLURM_JOB_PARTITION = gpu
SLURM_TASK_PID = 163191
SLURM_SUBMIT_DIR = /home/tulika.mishra.cse19.iitbhu/btp/Sequential-GCN-for-Active-Learning
SLURM_CPUS_ON_NODE = 1
SLURM_NTASKS = 
SLURM_TASK_PID = 163191
==========================================
Dataset: cifar10
Method type:UncertainGCN
Layers :4
Files already downloaded and verified
Files already downloaded and verified
Files already downloaded and verified
>> Train a Model.
>> Finished.
Trial 1/5 || Cycle 1/10 || Label set size 2000: Test acc 53.87
Max confidence value:  tensor(0.9999, device='cuda:0')
Mean confidence value:  tensor(0.2380, device='cuda:0')
Labeled classified:  0.9515
Unlabeled classified:  0.9458
Total classified:  0.94675
4000 16 49987
>> Train a Model.
>> Finished.
Trial 1/5 || Cycle 2/10 || Label set size 4000: Test acc 72.63
Max confidence value:  tensor(0.9999, device='cuda:0')
Mean confidence value:  tensor(0.3682, device='cuda:0')
Labeled classified:  0.92175
Unlabeled classified:  0.852
Total classified:  0.8719285714285714
6000 13 49987
>> Train a Model.
>> Finished.
Trial 1/5 || Cycle 3/10 || Label set size 6000: Test acc 80.4
Max confidence value:  tensor(0.9932, device='cuda:0')
Mean confidence value:  tensor(0.4260, device='cuda:0')
Labeled classified:  0.8321666666666667
Unlabeled classified:  0.774
Total classified:  0.7958125
8000 9 49988
>> Train a Model.
>> Finished.
Trial 1/5 || Cycle 4/10 || Label set size 8000: Test acc 85.57
Max confidence value:  tensor(0.9802, device='cuda:0')
Mean confidence value:  tensor(0.4489, device='cuda:0')
Labeled classified:  0.736375
Unlabeled classified:  0.7631
Total classified:  0.7512222222222222
10000 9 49994
>> Train a Model.
>> Finished.
Trial 1/5 || Cycle 5/10 || Label set size 10000: Test acc 88.03
Max confidence value:  tensor(0.9774, device='cuda:0')
Mean confidence value:  tensor(0.4673, device='cuda:0')
Labeled classified:  0.7117
Unlabeled classified:  0.7622
Total classified:  0.73695
12000 9 49995
>> Train a Model.
>> Finished.
Trial 1/5 || Cycle 6/10 || Label set size 12000: Test acc 90.06
Max confidence value:  tensor(0.9669, device='cuda:0')
Mean confidence value:  tensor(0.4792, device='cuda:0')
Labeled classified:  0.65975
Unlabeled classified:  0.7357
Total classified:  0.6942727272727273
14000 9 49997
>> Train a Model.
>> Finished.
Trial 1/5 || Cycle 7/10 || Label set size 14000: Test acc 91.82
Max confidence value:  tensor(0.9491, device='cuda:0')
Mean confidence value:  tensor(0.4658, device='cuda:0')
Labeled classified:  0.5780714285714286
Unlabeled classified:  0.7824
Total classified:  0.6632083333333333
16000 9 49997
>> Train a Model.
>> Finished.
Trial 1/5 || Cycle 8/10 || Label set size 16000: Test acc 92.38
Max confidence value:  tensor(0.9850, device='cuda:0')
Mean confidence value:  tensor(0.4848, device='cuda:0')
Labeled classified:  0.5880625
Unlabeled classified:  0.7917
Total classified:  0.6663846153846154
18000 9 49999
>> Train a Model.
>> Finished.
Trial 1/5 || Cycle 9/10 || Label set size 18000: Test acc 93.14
Max confidence value:  tensor(0.9774, device='cuda:0')
Mean confidence value:  tensor(0.4856, device='cuda:0')
Labeled classified:  0.539
Unlabeled classified:  0.7764
Total classified:  0.6237857142857143
20000 3 49999
>> Train a Model.
>> Finished.
Trial 1/5 || Cycle 10/10 || Label set size 20000: Test acc 92.59
Finished.
Files already downloaded and verified
Files already downloaded and verified
Files already downloaded and verified
>> Train a Model.
>> Finished.
Trial 2/5 || Cycle 1/10 || Label set size 2000: Test acc 60.35
Max confidence value:  tensor(0.9999, device='cuda:0')
Mean confidence value:  tensor(0.2466, device='cuda:0')
Labeled classified:  0.9595
Unlabeled classified:  0.9366
Total classified:  0.9404166666666667
4000 3 49997
>> Train a Model.
>> Finished.
Trial 2/5 || Cycle 2/10 || Label set size 4000: Test acc 70.17
Max confidence value:  tensor(0.9982, device='cuda:0')
Mean confidence value:  tensor(0.3741, device='cuda:0')
Labeled classified:  0.912
Unlabeled classified:  0.8052
Total classified:  0.8357142857142857
6000 3 49999
>> Train a Model.
>> Finished.
Trial 2/5 || Cycle 3/10 || Label set size 6000: Test acc 80.37
Max confidence value:  tensor(0.9845, device='cuda:0')
Mean confidence value:  tensor(0.4289, device='cuda:0')
Labeled classified:  0.8343333333333334
Unlabeled classified:  0.7556
Total classified:  0.785125
8000 3 49999
>> Train a Model.
>> Finished.
Trial 2/5 || Cycle 4/10 || Label set size 8000: Test acc 86.75
Max confidence value:  tensor(0.9593, device='cuda:0')
Mean confidence value:  tensor(0.4565, device='cuda:0')
Labeled classified:  0.735375
Unlabeled classified:  0.6925
Total classified:  0.7115555555555556
10000 3 49999
>> Train a Model.
>> Finished.
Trial 2/5 || Cycle 5/10 || Label set size 10000: Test acc 88.08
Max confidence value:  tensor(0.9894, device='cuda:0')
Mean confidence value:  tensor(0.4711, device='cuda:0')
Labeled classified:  0.6813
Unlabeled classified:  0.7473
Total classified:  0.7143
12000 3 49999
>> Train a Model.
>> Finished.
Trial 2/5 || Cycle 6/10 || Label set size 12000: Test acc 90.96
Max confidence value:  tensor(0.9798, device='cuda:0')
Mean confidence value:  tensor(0.4871, device='cuda:0')
Labeled classified:  0.6776666666666666
Unlabeled classified:  0.7456
Total classified:  0.7085454545454546
14000 3 49999
>> Train a Model.
>> Finished.
Trial 2/5 || Cycle 7/10 || Label set size 14000: Test acc 91.59
Max confidence value:  tensor(0.9762, device='cuda:0')
Mean confidence value:  tensor(0.4912, device='cuda:0')
Labeled classified:  0.6246428571428572
Unlabeled classified:  0.7492
Total classified:  0.6765416666666667
16000 1 49999
>> Train a Model.
>> Finished.
Trial 2/5 || Cycle 8/10 || Label set size 16000: Test acc 92.64
Max confidence value:  tensor(0.9787, device='cuda:0')
Mean confidence value:  tensor(0.4656, device='cuda:0')
Labeled classified:  0.5348125
Unlabeled classified:  0.7607
Total classified:  0.6216923076923077
18000 1 49999
>> Train a Model.
>> Finished.
Trial 2/5 || Cycle 9/10 || Label set size 18000: Test acc 92.62
Max confidence value:  tensor(0.9788, device='cuda:0')
Mean confidence value:  tensor(0.4875, device='cuda:0')
Labeled classified:  0.5673333333333334
Unlabeled classified:  0.7881
Total classified:  0.6461785714285714
20000 1 49999
>> Train a Model.
>> Finished.
Trial 2/5 || Cycle 10/10 || Label set size 20000: Test acc 93.09
Finished.
Files already downloaded and verified
Files already downloaded and verified
Files already downloaded and verified
>> Train a Model.
>> Finished.
Trial 3/5 || Cycle 1/10 || Label set size 2000: Test acc 55.6
Max confidence value:  tensor(0.9999, device='cuda:0')
Mean confidence value:  tensor(0.2427, device='cuda:0')
Labeled classified:  0.9935
Unlabeled classified:  0.9418
Total classified:  0.9504166666666667
4000 2 49990
>> Train a Model.
>> Finished.
Trial 3/5 || Cycle 2/10 || Label set size 4000: Test acc 76.97
Max confidence value:  tensor(0.9969, device='cuda:0')
Mean confidence value:  tensor(0.3809, device='cuda:0')
Labeled classified:  0.81575
Unlabeled classified:  0.7644
Total classified:  0.7790714285714285
6000 2 49991
>> Train a Model.
>> Finished.
Trial 3/5 || Cycle 3/10 || Label set size 6000: Test acc 82.76
Max confidence value:  tensor(0.9829, device='cuda:0')
Mean confidence value:  tensor(0.4322, device='cuda:0')
Labeled classified:  0.7805
Unlabeled classified:  0.7335
Total classified:  0.751125
8000 0 49991
>> Train a Model.
>> Finished.
Trial 3/5 || Cycle 4/10 || Label set size 8000: Test acc 85.02
Max confidence value:  tensor(0.9936, device='cuda:0')
Mean confidence value:  tensor(0.4510, device='cuda:0')
Labeled classified:  0.740125
Unlabeled classified:  0.7933
Total classified:  0.7696666666666667
10000 0 49999
>> Train a Model.
>> Finished.
Trial 3/5 || Cycle 5/10 || Label set size 10000: Test acc 88.4
Max confidence value:  tensor(0.9798, device='cuda:0')
Mean confidence value:  tensor(0.4767, device='cuda:0')
Labeled classified:  0.7098
Unlabeled classified:  0.7493
Total classified:  0.72955
12000 0 49999
>> Train a Model.
>> Finished.
Trial 3/5 || Cycle 6/10 || Label set size 12000: Test acc 90.14
Max confidence value:  tensor(0.9859, device='cuda:0')
Mean confidence value:  tensor(0.4784, device='cuda:0')
Labeled classified:  0.6559166666666667
Unlabeled classified:  0.7818
Total classified:  0.7131363636363637
14000 0 49999
>> Train a Model.
>> Finished.
Trial 3/5 || Cycle 7/10 || Label set size 14000: Test acc 91.16
Max confidence value:  tensor(0.9841, device='cuda:0')
Mean confidence value:  tensor(0.4887, device='cuda:0')
Labeled classified:  0.6302857142857143
Unlabeled classified:  0.7471
Total classified:  0.6789583333333333
16000 0 49999
>> Train a Model.
>> Finished.
Trial 3/5 || Cycle 8/10 || Label set size 16000: Test acc 92.28
Max confidence value:  tensor(0.9815, device='cuda:0')
Mean confidence value:  tensor(0.4807, device='cuda:0')
Labeled classified:  0.562875
Unlabeled classified:  0.7991
Total classified:  0.6537307692307692
18000 0 49999
>> Train a Model.
>> Finished.
Trial 3/5 || Cycle 9/10 || Label set size 18000: Test acc 92.91
Max confidence value:  tensor(0.9680, device='cuda:0')
Mean confidence value:  tensor(0.4745, device='cuda:0')
Labeled classified:  0.5163333333333333
Unlabeled classified:  0.8073
Total classified:  0.62025
20000 0 49999
>> Train a Model.
>> Finished.
Trial 3/5 || Cycle 10/10 || Label set size 20000: Test acc 93.32
Finished.
Files already downloaded and verified
Files already downloaded and verified
Files already downloaded and verified
>> Train a Model.
>> Finished.
Trial 4/5 || Cycle 1/10 || Label set size 2000: Test acc 57.75
Max confidence value:  tensor(0.9999, device='cuda:0')
Mean confidence value:  tensor(0.2548, device='cuda:0')
Labeled classified:  0.9825
Unlabeled classified:  0.9255
Total classified:  0.935
4000 7 49991
>> Train a Model.
>> Finished.
Trial 4/5 || Cycle 2/10 || Label set size 4000: Test acc 75.54
Max confidence value:  tensor(0.9994, device='cuda:0')
Mean confidence value:  tensor(0.3773, device='cuda:0')
Labeled classified:  0.8715
Unlabeled classified:  0.7898
Total classified:  0.8131428571428572
6000 7 49991
>> Train a Model.
>> Finished.
Trial 4/5 || Cycle 3/10 || Label set size 6000: Test acc 79.32
Max confidence value:  tensor(0.9994, device='cuda:0')
Mean confidence value:  tensor(0.4225, device='cuda:0')
Labeled classified:  0.8283333333333334
Unlabeled classified:  0.8358
Total classified:  0.833
8000 7 49991
>> Train a Model.
>> Finished.
Trial 4/5 || Cycle 4/10 || Label set size 8000: Test acc 85.92
Max confidence value:  tensor(0.9894, device='cuda:0')
Mean confidence value:  tensor(0.4480, device='cuda:0')
Labeled classified:  0.725
Unlabeled classified:  0.7602
Total classified:  0.7445555555555555
10000 7 49995
>> Train a Model.
>> Finished.
Trial 4/5 || Cycle 5/10 || Label set size 10000: Test acc 88.45
Max confidence value:  tensor(0.9930, device='cuda:0')
Mean confidence value:  tensor(0.4770, device='cuda:0')
Labeled classified:  0.7016
Unlabeled classified:  0.7364
Total classified:  0.719
12000 7 49996
>> Train a Model.
>> Finished.
Trial 4/5 || Cycle 6/10 || Label set size 12000: Test acc 90.7
Max confidence value:  tensor(0.9781, device='cuda:0')
Mean confidence value:  tensor(0.4614, device='cuda:0')
Labeled classified:  0.633
Unlabeled classified:  0.7901
Total classified:  0.7044090909090909
14000 7 49996
>> Train a Model.
>> Finished.
Trial 4/5 || Cycle 7/10 || Label set size 14000: Test acc 91.43
Max confidence value:  tensor(0.9689, device='cuda:0')
Mean confidence value:  tensor(0.4817, device='cuda:0')
Labeled classified:  0.6367142857142857
Unlabeled classified:  0.7605
Total classified:  0.6882916666666666
16000 7 49998
>> Train a Model.
>> Finished.
Trial 4/5 || Cycle 8/10 || Label set size 16000: Test acc 92.05
Max confidence value:  tensor(0.9839, device='cuda:0')
Mean confidence value:  tensor(0.4729, device='cuda:0')
Labeled classified:  0.54925
Unlabeled classified:  0.7997
Total classified:  0.645576923076923
18000 7 49998
>> Train a Model.
>> Finished.
Trial 4/5 || Cycle 9/10 || Label set size 18000: Test acc 92.6
Max confidence value:  tensor(0.9562, device='cuda:0')
Mean confidence value:  tensor(0.4709, device='cuda:0')
Labeled classified:  0.5206111111111111
Unlabeled classified:  0.8032
Total classified:  0.6215357142857143
20000 7 49998
>> Train a Model.
>> Finished.
Trial 4/5 || Cycle 10/10 || Label set size 20000: Test acc 93.15
Finished.
Files already downloaded and verified
Files already downloaded and verified
Files already downloaded and verified
>> Train a Model.
>> Finished.
Trial 5/5 || Cycle 1/10 || Label set size 2000: Test acc 65.38
Max confidence value:  tensor(0.9995, device='cuda:0')
Mean confidence value:  tensor(0.2836, device='cuda:0')
Labeled classified:  0.97
Unlabeled classified:  0.8752
Total classified:  0.891
4000 8 49997
>> Train a Model.
>> Finished.
Trial 5/5 || Cycle 2/10 || Label set size 4000: Test acc 70.87
Max confidence value:  tensor(0.9998, device='cuda:0')
Mean confidence value:  tensor(0.3788, device='cuda:0')
Labeled classified:  0.8905
Unlabeled classified:  0.8169
Total classified:  0.8379285714285715
6000 8 49997
>> Train a Model.
>> Finished.
Trial 5/5 || Cycle 3/10 || Label set size 6000: Test acc 82.52
Max confidence value:  tensor(0.9691, device='cuda:0')
Mean confidence value:  tensor(0.4290, device='cuda:0')
Labeled classified:  0.7558333333333334
Unlabeled classified:  0.7397
Total classified:  0.74575
8000 8 49997
>> Train a Model.
>> Finished.
Trial 5/5 || Cycle 4/10 || Label set size 8000: Test acc 86.49
Max confidence value:  tensor(0.9696, device='cuda:0')
Mean confidence value:  tensor(0.4620, device='cuda:0')
Labeled classified:  0.7355
Unlabeled classified:  0.7161
Total classified:  0.7247222222222223
10000 8 49997
>> Train a Model.
>> Finished.
Trial 5/5 || Cycle 5/10 || Label set size 10000: Test acc 88.8
Max confidence value:  tensor(0.9740, device='cuda:0')
Mean confidence value:  tensor(0.4721, device='cuda:0')
Labeled classified:  0.6513
Unlabeled classified:  0.7475
Total classified:  0.6994
12000 8 49999
>> Train a Model.
>> Finished.
Trial 5/5 || Cycle 6/10 || Label set size 12000: Test acc 90.23
Max confidence value:  tensor(0.9853, device='cuda:0')
Mean confidence value:  tensor(0.4796, device='cuda:0')
Labeled classified:  0.6570833333333334
Unlabeled classified:  0.7787
Total classified:  0.7123636363636363
14000 8 49999
>> Train a Model.
>> Finished.
Trial 5/5 || Cycle 7/10 || Label set size 14000: Test acc 91.82
Max confidence value:  tensor(0.9715, device='cuda:0')
Mean confidence value:  tensor(0.4754, device='cuda:0')
Labeled classified:  0.5978571428571429
Unlabeled classified:  0.7853
Total classified:  0.6759583333333333
16000 8 49999
>> Train a Model.
>> Finished.
Trial 5/5 || Cycle 8/10 || Label set size 16000: Test acc 92.83
Max confidence value:  tensor(0.9781, device='cuda:0')
Mean confidence value:  tensor(0.4650, device='cuda:0')
Labeled classified:  0.536875
Unlabeled classified:  0.8177
Total classified:  0.6448846153846154
18000 8 49999
>> Train a Model.
>> Finished.
Trial 5/5 || Cycle 9/10 || Label set size 18000: Test acc 93.01
Max confidence value:  tensor(0.9845, device='cuda:0')
Mean confidence value:  tensor(0.5022, device='cuda:0')
Labeled classified:  0.5680555555555555
Unlabeled classified:  0.7115
Total classified:  0.6192857142857143
20000 1 49999
>> Train a Model.
>> Finished.
Trial 5/5 || Cycle 10/10 || Label set size 20000: Test acc 93.19
Finished.
